<?xml version="1.0" encoding="UTF-8"?>
<!-- Generated by org.testng.reporters.JUnitXMLReporter -->
<testsuite hostname="TR-JDGMXY2" failures="2" tests="11" name="DocumentDisplayTest" time="509.1" errors="0" timestamp="28 Oct 2020 02:09:42 GMT">
  <testcase classname="com.trgr.quality.maf.tests.DocumentDisplayTest" name="fontSizeChangesOnDocument" time="24.781"/>
  <testcase classname="com.trgr.quality.maf.tests.DocumentDisplayTest" name="documentDisplayForDoctrinaAndJurisprudence" time="59.248"/>
  <testcase classname="com.trgr.quality.maf.tests.DocumentDisplayTest" name="documentDisplayNavigationOptions" time="63.357"/>
  <testcase classname="com.trgr.quality.maf.tests.DocumentDisplayTest" name="resultListTabNaviagtionOptions" time="62.083"/>
  <testcase classname="com.trgr.quality.maf.tests.DocumentDisplayTest" name="highlightOfSearchTermOnDocDisplay" time="28.271"/>
  <testcase classname="com.trgr.quality.maf.tests.DocumentDisplayTest" name="navigationWithIndexOnDocDisplayforAll" time="32.04"/>
  <testcase classname="com.trgr.quality.maf.tests.DocumentDisplayTest" name="navigationUsingcontentTreeOnDocumentDisplay" time="108.232">
    <failure type="java.lang.AssertionError" message="The following asserts failed:
	Tree Content in Document Display:MAFQABANG-86 expected [true] but found [false],
	Tree Content in Document Display:MAFQABANG-86 expected [true] but found [false],
	Tree Content in Document Display:MAFQABANG-86 expected [true] but found [false]">
      <![CDATA[java.lang.AssertionError: The following asserts failed:
	Tree Content in Document Display:MAFQABANG-86 expected [true] but found [false],
	Tree Content in Document Display:MAFQABANG-86 expected [true] but found [false],
	Tree Content in Document Display:MAFQABANG-86 expected [true] but found [false]
	at com.trgr.quality.maf.tests.DocumentDisplayTest.navigationUsingcontentTreeOnDocumentDisplay(DocumentDisplayTest.java:1497)
... Removed 25 stack frames]]>
    </failure>
  </testcase> <!-- navigationUsingcontentTreeOnDocumentDisplay -->
  <testcase classname="com.trgr.quality.maf.tests.DocumentDisplayTest" name="searchResultsWidget" time="25.011"/>
  <testcase classname="com.trgr.quality.maf.tests.DocumentDisplayTest" name="secondLevelWidgetsForDoctrineAndLegislation" time="42.77">
    <failure type="java.lang.AssertionError" message="The following asserts failed:
	Second Level Facet:MAFQABANG-615 expected [true] but found [false],
	Second Level Facet:MAFQABANG-615 expected [true] but found [false]">
      <![CDATA[java.lang.AssertionError: The following asserts failed:
	Second Level Facet:MAFQABANG-615 expected [true] but found [false],
	Second Level Facet:MAFQABANG-615 expected [true] but found [false]
	at com.trgr.quality.maf.tests.DocumentDisplayTest.secondLevelWidgetsForDoctrineAndLegislation(DocumentDisplayTest.java:1732)
... Removed 25 stack frames]]>
    </failure>
  </testcase> <!-- secondLevelWidgetsForDoctrineAndLegislation -->
  <testcase classname="com.trgr.quality.maf.tests.DocumentDisplayTest" name="keywordsOnDocumentDisplay" time="19.632"/>
  <testcase classname="com.trgr.quality.maf.tests.DocumentDisplayTest" name="facteingOnResultList" time="17.703"/>
</testsuite> <!-- DocumentDisplayTest -->
