<?xml version="1.0" encoding="UTF-8"?>
<!-- Generated by org.testng.reporters.JUnitXMLReporter -->
<testsuite hostname="TR-JDGMXY2" failures="0" tests="4" name="HomeTest" time="49.376" errors="0" timestamp="28 Oct 2020 01:43:15 GMT">
  <testcase classname="com.trgr.quality.maf.tests.HomeTest" name="ApplicationVerificationpostlogin" time="4.508"/>
  <testcase classname="com.trgr.quality.maf.tests.HomeTest" name="courseAndSeminarExternalLinks" time="3.0"/>
  <testcase classname="com.trgr.quality.maf.tests.HomeTest" name="widgetsinhomepage" time="3.963"/>
  <testcase classname="com.trgr.quality.maf.tests.HomeTest" name="availableSearchOptionsInHomepage" time="10.558"/>
</testsuite> <!-- HomeTest -->
