<?xml version="1.0" encoding="UTF-8"?>
<!-- Generated by org.testng.reporters.JUnitXMLReporter -->
<testsuite hostname="TR-JDGMXY2" failures="0" tests="6" name="NewsTest" time="93.352" errors="0" timestamp="28 Oct 2020 02:27:18 GMT">
  <testcase classname="com.trgr.quality.maf.tests.NewsTest" name="SearchNewswithInvalidDateFormat" time="16.494"/>
  <testcase classname="com.trgr.quality.maf.tests.NewsTest" name="NewsResultsWithValidInput" time="11.76"/>
  <testcase classname="com.trgr.quality.maf.tests.NewsTest" name="ClearButtonInNewsSearch" time="3.318"/>
  <testcase classname="com.trgr.quality.maf.tests.NewsTest" name="searchNewsforNoResults" time="18.311"/>
  <testcase classname="com.trgr.quality.maf.tests.NewsTest" name="NewsPageValidation" time="1.177"/>
  <testcase classname="com.trgr.quality.maf.tests.NewsTest" name="SearchNewswithBlankInput" time="15.104"/>
</testsuite> <!-- NewsTest -->
