<?xml version="1.0" encoding="UTF-8"?>
<!-- Generated by org.testng.reporters.JUnitXMLReporter -->
<testsuite hostname="TR-JDGMXY2" failures="0" tests="9" name="SearchTest" time="279.91" errors="0" timestamp="28 Oct 2020 01:48:35 GMT">
  <testcase classname="com.trgr.quality.maf.tests.SearchTest" name="authorFilterLabelDisplayed" time="20.188"/>
  <testcase classname="com.trgr.quality.maf.tests.SearchTest" name="searchWithInDocumentDisplay" time="31.509"/>
  <testcase classname="com.trgr.quality.maf.tests.SearchTest" name="searchWithInSearchResults" time="19.665"/>
  <testcase classname="com.trgr.quality.maf.tests.SearchTest" name="displayOfSearchPage" time="44.193"/>
  <testcase classname="com.trgr.quality.maf.tests.SearchTest" name="modifySearchFromSearchResultsPage" time="26.015"/>
  <testcase classname="com.trgr.quality.maf.tests.SearchTest" name="newSearchFromSearchResultsPage" time="26.219"/>
  <testcase classname="com.trgr.quality.maf.tests.SearchTest" name="displayofSearchResultsBasedonContentTypeAll" time="20.087"/>
  <testcase classname="com.trgr.quality.maf.tests.SearchTest" name="searchwithnotestdataandvalidthematicvalue" time="46.181"/>
  <testcase classname="com.trgr.quality.maf.tests.SearchTest" name="SearchPageClearWithFreewordAndThematicKey" time="20.13"/>
</testsuite> <!-- SearchTest -->
