<?xml version="1.0" encoding="UTF-8"?>
<!-- Generated by org.testng.reporters.JUnitXMLReporter -->
<testsuite hostname="TR-JDGMXY2" failures="0" tests="4" name="ToolsTest" time="63.141" errors="0" timestamp="28 Oct 2020 02:30:07 GMT">
  <testcase classname="com.trgr.quality.maf.tests.ToolsTest" name="DisplayToolsTab" time="0.035"/>
  <testcase classname="com.trgr.quality.maf.tests.ToolsTest" name="WidgetsInToolstab" time="3.115"/>
  <testcase classname="com.trgr.quality.maf.tests.ToolsTest" name="CollapseAllWidgets" time="4.102"/>
  <testcase classname="com.trgr.quality.maf.tests.ToolsTest" name="ExpandAllWidgets" time="26.183"/>
</testsuite> <!-- ToolsTest -->
