<?xml version="1.0" encoding="UTF-8"?>
<!-- Generated by org.testng.reporters.JUnitXMLReporter -->
<testsuite ignored="15" hostname="TR-JDGMXY2" failures="0" tests="1" name="AlertTest" time="0.052" errors="0" timestamp="2021-02-23T16:08:16 ART">
  <testcase classname="com.trgr.quality.maf.tests.AlertTest" name="@BeforeClass startAlertTest" time="0.018">
    <failure type="java.lang.AssertionError" message="expected [true] but found [false]">
      <![CDATA[java.lang.AssertionError: expected [true] but found [false]
at com.trgr.quality.maf.tests.AlertTest.startAlertTest(AlertTest.java:82)
at java.base/java.util.ArrayList.forEach(ArrayList.java:1511)
... Removed 29 stack frames]]>
    </failure>
  </testcase> <!-- @BeforeClass startAlertTest -->
  <testcase classname="com.trgr.quality.maf.tests.AlertTest" name="CreateAlertFromSearchResultsforLegislationPage" time="0.0">
    <skipped/>
  </testcase> <!-- CreateAlertFromSearchResultsforLegislationPage -->
  <testcase classname="com.trgr.quality.maf.tests.AlertTest" name="emptyFieldsValidation" time="0.0">
    <ignored/>
  </testcase> <!-- emptyFieldsValidation -->
  <testcase classname="com.trgr.quality.maf.tests.AlertTest" name="createAnAlert" time="0.0">
    <ignored/>
  </testcase> <!-- createAnAlert -->
  <testcase classname="com.trgr.quality.maf.tests.AlertTest" name="predesignAlertsOnAlertCreatePage" time="0.0">
    <ignored/>
  </testcase> <!-- predesignAlertsOnAlertCreatePage -->
  <testcase classname="com.trgr.quality.maf.tests.AlertTest" name="createAlertFromSearchResultsOnLegislation" time="0.0">
    <ignored/>
  </testcase> <!-- createAlertFromSearchResultsOnLegislation -->
  <testcase classname="com.trgr.quality.maf.tests.AlertTest" name="modifyAnExistingAlert" time="0.0">
    <ignored/>
  </testcase> <!-- modifyAnExistingAlert -->
  <testcase classname="com.trgr.quality.maf.tests.AlertTest" name="reactivateAnExistingAlert" time="0.0">
    <ignored/>
  </testcase> <!-- reactivateAnExistingAlert -->
  <testcase classname="com.trgr.quality.maf.tests.AlertTest" name="CreateAlertFromSearchResultsFromDoctrine" time="0.0">
    <ignored/>
  </testcase> <!-- CreateAlertFromSearchResultsFromDoctrine -->
  <testcase classname="com.trgr.quality.maf.tests.AlertTest" name="suspendAlertforAll" time="0.0">
    <ignored/>
  </testcase> <!-- suspendAlertforAll -->
  <testcase classname="com.trgr.quality.maf.tests.AlertTest" name="CreateAlertForSearchfreeword_globalnotapplicable" time="0.0">
    <ignored/>
  </testcase> <!-- CreateAlertForSearchfreeword_globalnotapplicable -->
  <testcase classname="com.trgr.quality.maf.tests.AlertTest" name="createAlertFromSearchResultsOnJurisprudence" time="0.0">
    <ignored/>
  </testcase> <!-- createAlertFromSearchResultsOnJurisprudence -->
  <testcase classname="com.trgr.quality.maf.tests.AlertTest" name="AlertPageDisplayValidation" time="0.0">
    <ignored/>
  </testcase> <!-- AlertPageDisplayValidation -->
  <testcase classname="com.trgr.quality.maf.tests.AlertTest" name="cancelBtnOnAlertCreatePage" time="0.0">
    <ignored/>
  </testcase> <!-- cancelBtnOnAlertCreatePage -->
  <testcase classname="com.trgr.quality.maf.tests.AlertTest" name="deleteExistingAlert" time="0.0">
    <ignored/>
  </testcase> <!-- deleteExistingAlert -->
  <testcase classname="com.trgr.quality.maf.tests.AlertTest" name="deleteAnExistingAlert" time="0.0">
    <ignored/>
  </testcase> <!-- deleteAnExistingAlert -->
  <testcase classname="com.trgr.quality.maf.tests.AlertTest" name="suspendAnExistingAlert" time="0.0">
    <ignored/>
  </testcase> <!-- suspendAnExistingAlert -->
</testsuite> <!-- AlertTest -->
