<?xml version="1.0" encoding="UTF-8"?>
<!-- Generated by org.testng.reporters.JUnitXMLReporter -->
<testsuite ignored="3" hostname="TR-JDGMXY2" failures="0" tests="0" time="0.0" errors="0" timestamp="2021-02-08T18:48:59 ART">
  <testcase classname="com.trgr.quality.maf.tests.DocValidationFromSearchResultsTest" name="OfficialFormsResultList" time="0.0">
    <ignored/>
  </testcase> <!-- OfficialFormsResultList -->
  <testcase classname="com.trgr.quality.maf.tests.DocValidationFromSearchResultsTest" name="improvedRankingForDoctrineSearch" time="0.0">
    <ignored/>
  </testcase> <!-- improvedRankingForDoctrineSearch -->
  <testcase classname="com.trgr.quality.maf.tests.DocValidationFromSearchResultsTest" name="improvedRankingForLegislationSearch" time="0.0">
    <ignored/>
  </testcase> <!-- improvedRankingForLegislationSearch -->
</testsuite>
