<?xml version="1.0" encoding="UTF-8"?>
<!-- Generated by org.testng.reporters.JUnitXMLReporter -->
<testsuite ignored="3" hostname="TR-JDGMXY2" failures="0" tests="1" name="FormsSearchTest" time="0.014" errors="0" timestamp="2021-02-08T18:48:59 ART">
  <testcase classname="com.trgr.quality.maf.tests.FormsSearchTest" name="@BeforeClass beforeClass" time="0.001">
    <failure type="java.lang.NullPointerException" message="Cannot invoke &amp;quot;com.relevantcodes.extentreports.ExtentReports.startTest(String)&amp;quot; because &amp;quot;com.trgr.quality.maf.basetest.BaseTest.extentReports&amp;quot; is null">
      <![CDATA[java.lang.NullPointerException: Cannot invoke "com.relevantcodes.extentreports.ExtentReports.startTest(String)" because "com.trgr.quality.maf.basetest.BaseTest.extentReports" is null
at com.trgr.quality.maf.basetest.BaseTest.setUpExtentTest(BaseTest.java:380)
at com.trgr.quality.maf.tests.FormsSearchTest.beforeClass(FormsSearchTest.java:55)
at java.base/java.util.ArrayList.forEach(ArrayList.java:1511)
... Removed 25 stack frames]]>
    </failure>
  </testcase> <!-- @BeforeClass beforeClass -->
  <testcase classname="com.trgr.quality.maf.tests.FormsSearchTest" name="searchFormsUsingFreeword" time="0.0">
    <skipped/>
  </testcase> <!-- searchFormsUsingFreeword -->
  <testcase classname="com.trgr.quality.maf.tests.FormsSearchTest" name="searchFormsUsingThematic" time="0.0">
    <ignored/>
  </testcase> <!-- searchFormsUsingThematic -->
  <testcase classname="com.trgr.quality.maf.tests.FormsSearchTest" name="searchFormsUsingIssuingBody" time="0.0">
    <ignored/>
  </testcase> <!-- searchFormsUsingIssuingBody -->
  <testcase classname="com.trgr.quality.maf.tests.FormsSearchTest" name="searchFormsUsingIssuingbody" time="0.0">
    <ignored/>
  </testcase> <!-- searchFormsUsingIssuingbody -->
</testsuite> <!-- FormsSearchTest -->
