<?xml version="1.0" encoding="UTF-8"?>
<!-- Generated by org.testng.reporters.JUnitXMLReporter -->
<testsuite ignored="9" hostname="TR-JDGMXY2" failures="0" tests="0" time="0.0" errors="0" timestamp="2021-02-08T18:48:59 ART">
  <testcase classname="com.trgr.quality.maf.tests.JurisprudenceSearchTest" name="searchJurisprudenceImproveRanking" time="0.0">
    <ignored/>
  </testcase> <!-- searchJurisprudenceImproveRanking -->
  <testcase classname="com.trgr.quality.maf.tests.JurisprudenceSearchTest" name="searchJurisprudenceUsingThematicAndFreeword" time="0.0">
    <ignored/>
  </testcase> <!-- searchJurisprudenceUsingThematicAndFreeword -->
  <testcase classname="com.trgr.quality.maf.tests.JurisprudenceSearchTest" name="jurisprudenceSearchWithFilterbyInstance" time="0.0">
    <ignored/>
  </testcase> <!-- jurisprudenceSearchWithFilterbyInstance -->
  <testcase classname="com.trgr.quality.maf.tests.JurisprudenceSearchTest" name="searchJurisprudenceUsingPartiesCitaOnlineCourt" time="0.0">
    <ignored/>
  </testcase> <!-- searchJurisprudenceUsingPartiesCitaOnlineCourt -->
  <testcase classname="com.trgr.quality.maf.tests.JurisprudenceSearchTest" name="searchJurisprudenceUsingThesisandRubro" time="0.0">
    <ignored/>
  </testcase> <!-- searchJurisprudenceUsingThesisandRubro -->
  <testcase classname="com.trgr.quality.maf.tests.JurisprudenceSearchTest" name="docDisplayUsingFreewordSearchOnJurisprudence" time="0.0">
    <ignored/>
  </testcase> <!-- docDisplayUsingFreewordSearchOnJurisprudence -->
  <testcase classname="com.trgr.quality.maf.tests.JurisprudenceSearchTest" name="searchJurisprudenceUsingThesisNumber" time="0.0">
    <ignored/>
  </testcase> <!-- searchJurisprudenceUsingThesisNumber -->
  <testcase classname="com.trgr.quality.maf.tests.JurisprudenceSearchTest" name="applyFiltersOnFacetsUsingSearchOnJurisprudence" time="0.0">
    <ignored/>
  </testcase> <!-- applyFiltersOnFacetsUsingSearchOnJurisprudence -->
  <testcase classname="com.trgr.quality.maf.tests.JurisprudenceSearchTest" name="searchJurisprudenceUsingRubro" time="0.0">
    <ignored/>
  </testcase> <!-- searchJurisprudenceUsingRubro -->
</testsuite>
