<?xml version="1.0" encoding="UTF-8"?>
<!-- Generated by org.testng.reporters.JUnitXMLReporter -->
<testsuite ignored="6" hostname="TR-JDGMXY2" failures="0" tests="2" name="LegislationSearchTest" time="0.009" errors="0" timestamp="2021-02-08T18:48:59 ART">
  <testcase classname="com.trgr.quality.maf.tests.LegislationSearchTest" name="@BeforeClass beforeClass" time="0.001">
    <failure type="java.lang.NullPointerException" message="Cannot invoke &amp;quot;com.relevantcodes.extentreports.ExtentReports.startTest(String)&amp;quot; because &amp;quot;com.trgr.quality.maf.basetest.BaseTest.extentReports&amp;quot; is null">
      <![CDATA[java.lang.NullPointerException: Cannot invoke "com.relevantcodes.extentreports.ExtentReports.startTest(String)" because "com.trgr.quality.maf.basetest.BaseTest.extentReports" is null
at com.trgr.quality.maf.basetest.BaseTest.setUpExtentTest(BaseTest.java:380)
at com.trgr.quality.maf.tests.LegislationSearchTest.beforeClass(LegislationSearchTest.java:51)
at java.base/java.util.ArrayList.forEach(ArrayList.java:1511)
... Removed 25 stack frames]]>
    </failure>
  </testcase> <!-- @BeforeClass beforeClass -->
  <testcase classname="com.trgr.quality.maf.tests.LegislationSearchTest" name="searchLegislationForNoResultsMessage" time="0.0">
    <skipped/>
  </testcase> <!-- searchLegislationForNoResultsMessage -->
  <testcase classname="com.trgr.quality.maf.tests.LegislationSearchTest" name="searchLegislationUsingEditedByOrgan" time="0.0">
    <skipped/>
  </testcase> <!-- searchLegislationUsingEditedByOrgan -->
  <testcase classname="com.trgr.quality.maf.tests.LegislationSearchTest" name="searchLegislationUsingThematicAndFreeword" time="0.0">
    <ignored/>
  </testcase> <!-- searchLegislationUsingThematicAndFreeword -->
  <testcase classname="com.trgr.quality.maf.tests.LegislationSearchTest" name="searchLegislationUsingStandardNum" time="0.0">
    <ignored/>
  </testcase> <!-- searchLegislationUsingStandardNum -->
  <testcase classname="com.trgr.quality.maf.tests.LegislationSearchTest" name="searchLegislationUsingTypeofStandardAmbitMunicipality" time="0.0">
    <ignored/>
  </testcase> <!-- searchLegislationUsingTypeofStandardAmbitMunicipality -->
  <testcase classname="com.trgr.quality.maf.tests.LegislationSearchTest" name="searchLegislationUsingTypeofOrderAmbit" time="0.0">
    <ignored/>
  </testcase> <!-- searchLegislationUsingTypeofOrderAmbit -->
  <testcase classname="com.trgr.quality.maf.tests.LegislationSearchTest" name="verifyFlagAssociatedwithVersionForLegislationDocs" time="0.0">
    <ignored/>
  </testcase> <!-- verifyFlagAssociatedwithVersionForLegislationDocs -->
  <testcase classname="com.trgr.quality.maf.tests.LegislationSearchTest" name="searchLegislationUsingSortTypeAndDisposition" time="0.0">
    <ignored/>
  </testcase> <!-- searchLegislationUsingSortTypeAndDisposition -->
</testsuite> <!-- LegislationSearchTest -->
