<?xml version="1.0" encoding="UTF-8"?>
<!-- Generated by org.testng.reporters.JUnitXMLReporter -->
<testsuite ignored="6" hostname="TR-JDGMXY2" failures="3" tests="3" name="MyDocumentTest" time="0.101" errors="0" timestamp="2021-02-23T16:08:10 ART">
  <testcase classname="com.trgr.quality.maf.tests.MyDocumentTest" name="MyDocumentBasicFolders" time="0.005">
    <failure type="java.lang.AssertionError" message="The following asserts failed:
	Exception in Test expected [true] but found [false]">
      <![CDATA[java.lang.AssertionError: The following asserts failed:
Exception in Test expected [true] but found [false]
at com.trgr.quality.maf.tests.MyDocumentTest.MyDocumentBasicFolders(MyDocumentTest.java:104)
at java.base/java.util.ArrayList.forEach(ArrayList.java:1511)
... Removed 29 stack frames]]>
    </failure>
  </testcase> <!-- MyDocumentBasicFolders -->
  <testcase classname="com.trgr.quality.maf.tests.MyDocumentTest" name="CreateNewFolder" time="0.021">
    <failure type="java.lang.AssertionError" message="The following asserts failed:
	Exception in Test expected [true] but found [false]">
      <![CDATA[java.lang.AssertionError: The following asserts failed:
Exception in Test expected [true] but found [false]
at com.trgr.quality.maf.tests.MyDocumentTest.CreateNewFolder(MyDocumentTest.java:265)
at java.base/java.util.ArrayList.forEach(ArrayList.java:1511)
... Removed 29 stack frames]]>
    </failure>
  </testcase> <!-- CreateNewFolder -->
  <testcase classname="com.trgr.quality.maf.tests.MyDocumentTest" name="renameAndDeleteNewFolder" time="0.014">
    <failure type="java.lang.AssertionError" message="The following asserts failed:
	Exception in Test expected [true] but found [false]">
      <![CDATA[java.lang.AssertionError: The following asserts failed:
Exception in Test expected [true] but found [false]
at com.trgr.quality.maf.tests.MyDocumentTest.renameAndDeleteNewFolder(MyDocumentTest.java:366)
at java.base/java.util.ArrayList.forEach(ArrayList.java:1511)
... Removed 29 stack frames]]>
    </failure>
  </testcase> <!-- renameAndDeleteNewFolder -->
  <testcase classname="com.trgr.quality.maf.tests.MyDocumentTest" name="ExpandAndCollapseFolders" time="0.0">
    <ignored/>
  </testcase> <!-- ExpandAndCollapseFolders -->
  <testcase classname="com.trgr.quality.maf.tests.MyDocumentTest" name="createNewFolder" time="0.0">
    <ignored/>
  </testcase> <!-- createNewFolder -->
  <testcase classname="com.trgr.quality.maf.tests.MyDocumentTest" name="displayOfMyDocumentsFolders" time="0.0">
    <ignored/>
  </testcase> <!-- displayOfMyDocumentsFolders -->
  <testcase classname="com.trgr.quality.maf.tests.MyDocumentTest" name="CreateNewFolderInMydocument" time="0.0">
    <ignored/>
  </testcase> <!-- CreateNewFolderInMydocument -->
  <testcase classname="com.trgr.quality.maf.tests.MyDocumentTest" name="expandAndCollapseFolder" time="0.0">
    <ignored/>
  </testcase> <!-- expandAndCollapseFolder -->
  <testcase classname="com.trgr.quality.maf.tests.MyDocumentTest" name="RenameAndDeleteMyDocumentFolder" time="0.0">
    <ignored/>
  </testcase> <!-- RenameAndDeleteMyDocumentFolder -->
</testsuite> <!-- MyDocumentTest -->
