<?xml version="1.0" encoding="UTF-8"?>
<!-- Generated by org.testng.reporters.JUnitXMLReporter -->
<testsuite ignored="5" hostname="TR-JDGMXY2" failures="0" tests="6" name="NewsTest" time="0.053" errors="0" timestamp="2021-02-23T16:08:16 ART">
  <testcase classname="com.trgr.quality.maf.tests.NewsTest" name="@BeforeClass startNewsTest" time="0.019">
    <failure type="java.lang.AssertionError" message="expected [true] but found [false]">
      <![CDATA[java.lang.AssertionError: expected [true] but found [false]
at com.trgr.quality.maf.tests.NewsTest.startNewsTest(NewsTest.java:71)
at java.base/java.util.ArrayList.forEach(ArrayList.java:1511)
... Removed 29 stack frames]]>
    </failure>
  </testcase> <!-- @BeforeClass startNewsTest -->
  <testcase classname="com.trgr.quality.maf.tests.NewsTest" name="SearchNewswithInvalidDateFormat" time="0.0">
    <skipped/>
  </testcase> <!-- SearchNewswithInvalidDateFormat -->
  <testcase classname="com.trgr.quality.maf.tests.NewsTest" name="NewsResultsWithValidInput" time="0.0">
    <skipped/>
  </testcase> <!-- NewsResultsWithValidInput -->
  <testcase classname="com.trgr.quality.maf.tests.NewsTest" name="ClearButtonInNewsSearch" time="0.0">
    <skipped/>
  </testcase> <!-- ClearButtonInNewsSearch -->
  <testcase classname="com.trgr.quality.maf.tests.NewsTest" name="searchNewsforNoResults" time="0.0">
    <skipped/>
  </testcase> <!-- searchNewsforNoResults -->
  <testcase classname="com.trgr.quality.maf.tests.NewsTest" name="NewsPageDisplayValidation" time="0.0">
    <skipped/>
  </testcase> <!-- NewsPageDisplayValidation -->
  <testcase classname="com.trgr.quality.maf.tests.NewsTest" name="SearchNewswithBlankInput" time="0.0">
    <skipped/>
  </testcase> <!-- SearchNewswithBlankInput -->
  <testcase classname="com.trgr.quality.maf.tests.NewsTest" name="ValidateViewNewsIFRSLink" time="0.0">
    <ignored/>
  </testcase> <!-- ValidateViewNewsIFRSLink -->
  <testcase classname="com.trgr.quality.maf.tests.NewsTest" name="SearchForNewsWithSinceDate" time="0.0">
    <ignored/>
  </testcase> <!-- SearchForNewsWithSinceDate -->
  <testcase classname="com.trgr.quality.maf.tests.NewsTest" name="NewsPageValidation" time="0.0">
    <ignored/>
  </testcase> <!-- NewsPageValidation -->
  <testcase classname="com.trgr.quality.maf.tests.NewsTest" name="NewsSearch" time="0.0">
    <ignored/>
  </testcase> <!-- NewsSearch -->
  <testcase classname="com.trgr.quality.maf.tests.NewsTest" name="checkdatepicker" time="0.0">
    <ignored/>
  </testcase> <!-- checkdatepicker -->
</testsuite> <!-- NewsTest -->
