<?xml version="1.0" encoding="UTF-8"?>
<!-- Generated by org.testng.reporters.JUnitXMLReporter -->
<testsuite ignored="24" hostname="TR-JDGMXY2" failures="0" tests="0" time="0.0" errors="0" timestamp="2021-02-08T18:48:59 ART">
  <testcase classname="com.trgr.quality.maf.basetest.BaseTest" name="@BeforeSuite setup" time="4.629">
    <failure type="org.openqa.selenium.WebDriverException" message="Unable to parse remote response: Unknown error">
      <![CDATA[org.openqa.selenium.WebDriverException: Unable to parse remote response: Unknown error
at org.openqa.selenium.remote.ProtocolHandshake.createSession(ProtocolHandshake.java:115)
at org.openqa.selenium.remote.ProtocolHandshake.createSession(ProtocolHandshake.java:74)
at org.openqa.selenium.remote.HttpCommandExecutor.execute(HttpCommandExecutor.java:136)
at org.openqa.selenium.remote.RemoteWebDriver.execute(RemoteWebDriver.java:552)
at org.openqa.selenium.remote.RemoteWebDriver.startSession(RemoteWebDriver.java:213)
at org.openqa.selenium.remote.RemoteWebDriver.<init>(RemoteWebDriver.java:131)
at org.openqa.selenium.remote.RemoteWebDriver.<init>(RemoteWebDriver.java:144)
at com.trgr.quality.maf.webdriver.WebDriverFactory.initializeEdgeDriver(WebDriverFactory.java:96)
at com.trgr.quality.maf.webdriver.WebDriverFactory.getInstance(WebDriverFactory.java:69)
at com.trgr.quality.maf.basetest.BaseTest.setup(BaseTest.java:74)
Caused by: org.openqa.selenium.json.JsonException: Unable to determine type from: U. Last 1 characters read: U
Build info: version: '3.141.59', revision: 'e82be7d358', time: '2018-11-14T08:17:03'
System info: host: 'TR-JDGMXY2', ip: '192.168.19.184', os.name: 'Windows 10', os.arch: 'amd64', os.version: '10.0', java.version: '14.0.2'
Driver info: driver.version: RemoteWebDriver
at org.openqa.selenium.json.JsonInput.peek(JsonInput.java:122)
at org.openqa.selenium.json.JsonTypeCoercer.lambda$null$6(JsonTypeCoercer.java:140)
at org.openqa.selenium.json.JsonTypeCoercer.coerce(JsonTypeCoercer.java:126)
at org.openqa.selenium.json.Json.toType(Json.java:69)
at org.openqa.selenium.json.Json.toType(Json.java:55)
at org.openqa.selenium.json.Json.toType(Json.java:50)
at org.openqa.selenium.remote.ProtocolHandshake.createSession(ProtocolHandshake.java:112)
... 28 more
... Removed 19 stack frames]]>
    </failure>
  </testcase> <!-- @BeforeSuite setup -->
  <testcase classname="com.trgr.quality.maf.tests.SearchUsingHomePageTest" name="searchUsingFreewordOnHomepage" time="0.0">
    <ignored/>
  </testcase> <!-- searchUsingFreewordOnHomepage -->
  <testcase classname="com.trgr.quality.maf.tests.SearchUsingHomePageTest" name="EmptyFreewordAndThematicKeySearch" time="0.0">
    <ignored/>
  </testcase> <!-- EmptyFreewordAndThematicKeySearch -->
  <testcase classname="com.trgr.quality.maf.tests.SearchUsingHomePageTest" name="StandardNumberSearchWithSpecialCharactersInHome" time="0.0">
    <ignored/>
  </testcase> <!-- StandardNumberSearchWithSpecialCharactersInHome -->
  <testcase classname="com.trgr.quality.maf.tests.SearchUsingHomePageTest" name="thematicSearchOnHomepage" time="0.0">
    <ignored/>
  </testcase> <!-- thematicSearchOnHomepage -->
  <testcase classname="com.trgr.quality.maf.tests.SearchUsingHomePageTest" name="ThematicSearchWithSecondLevelIntersection" time="0.0">
    <ignored/>
  </testcase> <!-- ThematicSearchWithSecondLevelIntersection -->
  <testcase classname="com.trgr.quality.maf.tests.SearchUsingHomePageTest" name="clearSearchDataSubmittedOnQuickSearch" time="0.0">
    <ignored/>
  </testcase> <!-- clearSearchDataSubmittedOnQuickSearch -->
  <testcase classname="com.trgr.quality.maf.tests.SearchUsingHomePageTest" name="ThematicSearchWithThreeLevelIntersection" time="0.0">
    <ignored/>
  </testcase> <!-- ThematicSearchWithThreeLevelIntersection -->
  <testcase classname="com.trgr.quality.maf.tests.SearchUsingHomePageTest" name="ThematicSearchUsingFreewordInHome" time="0.0">
    <ignored/>
  </testcase> <!-- ThematicSearchUsingFreewordInHome -->
  <testcase classname="com.trgr.quality.maf.tests.SearchUsingHomePageTest" name="FreewordSearchWithNoResultsInHome" time="0.0">
    <ignored/>
  </testcase> <!-- FreewordSearchWithNoResultsInHome -->
  <testcase classname="com.trgr.quality.maf.tests.SearchUsingHomePageTest" name="ClearThirdThematicSearchWithThreeLevelInputs" time="0.0">
    <ignored/>
  </testcase> <!-- ClearThirdThematicSearchWithThreeLevelInputs -->
  <testcase classname="com.trgr.quality.maf.tests.SearchUsingHomePageTest" name="ClearThematicSearchWithMultipleFields" time="0.0">
    <ignored/>
  </testcase> <!-- ClearThematicSearchWithMultipleFields -->
  <testcase classname="com.trgr.quality.maf.tests.SearchUsingHomePageTest" name="StandardNumberSearchWithLetters" time="0.0">
    <ignored/>
  </testcase> <!-- StandardNumberSearchWithLetters -->
  <testcase classname="com.trgr.quality.maf.tests.SearchUsingHomePageTest" name="clearStandardNumberSearchInHome" time="0.0">
    <ignored/>
  </testcase> <!-- clearStandardNumberSearchInHome -->
  <testcase classname="com.trgr.quality.maf.tests.SearchUsingHomePageTest" name="ClearFirstThematicSearchWithThreeLevelInputs" time="0.0">
    <ignored/>
  </testcase> <!-- ClearFirstThematicSearchWithThreeLevelInputs -->
  <testcase classname="com.trgr.quality.maf.tests.SearchUsingHomePageTest" name="StandardNumberSearchInHome" time="0.0">
    <ignored/>
  </testcase> <!-- StandardNumberSearchInHome -->
  <testcase classname="com.trgr.quality.maf.tests.SearchUsingHomePageTest" name="FreewordSearchWithSpecialCharactersInHome" time="0.0">
    <ignored/>
  </testcase> <!-- FreewordSearchWithSpecialCharactersInHome -->
  <testcase classname="com.trgr.quality.maf.tests.SearchUsingHomePageTest" name="ThematicSearchWithNoSuggestionsInHome" time="0.0">
    <ignored/>
  </testcase> <!-- ThematicSearchWithNoSuggestionsInHome -->
  <testcase classname="com.trgr.quality.maf.tests.SearchUsingHomePageTest" name="ClearSecondThematicSearchWithThreeLevelInputs" time="0.0">
    <ignored/>
  </testcase> <!-- ClearSecondThematicSearchWithThreeLevelInputs -->
  <testcase classname="com.trgr.quality.maf.tests.SearchUsingHomePageTest" name="SearchWithFreewordAndThematicKeyInHome" time="0.0">
    <ignored/>
  </testcase> <!-- SearchWithFreewordAndThematicKeyInHome -->
  <testcase classname="com.trgr.quality.maf.tests.SearchUsingHomePageTest" name="ClearSecondThematicSearchWithTwoLevelInputs" time="0.0">
    <ignored/>
  </testcase> <!-- ClearSecondThematicSearchWithTwoLevelInputs -->
  <testcase classname="com.trgr.quality.maf.tests.SearchUsingHomePageTest" name="searchUsingThematicQuickSearch" time="0.0">
    <ignored/>
  </testcase> <!-- searchUsingThematicQuickSearch -->
  <testcase classname="com.trgr.quality.maf.tests.SearchUsingHomePageTest" name="EmptyStandardNumberErroMessageInHome" time="0.0">
    <ignored/>
  </testcase> <!-- EmptyStandardNumberErroMessageInHome -->
  <testcase classname="com.trgr.quality.maf.tests.SearchUsingHomePageTest" name="ClickClearWithFreewordAndThematicKey" time="0.0">
    <ignored/>
  </testcase> <!-- ClickClearWithFreewordAndThematicKey -->
  <testcase classname="com.trgr.quality.maf.tests.SearchUsingHomePageTest" name="ThematicSearchWithSpecialCharactersInHome" time="0.0">
    <ignored/>
  </testcase> <!-- ThematicSearchWithSpecialCharactersInHome -->
</testsuite>
