<?xml version="1.0" encoding="UTF-8"?>
<!-- Generated by org.testng.reporters.JUnitXMLReporter -->
<testsuite ignored="0" hostname="TR-JDGMXY2" failures="0" tests="5" name="ActionsTest" time="244.711" errors="0" timestamp="2020-12-16T14:00:34 ART">
  <testcase classname="com.trgr.quality.maf.tests.ActionsTest" name="actionNewSearchClearbutton" time="24.347"/>
  <testcase classname="com.trgr.quality.maf.tests.ActionsTest" name="displayOfActionsPageAndCheckForNoResultsMsg" time="17.342"/>
  <testcase classname="com.trgr.quality.maf.tests.ActionsTest" name="newSearchLinkAndRefreshSearchValidations" time="43.805"/>
  <testcase classname="com.trgr.quality.maf.tests.ActionsTest" name="searchUsingAllFieldsOnActionsPage" time="65.908"/>
  <testcase classname="com.trgr.quality.maf.tests.ActionsTest" name="searchWithInOnSearchResults" time="58.909"/>
</testsuite> <!-- ActionsTest -->
