<?xml version="1.0" encoding="UTF-8"?>
<!-- Generated by org.testng.reporters.JUnitXMLReporter -->
<testsuite ignored="8" hostname="TR-JDGMXY2" failures="0" tests="8" name="AlertTest" time="403.785" errors="0" timestamp="2020-12-16T13:36:34 ART">
  <testcase classname="com.trgr.quality.maf.tests.AlertTest" name="cancelBtnOnAlertCreatePage" time="36.366"/>
  <testcase classname="com.trgr.quality.maf.tests.AlertTest" name="predesignAlertsOnAlertCreatePage" time="57.289"/>
  <testcase classname="com.trgr.quality.maf.tests.AlertTest" name="createAnAlert" time="68.027"/>
  <testcase classname="com.trgr.quality.maf.tests.AlertTest" name="modifyAnExistingAlert" time="23.064"/>
  <testcase classname="com.trgr.quality.maf.tests.AlertTest" name="suspendAlertforAll" time="31.59"/>
  <testcase classname="com.trgr.quality.maf.tests.AlertTest" name="reactivateAnExistingAlert" time="29.262"/>
  <testcase classname="com.trgr.quality.maf.tests.AlertTest" name="emptyFieldsValidation" time="42.266"/>
  <testcase classname="com.trgr.quality.maf.tests.AlertTest" name="deleteAnExistingAlert" time="26.879"/>
  <testcase classname="com.trgr.quality.maf.tests.AlertTest" name="createAlertFromSearchResultsOnLegislation" time="0.0">
    <ignored/>
  </testcase> <!-- createAlertFromSearchResultsOnLegislation -->
  <testcase classname="com.trgr.quality.maf.tests.AlertTest" name="CreateAlertForSearchfreeword_globalnotapplicable" time="0.0">
    <ignored/>
  </testcase> <!-- CreateAlertForSearchfreeword_globalnotapplicable -->
  <testcase classname="com.trgr.quality.maf.tests.AlertTest" name="CreateAlertFromSearchResultsforLegislationPage" time="0.0">
    <ignored/>
  </testcase> <!-- CreateAlertFromSearchResultsforLegislationPage -->
  <testcase classname="com.trgr.quality.maf.tests.AlertTest" name="createAlertFromSearchResultsOnJurisprudence" time="0.0">
    <ignored/>
  </testcase> <!-- createAlertFromSearchResultsOnJurisprudence -->
  <testcase classname="com.trgr.quality.maf.tests.AlertTest" name="AlertPageDisplayValidation" time="0.0">
    <ignored/>
  </testcase> <!-- AlertPageDisplayValidation -->
  <testcase classname="com.trgr.quality.maf.tests.AlertTest" name="deleteExistingAlert" time="0.0">
    <ignored/>
  </testcase> <!-- deleteExistingAlert -->
  <testcase classname="com.trgr.quality.maf.tests.AlertTest" name="CreateAlertFromSearchResultsFromDoctrine" time="0.0">
    <ignored/>
  </testcase> <!-- CreateAlertFromSearchResultsFromDoctrine -->
  <testcase classname="com.trgr.quality.maf.tests.AlertTest" name="suspendAnExistingAlert" time="0.0">
    <ignored/>
  </testcase> <!-- suspendAnExistingAlert -->
</testsuite> <!-- AlertTest -->
