<?xml version="1.0" encoding="UTF-8"?>
<!-- Generated by org.testng.reporters.JUnitXMLReporter -->
<testsuite ignored="9" hostname="TR-JDGMXY2" failures="1" tests="10" name="DeliveryTest" time="675.62" errors="0" timestamp="2020-12-16T12:22:49 ART">
  <testcase classname="com.trgr.quality.maf.tests.DeliveryTest" name="deliveryOfResultListUsingEmailWithWordAndPDF" time="141.333">
    <failure type="java.lang.AssertionError" message="The following asserts failed:
	Exception in Test expected [true] but found [false]">
      <![CDATA[java.lang.AssertionError: The following asserts failed:
Exception in Test expected [true] but found [false]
at com.trgr.quality.maf.tests.DeliveryTest.deliveryOfResultListUsingEmailWithWordAndPDF(DeliveryTest.java:245)
at java.base/java.util.ArrayList.forEach(ArrayList.java:1511)
... Removed 29 stack frames]]>
    </failure>
  </testcase> <!-- deliveryOfResultListUsingEmailWithWordAndPDF -->
  <testcase classname="com.trgr.quality.maf.tests.DeliveryTest" name="ResultListcancelDeliveryByEmail" time="25.291"/>
  <testcase classname="com.trgr.quality.maf.tests.DeliveryTest" name="DeliveryWithInvalidEmailFormat" time="54.469"/>
  <testcase classname="com.trgr.quality.maf.tests.DeliveryTest" name="exportSingleDocumentFromDocumentDisplay" time="84.726"/>
  <testcase classname="com.trgr.quality.maf.tests.DeliveryTest" name="docDisplayPageEmailDeliveryWithRTFFormat" time="48.475"/>
  <testcase classname="com.trgr.quality.maf.tests.DeliveryTest" name="docDisplayEmailDeliveryWithPDFFormat" time="49.024"/>
  <testcase classname="com.trgr.quality.maf.tests.DeliveryTest" name="documentDisplayDeliveryWithInvalidEmail" time="44.661"/>
  <testcase classname="com.trgr.quality.maf.tests.DeliveryTest" name="resultListDocDeliveryByPrint" time="37.301"/>
  <testcase classname="com.trgr.quality.maf.tests.DeliveryTest" name="documentDislplayDeliveryByPrint" time="36.993"/>
  <testcase classname="com.trgr.quality.maf.tests.DeliveryTest" name="SingleDocumentDelivery" time="77.804"/>
  <testcase classname="com.trgr.quality.maf.tests.DeliveryTest" name="LegislationDeliveryByPrint" time="0.0">
    <ignored/>
  </testcase> <!-- LegislationDeliveryByPrint -->
  <testcase classname="com.trgr.quality.maf.tests.DeliveryTest" name="deliverQuickSearchReportUsingPrint" time="0.0">
    <ignored/>
  </testcase> <!-- deliverQuickSearchReportUsingPrint -->
  <testcase classname="com.trgr.quality.maf.tests.DeliveryTest" name="deliverDocumentFromDocumentDisplayUsingPrint" time="0.0">
    <ignored/>
  </testcase> <!-- deliverDocumentFromDocumentDisplayUsingPrint -->
  <testcase classname="com.trgr.quality.maf.tests.DeliveryTest" name="exportDocumentsFromResultList" time="0.0">
    <ignored/>
  </testcase> <!-- exportDocumentsFromResultList -->
  <testcase classname="com.trgr.quality.maf.tests.DeliveryTest" name="JurisprudencePageDelivery" time="0.0">
    <ignored/>
  </testcase> <!-- JurisprudencePageDelivery -->
  <testcase classname="com.trgr.quality.maf.tests.DeliveryTest" name="deliverGlobalSearchReportUsingPrint" time="0.0">
    <ignored/>
  </testcase> <!-- deliverGlobalSearchReportUsingPrint -->
  <testcase classname="com.trgr.quality.maf.tests.DeliveryTest" name="resultListDeliveryOptions" time="0.0">
    <ignored/>
  </testcase> <!-- resultListDeliveryOptions -->
  <testcase classname="com.trgr.quality.maf.tests.DeliveryTest" name="ExportSelectedWord" time="0.0">
    <ignored/>
  </testcase> <!-- ExportSelectedWord -->
  <testcase classname="com.trgr.quality.maf.tests.DeliveryTest" name="exportEmailandPrintforSingleDocument" time="0.0">
    <ignored/>
  </testcase> <!-- exportEmailandPrintforSingleDocument -->
</testsuite> <!-- DeliveryTest -->
