<?xml version="1.0" encoding="UTF-8"?>
<!-- Generated by org.testng.reporters.JUnitXMLReporter -->
<testsuite ignored="28" hostname="TR-JDGMXY2" failures="0" tests="14" name="DocumentDisplayTest" time="991.803" errors="0" timestamp="2020-12-16T12:39:21 ART">
  <testcase classname="com.trgr.quality.maf.tests.DocumentDisplayTest" name="fontSizeChangesOnDocument" time="33.48"/>
  <testcase classname="com.trgr.quality.maf.tests.DocumentDisplayTest" name="documentDisplayForDoctrinaAndJurisprudence" time="83.152"/>
  <testcase classname="com.trgr.quality.maf.tests.DocumentDisplayTest" name="documentDisplayNavigationOptions" time="98.502"/>
  <testcase classname="com.trgr.quality.maf.tests.DocumentDisplayTest" name="resultListTabNaviagtionOptions" time="75.135"/>
  <testcase classname="com.trgr.quality.maf.tests.DocumentDisplayTest" name="followTheDocument" time="87.24"/>
  <testcase classname="com.trgr.quality.maf.tests.DocumentDisplayTest" name="saveAndScheduleResultList" time="69.453"/>
  <testcase classname="com.trgr.quality.maf.tests.DocumentDisplayTest" name="saveAndScheduleDocDisplay" time="75.221"/>
  <testcase classname="com.trgr.quality.maf.tests.DocumentDisplayTest" name="highlightOfSearchTermOnDocDisplay" time="41.628"/>
  <testcase classname="com.trgr.quality.maf.tests.DocumentDisplayTest" name="navigationWithIndexOnDocDisplayforAll" time="98.765"/>
  <testcase classname="com.trgr.quality.maf.tests.DocumentDisplayTest" name="navigationUsingcontentTreeOnDocumentDisplay" time="92.163"/>
  <testcase classname="com.trgr.quality.maf.tests.DocumentDisplayTest" name="searchResultsWidget" time="39.636"/>
  <testcase classname="com.trgr.quality.maf.tests.DocumentDisplayTest" name="secondLevelFilterOnResultList" time="64.005"/>
  <testcase classname="com.trgr.quality.maf.tests.DocumentDisplayTest" name="keywordsOnDocumentDisplay" time="32.62"/>
  <testcase classname="com.trgr.quality.maf.tests.DocumentDisplayTest" name="facteingOnResultList" time="25.94"/>
  <testcase classname="com.trgr.quality.maf.tests.DocumentDisplayTest" name="secondLevelWidgetsForDoctrineAndLegislation" time="0.0">
    <ignored/>
  </testcase> <!-- secondLevelWidgetsForDoctrineAndLegislation -->
  <testcase classname="com.trgr.quality.maf.tests.DocumentDisplayTest" name="followExistingDocument" time="0.0">
    <ignored/>
  </testcase> <!-- followExistingDocument -->
  <testcase classname="com.trgr.quality.maf.tests.DocumentDisplayTest" name="withScrollValdiateHeaderTitle" time="0.0">
    <ignored/>
  </testcase> <!-- withScrollValdiateHeaderTitle -->
  <testcase classname="com.trgr.quality.maf.tests.DocumentDisplayTest" name="popUpRelationOfCorelation" time="0.0">
    <ignored/>
  </testcase> <!-- popUpRelationOfCorelation -->
  <testcase classname="com.trgr.quality.maf.tests.DocumentDisplayTest" name="navigationWithIndexOnDocDisplay" time="0.0">
    <ignored/>
  </testcase> <!-- navigationWithIndexOnDocDisplay -->
  <testcase classname="com.trgr.quality.maf.tests.DocumentDisplayTest" name="displayOfTabOnFormsSearch" time="0.0">
    <ignored/>
  </testcase> <!-- displayOfTabOnFormsSearch -->
  <testcase classname="com.trgr.quality.maf.tests.DocumentDisplayTest" name="highlightOfSearchTextOnDocDisplay" time="0.0">
    <ignored/>
  </testcase> <!-- highlightOfSearchTextOnDocDisplay -->
  <testcase classname="com.trgr.quality.maf.tests.DocumentDisplayTest" name="toolTipOnDocumentDisplayforWithoutEffect" time="0.0">
    <ignored/>
  </testcase> <!-- toolTipOnDocumentDisplayforWithoutEffect -->
  <testcase classname="com.trgr.quality.maf.tests.DocumentDisplayTest" name="followDocumentWidget" time="0.0">
    <ignored/>
  </testcase> <!-- followDocumentWidget -->
  <testcase classname="com.trgr.quality.maf.tests.DocumentDisplayTest" name="relationshipAtParagraphLevel" time="0.0">
    <ignored/>
  </testcase> <!-- relationshipAtParagraphLevel -->
  <testcase classname="com.trgr.quality.maf.tests.DocumentDisplayTest" name="toolTipsOnDocumentDisplay" time="0.0">
    <ignored/>
  </testcase> <!-- toolTipsOnDocumentDisplay -->
  <testcase classname="com.trgr.quality.maf.tests.DocumentDisplayTest" name="pageNavigationOnResultList" time="0.0">
    <ignored/>
  </testcase> <!-- pageNavigationOnResultList -->
  <testcase classname="com.trgr.quality.maf.tests.DocumentDisplayTest" name="followDocumentAlert" time="0.0">
    <ignored/>
  </testcase> <!-- followDocumentAlert -->
  <testcase classname="com.trgr.quality.maf.tests.DocumentDisplayTest" name="reformsAnalysisForLegislation" time="0.0">
    <ignored/>
  </testcase> <!-- reformsAnalysisForLegislation -->
  <testcase classname="com.trgr.quality.maf.tests.DocumentDisplayTest" name="documentDisplayAndResultListTab" time="0.0">
    <ignored/>
  </testcase> <!-- documentDisplayAndResultListTab -->
  <testcase classname="com.trgr.quality.maf.tests.DocumentDisplayTest" name="headerDisplayOnDocument" time="0.0">
    <ignored/>
  </testcase> <!-- headerDisplayOnDocument -->
  <testcase classname="com.trgr.quality.maf.tests.DocumentDisplayTest" name="corelationVersionPopupComparison" time="0.0">
    <ignored/>
  </testcase> <!-- corelationVersionPopupComparison -->
  <testcase classname="com.trgr.quality.maf.tests.DocumentDisplayTest" name="LegislationReformsAndContentTree" time="0.0">
    <ignored/>
  </testcase> <!-- LegislationReformsAndContentTree -->
  <testcase classname="com.trgr.quality.maf.tests.DocumentDisplayTest" name="enlargeAndReduceFontOnDocument" time="0.0">
    <ignored/>
  </testcase> <!-- enlargeAndReduceFontOnDocument -->
  <testcase classname="com.trgr.quality.maf.tests.DocumentDisplayTest" name="deliveryUsingPrintAndExportOnDocDisplay" time="0.0">
    <ignored/>
  </testcase> <!-- deliveryUsingPrintAndExportOnDocDisplay -->
  <testcase classname="com.trgr.quality.maf.tests.DocumentDisplayTest" name="footNotesInDocDisplay" time="0.0">
    <ignored/>
  </testcase> <!-- footNotesInDocDisplay -->
  <testcase classname="com.trgr.quality.maf.tests.DocumentDisplayTest" name="documentValidationForArticleAndVoces" time="0.0">
    <ignored/>
  </testcase> <!-- documentValidationForArticleAndVoces -->
  <testcase classname="com.trgr.quality.maf.tests.DocumentDisplayTest" name="deliveryOfJurisprudenceDocument" time="0.0">
    <ignored/>
  </testcase> <!-- deliveryOfJurisprudenceDocument -->
  <testcase classname="com.trgr.quality.maf.tests.DocumentDisplayTest" name="displayOfDocumentDisplayPage" time="0.0">
    <ignored/>
  </testcase> <!-- displayOfDocumentDisplayPage -->
  <testcase classname="com.trgr.quality.maf.tests.DocumentDisplayTest" name="toolTipOnDocumentDisplay" time="0.0">
    <ignored/>
  </testcase> <!-- toolTipOnDocumentDisplay -->
  <testcase classname="com.trgr.quality.maf.tests.DocumentDisplayTest" name="displayDocumentForDoctrine" time="0.0">
    <ignored/>
  </testcase> <!-- displayDocumentForDoctrine -->
  <testcase classname="com.trgr.quality.maf.tests.DocumentDisplayTest" name="relatedDocsForLegislation" time="0.0">
    <ignored/>
  </testcase> <!-- relatedDocsForLegislation -->
  <testcase classname="com.trgr.quality.maf.tests.DocumentDisplayTest" name="displayOfDocumentFromGlobalSearch" time="0.0">
    <ignored/>
  </testcase> <!-- displayOfDocumentFromGlobalSearch -->
</testsuite> <!-- DocumentDisplayTest -->
