<?xml version="1.0" encoding="UTF-8"?>
<!-- Generated by org.testng.reporters.JUnitXMLReporter -->
<testsuite ignored="4" hostname="TR-JDGMXY2" failures="0" tests="0" time="0.001" errors="0" timestamp="2020-12-16T14:20:31 ART">
  <testcase classname="com.trgr.quality.maf.tests.FormsSearchTest" name="searchFormsUsingFreeword" time="0.0">
    <ignored/>
  </testcase> <!-- searchFormsUsingFreeword -->
  <testcase classname="com.trgr.quality.maf.tests.FormsSearchTest" name="searchFormsUsingThematic" time="0.0">
    <ignored/>
  </testcase> <!-- searchFormsUsingThematic -->
  <testcase classname="com.trgr.quality.maf.tests.FormsSearchTest" name="searchFormsUsingIssuingBody" time="0.0">
    <ignored/>
  </testcase> <!-- searchFormsUsingIssuingBody -->
  <testcase classname="com.trgr.quality.maf.tests.FormsSearchTest" name="searchFormsUsingIssuingbody" time="0.0">
    <ignored/>
  </testcase> <!-- searchFormsUsingIssuingbody -->
</testsuite>
