<?xml version="1.0" encoding="UTF-8"?>
<!-- Generated by org.testng.reporters.JUnitXMLReporter -->
<testsuite ignored="0" hostname="TR-JDGMXY2" failures="0" tests="4" name="ObligacionesTest" time="220.998" errors="0" timestamp="2020-12-16T14:08:59 ART">
  <testcase classname="com.trgr.quality.maf.tests.ObligacionesTest" name="checkClearAndModifySearch" time="72.674"/>
  <testcase classname="com.trgr.quality.maf.tests.ObligacionesTest" name="checkNewSearchLink" time="69.038"/>
  <testcase classname="com.trgr.quality.maf.tests.ObligacionesTest" name="displayOfObligationPageAndCheckForNoResultsMsg" time="16.453"/>
  <testcase classname="com.trgr.quality.maf.tests.ObligacionesTest" name="searchWithInOnResultSet" time="23.808"/>
</testsuite> <!-- ObligacionesTest -->
