<?xml version="1.0" encoding="UTF-8"?>
<!-- Generated by org.testng.reporters.JUnitXMLReporter -->
<testsuite ignored="0" hostname="TR-JDGMXY2" failures="0" tests="3" name="PublicTitlesTest" time="167.584" errors="0" timestamp="2020-12-16T14:11:46 ART">
  <testcase classname="com.trgr.quality.maf.tests.PublicTitlesTest" name="basicFeaturesAndSearchUsingAllFields" time="65.98"/>
  <testcase classname="com.trgr.quality.maf.tests.PublicTitlesTest" name="newAndModifySearchLinkValidations" time="39.46"/>
  <testcase classname="com.trgr.quality.maf.tests.PublicTitlesTest" name="searchWithInOnSearchResults" time="22.518"/>
</testsuite> <!-- PublicTitlesTest -->
