<?xml version="1.0" encoding="UTF-8"?>
<!-- Generated by org.testng.reporters.JUnitXMLReporter -->
<testsuite ignored="2" hostname="TR-JDGMXY2" failures="0" tests="0" time="0.0" errors="0" timestamp="2020-12-16T14:28:21 ART">
  <testcase classname="com.trgr.quality.maf.tests.RoutesSearchTest" name="searchRoutesUsingStandardNumber" time="0.0">
    <ignored/>
  </testcase> <!-- searchRoutesUsingStandardNumber -->
  <testcase classname="com.trgr.quality.maf.tests.RoutesSearchTest" name="searchRoutesAndSearchwithinUsingFreeword" time="0.0">
    <ignored/>
  </testcase> <!-- searchRoutesAndSearchwithinUsingFreeword -->
</testsuite>
