<?xml version="1.0" encoding="UTF-8"?>
<!-- Generated by org.testng.reporters.JUnitXMLReporter -->
<testsuite ignored="42" hostname="TR-JDGMXY2" failures="0" tests="7" name="SearchTest" time="384.746" errors="0" timestamp="2020-12-16T12:11:34 ART">
  <testcase classname="com.trgr.quality.maf.tests.SearchTest" name="authorFilterLabelDisplayed" time="36.148"/>
  <testcase classname="com.trgr.quality.maf.tests.SearchTest" name="searchWithInDocumentDisplay" time="59.03"/>
  <testcase classname="com.trgr.quality.maf.tests.SearchTest" name="displayOfSearchPage" time="41.982"/>
  <testcase classname="com.trgr.quality.maf.tests.SearchTest" name="modifySearchFromSearchResultsPage" time="35.255"/>
  <testcase classname="com.trgr.quality.maf.tests.SearchTest" name="newSearchFromSearchResultsPage" time="34.869"/>
  <testcase classname="com.trgr.quality.maf.tests.SearchTest" name="displayofSearchResultsBasedonContentTypeAll" time="57.741"/>
  <testcase classname="com.trgr.quality.maf.tests.SearchTest" name="addFilterOnResultList" time="44.291"/>
  <testcase classname="com.trgr.quality.maf.tests.SearchTest" name="verifyThesaurussuggestionsSearch" time="0.0">
    <ignored/>
  </testcase> <!-- verifyThesaurussuggestionsSearch -->
  <testcase classname="com.trgr.quality.maf.tests.SearchTest" name="validatingListaDeDocumentosLeftPanelInSearchPage" time="0.0">
    <ignored/>
  </testcase> <!-- validatingListaDeDocumentosLeftPanelInSearchPage -->
  <testcase classname="com.trgr.quality.maf.tests.SearchTest" name="searchWithInSearchResults" time="0.0">
    <ignored/>
  </testcase> <!-- searchWithInSearchResults -->
  <testcase classname="com.trgr.quality.maf.tests.SearchTest" name="displayOfSearchResultsBasedOnContentType" time="0.0">
    <ignored/>
  </testcase> <!-- displayOfSearchResultsBasedOnContentType -->
  <testcase classname="com.trgr.quality.maf.tests.SearchTest" name="verifyResultCountForEachDocType" time="0.0">
    <ignored/>
  </testcase> <!-- verifyResultCountForEachDocType -->
  <testcase classname="com.trgr.quality.maf.tests.SearchTest" name="isVerCoincidenciasLinkDisplayedInSearch" time="0.0">
    <ignored/>
  </testcase> <!-- isVerCoincidenciasLinkDisplayedInSearch -->
  <testcase classname="com.trgr.quality.maf.tests.SearchTest" name="modifySearchFromSearchResultsPageInMex" time="0.0">
    <ignored/>
  </testcase> <!-- modifySearchFromSearchResultsPageInMex -->
  <testcase classname="com.trgr.quality.maf.tests.SearchTest" name="SearchByThesaurusSuggestionInSearch" time="0.0">
    <ignored/>
  </testcase> <!-- SearchByThesaurusSuggestionInSearch -->
  <testcase classname="com.trgr.quality.maf.tests.SearchTest" name="newSearchFromSearchResultsPageInMex" time="0.0">
    <ignored/>
  </testcase> <!-- newSearchFromSearchResultsPageInMex -->
  <testcase classname="com.trgr.quality.maf.tests.SearchTest" name="verifyCleanButtonInSearchPage" time="0.0">
    <ignored/>
  </testcase> <!-- verifyCleanButtonInSearchPage -->
  <testcase classname="com.trgr.quality.maf.tests.SearchTest" name="searchwithnotestdataandvalidthematicvalue" time="0.0">
    <ignored/>
  </testcase> <!-- searchwithnotestdataandvalidthematicvalue -->
  <testcase classname="com.trgr.quality.maf.tests.SearchTest" name="verifyTextInHelpIconInSearchPage" time="0.0">
    <ignored/>
  </testcase> <!-- verifyTextInHelpIconInSearchPage -->
  <testcase classname="com.trgr.quality.maf.tests.SearchTest" name="suggestionsDisplayedTillThirdLevelOnAllSearchPages" time="0.0">
    <ignored/>
  </testcase> <!-- suggestionsDisplayedTillThirdLevelOnAllSearchPages -->
  <testcase classname="com.trgr.quality.maf.tests.SearchTest" name="suggestionsDisplayedForAllSearchPages" time="0.0">
    <ignored/>
  </testcase> <!-- suggestionsDisplayedForAllSearchPages -->
  <testcase classname="com.trgr.quality.maf.tests.SearchTest" name="verifyCountOfDocumentTypeInSearch" time="0.0">
    <ignored/>
  </testcase> <!-- verifyCountOfDocumentTypeInSearch -->
  <testcase classname="com.trgr.quality.maf.tests.SearchTest" name="ValidationofThematicAreaDropdownInSearch" time="0.0">
    <ignored/>
  </testcase> <!-- ValidationofThematicAreaDropdownInSearch -->
  <testcase classname="com.trgr.quality.maf.tests.SearchTest" name="SearchPageClearWithFreewordAndThematicKey" time="0.0">
    <ignored/>
  </testcase> <!-- SearchPageClearWithFreewordAndThematicKey -->
  <testcase classname="com.trgr.quality.maf.tests.SearchTest" name="validatingListaDeDocumentosInSearchPage" time="0.0">
    <ignored/>
  </testcase> <!-- validatingListaDeDocumentosInSearchPage -->
  <testcase classname="com.trgr.quality.maf.tests.SearchTest" name="SearchByNonThesaurusSuggestionSearch" time="0.0">
    <ignored/>
  </testcase> <!-- SearchByNonThesaurusSuggestionSearch -->
  <testcase classname="com.trgr.quality.maf.tests.SearchTest" name="SearchPageValidation" time="0.0">
    <ignored/>
  </testcase> <!-- SearchPageValidation -->
  <testcase classname="com.trgr.quality.maf.tests.SearchTest" name="DocumentsAvailableForSelectedThematicArea" time="0.0">
    <ignored/>
  </testcase> <!-- DocumentsAvailableForSelectedThematicArea -->
  <testcase classname="com.trgr.quality.maf.tests.SearchTest" name="validatingResultsForSearchInSearchPage" time="0.0">
    <ignored/>
  </testcase> <!-- validatingResultsForSearchInSearchPage -->
  <testcase classname="com.trgr.quality.maf.tests.SearchTest" name="verifyNIFMappingOnResultsAndDocDisplay" time="0.0">
    <ignored/>
  </testcase> <!-- verifyNIFMappingOnResultsAndDocDisplay -->
  <testcase classname="com.trgr.quality.maf.tests.SearchTest" name="verifyErrorMsgInSearch" time="0.0">
    <ignored/>
  </testcase> <!-- verifyErrorMsgInSearch -->
  <testcase classname="com.trgr.quality.maf.tests.SearchTest" name="correlationsVoicesContextValidation" time="0.0">
    <ignored/>
  </testcase> <!-- correlationsVoicesContextValidation -->
  <testcase classname="com.trgr.quality.maf.tests.SearchTest" name="verifyNonThesaurusKeywordSearch" time="0.0">
    <ignored/>
  </testcase> <!-- verifyNonThesaurusKeywordSearch -->
  <testcase classname="com.trgr.quality.maf.tests.SearchTest" name="validateThesaurusRelatedTerms" time="0.0">
    <ignored/>
  </testcase> <!-- validateThesaurusRelatedTerms -->
  <testcase classname="com.trgr.quality.maf.tests.SearchTest" name="ValidationOfGlobalSearchInSearch" time="0.0">
    <ignored/>
  </testcase> <!-- ValidationOfGlobalSearchInSearch -->
  <testcase classname="com.trgr.quality.maf.tests.SearchTest" name="verifyCountOfSeeAllLinkInSearch" time="0.0">
    <ignored/>
  </testcase> <!-- verifyCountOfSeeAllLinkInSearch -->
  <testcase classname="com.trgr.quality.maf.tests.SearchTest" name="VerifyTheNumberOfResultsInSearch" time="0.0">
    <ignored/>
  </testcase> <!-- VerifyTheNumberOfResultsInSearch -->
  <testcase classname="com.trgr.quality.maf.tests.SearchTest" name="NIFParagraphNumber" time="0.0">
    <ignored/>
  </testcase> <!-- NIFParagraphNumber -->
  <testcase classname="com.trgr.quality.maf.tests.SearchTest" name="verifyPlaceHolderValueForAskChpInSearchPage" time="0.0">
    <ignored/>
  </testcase> <!-- verifyPlaceHolderValueForAskChpInSearchPage -->
  <testcase classname="com.trgr.quality.maf.tests.SearchTest" name="verifyNoDocumentsErrorMsg" time="0.0">
    <ignored/>
  </testcase> <!-- verifyNoDocumentsErrorMsg -->
  <testcase classname="com.trgr.quality.maf.tests.SearchTest" name="verifyErrorMsgForEmptySearch" time="0.0">
    <ignored/>
  </testcase> <!-- verifyErrorMsgForEmptySearch -->
  <testcase classname="com.trgr.quality.maf.tests.SearchTest" name="ValidationOfFilterResultsWidgetInSearch" time="0.0">
    <ignored/>
  </testcase> <!-- ValidationOfFilterResultsWidgetInSearch -->
  <testcase classname="com.trgr.quality.maf.tests.SearchTest" name="verifyUnitrubricLinkInSearchPage" time="0.0">
    <ignored/>
  </testcase> <!-- verifyUnitrubricLinkInSearchPage -->
  <testcase classname="com.trgr.quality.maf.tests.SearchTest" name="searchWithNaturalLanguage" time="0.0">
    <ignored/>
  </testcase> <!-- searchWithNaturalLanguage -->
  <testcase classname="com.trgr.quality.maf.tests.SearchTest" name="searchWithoutSuggessionsInsearch" time="0.0">
    <ignored/>
  </testcase> <!-- searchWithoutSuggessionsInsearch -->
  <testcase classname="com.trgr.quality.maf.tests.SearchTest" name="creatingShortcutforContentTreeNode" time="0.0">
    <ignored/>
  </testcase> <!-- creatingShortcutforContentTreeNode -->
  <testcase classname="com.trgr.quality.maf.tests.SearchTest" name="verifyDocumentSnippetIsDisplayed" time="0.0">
    <ignored/>
  </testcase> <!-- verifyDocumentSnippetIsDisplayed -->
  <testcase classname="com.trgr.quality.maf.tests.SearchTest" name="ValidationofSeeAllLinkInSearch" time="0.0">
    <ignored/>
  </testcase> <!-- ValidationofSeeAllLinkInSearch -->
  <testcase classname="com.trgr.quality.maf.tests.SearchTest" name="validatingActionsInResultPageFromSearch" time="0.0">
    <ignored/>
  </testcase> <!-- validatingActionsInResultPageFromSearch -->
</testsuite> <!-- SearchTest -->
