<?xml version="1.0" encoding="UTF-8"?>
<!-- Generated by org.testng.reporters.JUnitXMLReporter -->
<testsuite ignored="22" hostname="TR-JDGMXY2" failures="1" tests="2" name="SearchUsingHomePageTest" time="184.875" errors="0" timestamp="2020-12-16T14:31:26 ART">
  <testcase classname="com.trgr.quality.maf.tests.SearchUsingHomePageTest" name="searchUsingFreewordOnHomepage" time="94.177">
    <failure type="java.lang.AssertionError" message="The following asserts failed:
	MAFQABANG-50:Search failed : expected [true] but found [false]">
      <![CDATA[java.lang.AssertionError: The following asserts failed:
MAFQABANG-50:Search failed : expected [true] but found [false]
at com.trgr.quality.maf.tests.SearchUsingHomePageTest.searchUsingFreewordOnHomepage(SearchUsingHomePageTest.java:177)
at java.base/java.util.ArrayList.forEach(ArrayList.java:1511)
... Removed 29 stack frames]]>
    </failure>
  </testcase> <!-- searchUsingFreewordOnHomepage -->
  <testcase classname="com.trgr.quality.maf.tests.SearchUsingHomePageTest" name="thematicSearchOnHomepage" time="56.282"/>
  <testcase classname="com.trgr.quality.maf.tests.SearchUsingHomePageTest" name="EmptyFreewordAndThematicKeySearch" time="0.0">
    <ignored/>
  </testcase> <!-- EmptyFreewordAndThematicKeySearch -->
  <testcase classname="com.trgr.quality.maf.tests.SearchUsingHomePageTest" name="StandardNumberSearchWithSpecialCharactersInHome" time="0.0">
    <ignored/>
  </testcase> <!-- StandardNumberSearchWithSpecialCharactersInHome -->
  <testcase classname="com.trgr.quality.maf.tests.SearchUsingHomePageTest" name="ThematicSearchWithSecondLevelIntersection" time="0.0">
    <ignored/>
  </testcase> <!-- ThematicSearchWithSecondLevelIntersection -->
  <testcase classname="com.trgr.quality.maf.tests.SearchUsingHomePageTest" name="clearSearchDataSubmittedOnQuickSearch" time="0.0">
    <ignored/>
  </testcase> <!-- clearSearchDataSubmittedOnQuickSearch -->
  <testcase classname="com.trgr.quality.maf.tests.SearchUsingHomePageTest" name="ThematicSearchWithThreeLevelIntersection" time="0.0">
    <ignored/>
  </testcase> <!-- ThematicSearchWithThreeLevelIntersection -->
  <testcase classname="com.trgr.quality.maf.tests.SearchUsingHomePageTest" name="ThematicSearchUsingFreewordInHome" time="0.0">
    <ignored/>
  </testcase> <!-- ThematicSearchUsingFreewordInHome -->
  <testcase classname="com.trgr.quality.maf.tests.SearchUsingHomePageTest" name="FreewordSearchWithNoResultsInHome" time="0.0">
    <ignored/>
  </testcase> <!-- FreewordSearchWithNoResultsInHome -->
  <testcase classname="com.trgr.quality.maf.tests.SearchUsingHomePageTest" name="ClearThirdThematicSearchWithThreeLevelInputs" time="0.0">
    <ignored/>
  </testcase> <!-- ClearThirdThematicSearchWithThreeLevelInputs -->
  <testcase classname="com.trgr.quality.maf.tests.SearchUsingHomePageTest" name="ClearThematicSearchWithMultipleFields" time="0.0">
    <ignored/>
  </testcase> <!-- ClearThematicSearchWithMultipleFields -->
  <testcase classname="com.trgr.quality.maf.tests.SearchUsingHomePageTest" name="StandardNumberSearchWithLetters" time="0.0">
    <ignored/>
  </testcase> <!-- StandardNumberSearchWithLetters -->
  <testcase classname="com.trgr.quality.maf.tests.SearchUsingHomePageTest" name="clearStandardNumberSearchInHome" time="0.0">
    <ignored/>
  </testcase> <!-- clearStandardNumberSearchInHome -->
  <testcase classname="com.trgr.quality.maf.tests.SearchUsingHomePageTest" name="ClearFirstThematicSearchWithThreeLevelInputs" time="0.0">
    <ignored/>
  </testcase> <!-- ClearFirstThematicSearchWithThreeLevelInputs -->
  <testcase classname="com.trgr.quality.maf.tests.SearchUsingHomePageTest" name="StandardNumberSearchInHome" time="0.0">
    <ignored/>
  </testcase> <!-- StandardNumberSearchInHome -->
  <testcase classname="com.trgr.quality.maf.tests.SearchUsingHomePageTest" name="FreewordSearchWithSpecialCharactersInHome" time="0.0">
    <ignored/>
  </testcase> <!-- FreewordSearchWithSpecialCharactersInHome -->
  <testcase classname="com.trgr.quality.maf.tests.SearchUsingHomePageTest" name="ThematicSearchWithNoSuggestionsInHome" time="0.0">
    <ignored/>
  </testcase> <!-- ThematicSearchWithNoSuggestionsInHome -->
  <testcase classname="com.trgr.quality.maf.tests.SearchUsingHomePageTest" name="ClearSecondThematicSearchWithThreeLevelInputs" time="0.0">
    <ignored/>
  </testcase> <!-- ClearSecondThematicSearchWithThreeLevelInputs -->
  <testcase classname="com.trgr.quality.maf.tests.SearchUsingHomePageTest" name="SearchWithFreewordAndThematicKeyInHome" time="0.0">
    <ignored/>
  </testcase> <!-- SearchWithFreewordAndThematicKeyInHome -->
  <testcase classname="com.trgr.quality.maf.tests.SearchUsingHomePageTest" name="ClearSecondThematicSearchWithTwoLevelInputs" time="0.0">
    <ignored/>
  </testcase> <!-- ClearSecondThematicSearchWithTwoLevelInputs -->
  <testcase classname="com.trgr.quality.maf.tests.SearchUsingHomePageTest" name="searchUsingThematicQuickSearch" time="0.0">
    <ignored/>
  </testcase> <!-- searchUsingThematicQuickSearch -->
  <testcase classname="com.trgr.quality.maf.tests.SearchUsingHomePageTest" name="EmptyStandardNumberErroMessageInHome" time="0.0">
    <ignored/>
  </testcase> <!-- EmptyStandardNumberErroMessageInHome -->
  <testcase classname="com.trgr.quality.maf.tests.SearchUsingHomePageTest" name="ClickClearWithFreewordAndThematicKey" time="0.0">
    <ignored/>
  </testcase> <!-- ClickClearWithFreewordAndThematicKey -->
  <testcase classname="com.trgr.quality.maf.tests.SearchUsingHomePageTest" name="ThematicSearchWithSpecialCharactersInHome" time="0.0">
    <ignored/>
  </testcase> <!-- ThematicSearchWithSpecialCharactersInHome -->
</testsuite> <!-- SearchUsingHomePageTest -->
