<?xml version="1.0" encoding="UTF-8"?>
<!-- Generated by org.testng.reporters.JUnitXMLReporter -->
<testsuite ignored="0" hostname="TR-JDGMXY2" failures="1" tests="5" name="ValuationWheelsTest" time="379.373" errors="0" timestamp="2020-12-16T14:18:06 ART">
  <testcase classname="com.trgr.quality.maf.tests.ValuationWheelsTest" name="displayOfValuationofWheelsPageAndCheckForNoResultsMsg" time="18.441"/>
  <testcase classname="com.trgr.quality.maf.tests.ValuationWheelsTest" name="searchUsingAllFieldsAndDeliveryOption" time="121.617">
    <failure type="java.lang.AssertionError" message="The following asserts failed:
	MAFQABANG-528:Verify the Search Result page and Email Delivery of Valuation_of_Wheels expected [true] but found [false]">
      <![CDATA[java.lang.AssertionError: The following asserts failed:
MAFQABANG-528:Verify the Search Result page and Email Delivery of Valuation_of_Wheels expected [true] but found [false]
at com.trgr.quality.maf.tests.ValuationWheelsTest.searchUsingAllFieldsAndDeliveryOption(ValuationWheelsTest.java:209)
at java.base/java.util.ArrayList.forEach(ArrayList.java:1511)
... Removed 29 stack frames]]>
    </failure>
  </testcase> <!-- searchUsingAllFieldsAndDeliveryOption -->
  <testcase classname="com.trgr.quality.maf.tests.ValuationWheelsTest" name="modifySearchandclearDataValidations" time="71.611"/>
  <testcase classname="com.trgr.quality.maf.tests.ValuationWheelsTest" name="newSearchLinkOnSearchResultsPage" time="47.51"/>
  <testcase classname="com.trgr.quality.maf.tests.ValuationWheelsTest" name="SearchWithInSearchResults" time="85.76"/>
</testsuite> <!-- ValuationWheelsTest -->
