<?xml version="1.0" encoding="UTF-8"?>
<!-- Generated by org.testng.reporters.JUnitXMLReporter -->
<testsuite hostname="TR-JDGMXY2" failures="15" tests="15" name="ContentTreeTest" time="2829.974" errors="0" timestamp="8 Oct 2020 01:25:32 GMT">
  <testcase classname="com.trgr.quality.maf.tests.ContentTreeTest" name="ContentTreeDisplay" time="96.054">
    <failure type="java.lang.AssertionError" message="The following asserts failed:
	MAFQABANG-388:Search failed :aduana expected [true] but found [false]">
      <![CDATA[java.lang.AssertionError: The following asserts failed:
	MAFQABANG-388:Search failed :aduana expected [true] but found [false]
	at com.trgr.quality.maf.tests.ContentTreeTest.ContentTreeDisplay(ContentTreeTest.java:145)
... Removed 25 stack frames]]>
    </failure>
  </testcase> <!-- ContentTreeDisplay -->
  <testcase classname="com.trgr.quality.maf.tests.ContentTreeTest" name="showSecondLevelContentTree" time="96.028">
    <failure type="java.lang.AssertionError" message="The following asserts failed:
	MAFQABANG-391:Search failed :Constitución de la Nación expected [true] but found [false]">
      <![CDATA[java.lang.AssertionError: The following asserts failed:
	MAFQABANG-391:Search failed :Constitución de la Nación expected [true] but found [false]
	at com.trgr.quality.maf.tests.ContentTreeTest.showSecondLevelContentTree(ContentTreeTest.java:216)
... Removed 25 stack frames]]>
    </failure>
  </testcase> <!-- showSecondLevelContentTree -->
  <testcase classname="com.trgr.quality.maf.tests.ContentTreeTest" name="showSecondLevelContentTreeInMex" time="98.047">
    <failure type="java.lang.AssertionError" message="The following asserts failed:
	MAFQABANG-391:Search failed :Constitución de la Nación expected [true] but found [false]">
      <![CDATA[java.lang.AssertionError: The following asserts failed:
	MAFQABANG-391:Search failed :Constitución de la Nación expected [true] but found [false]
	at com.trgr.quality.maf.tests.ContentTreeTest.showSecondLevelContentTreeInMex(ContentTreeTest.java:1217)
... Removed 25 stack frames]]>
    </failure>
  </testcase> <!-- showSecondLevelContentTreeInMex -->
  <testcase classname="com.trgr.quality.maf.tests.ContentTreeTest" name="showListOfDocumentFrmContentTree" time="184.198">
    <failure type="java.lang.AssertionError" message="The following asserts failed:
	MAFQABANG-392:Search failed :Constitución de la Nación expected [true] but found [false],
	MAFQABANG-392:Search failed :aduana expected [true] but found [false]">
      <![CDATA[java.lang.AssertionError: The following asserts failed:
	MAFQABANG-392:Search failed :Constitución de la Nación expected [true] but found [false],
	MAFQABANG-392:Search failed :aduana expected [true] but found [false]
	at com.trgr.quality.maf.tests.ContentTreeTest.showListOfDocumentFrmContentTree(ContentTreeTest.java:294)
... Removed 25 stack frames]]>
    </failure>
  </testcase> <!-- showListOfDocumentFrmContentTree -->
  <testcase classname="com.trgr.quality.maf.tests.ContentTreeTest" name="showListOfDocumentFrmContentTreeInMex" time="188.788">
    <failure type="java.lang.AssertionError" message="The following asserts failed:
	MAFQABANG-392:Search failed :Constitución de la Nación expected [true] but found [false],
	MAFQABANG-392:Search failed :aduana expected [true] but found [false]">
      <![CDATA[java.lang.AssertionError: The following asserts failed:
	MAFQABANG-392:Search failed :Constitución de la Nación expected [true] but found [false],
	MAFQABANG-392:Search failed :aduana expected [true] but found [false]
	at com.trgr.quality.maf.tests.ContentTreeTest.showListOfDocumentFrmContentTreeInMex(ContentTreeTest.java:1138)
... Removed 25 stack frames]]>
    </failure>
  </testcase> <!-- showListOfDocumentFrmContentTreeInMex -->
  <testcase classname="com.trgr.quality.maf.tests.ContentTreeTest" name="ContentTreeValidations" time="108.696">
    <failure type="java.lang.AssertionError" message="The following asserts failed:
	MAFAUTO-147 : Search for entire content (List View) from Search Page expected [true] but found [false],
	Exception in Test expected [true] but found [false]">
      <![CDATA[java.lang.AssertionError: The following asserts failed:
	MAFAUTO-147 : Search for entire content (List View) from Search Page expected [true] but found [false],
	Exception in Test expected [true] but found [false]
	at com.trgr.quality.maf.tests.ContentTreeTest.ContentTreeValidations(ContentTreeTest.java:387)
... Removed 25 stack frames]]>
    </failure>
  </testcase> <!-- ContentTreeValidations -->
  <testcase classname="com.trgr.quality.maf.tests.ContentTreeTest" name="ResultListTocectoryShow" time="98.044">
    <failure type="java.lang.AssertionError" message="The following asserts failed:
	MAFAUTO-105 : Search from Search Page :impuesto sobre la renta expected [true] but found [false],
	Exception in Test expected [true] but found [false]">
      <![CDATA[java.lang.AssertionError: The following asserts failed:
	MAFAUTO-105 : Search from Search Page :impuesto sobre la renta expected [true] but found [false],
	Exception in Test expected [true] but found [false]
	at com.trgr.quality.maf.tests.ContentTreeTest.ResultListTocectoryShow(ContentTreeTest.java:457)
... Removed 25 stack frames]]>
    </failure>
  </testcase> <!-- ResultListTocectoryShow -->
  <testcase classname="com.trgr.quality.maf.tests.ContentTreeTest" name="LegislationContentTreeNavigation" time="86.312">
    <failure type="java.lang.AssertionError" message="The following asserts failed:
	Exception in Test expected [true] but found [false]">
      <![CDATA[java.lang.AssertionError: The following asserts failed:
	Exception in Test expected [true] but found [false]
	at com.trgr.quality.maf.tests.ContentTreeTest.LegislationContentTreeNavigation(ContentTreeTest.java:531)
... Removed 25 stack frames]]>
    </failure>
  </testcase> <!-- LegislationContentTreeNavigation -->
  <testcase classname="com.trgr.quality.maf.tests.ContentTreeTest" name="resultListTreeForThematicSearchCheckVoces" time="242.37">
    <failure type="java.lang.AssertionError" message="The following asserts failed:
	Suggestions dropdown displayed  expected [true] but found [false],
	MAFQABANG-49 : Using thematic search from search page expected [true] but found [false],
	Thematic Search - Resultlist Tree -  and Voces expected [true] but found [false]">
      <![CDATA[java.lang.AssertionError: The following asserts failed:
	Suggestions dropdown displayed  expected [true] but found [false],
	MAFQABANG-49 : Using thematic search from search page expected [true] but found [false],
	Thematic Search - Resultlist Tree -  and Voces expected [true] but found [false]
	at com.trgr.quality.maf.tests.ContentTreeTest.resultListTreeForThematicSearchCheckVoces(ContentTreeTest.java:635)
... Removed 25 stack frames]]>
    </failure>
  </testcase> <!-- resultListTreeForThematicSearchCheckVoces -->
  <testcase classname="com.trgr.quality.maf.tests.ContentTreeTest" name="JurisprudenceContentTreeNavigation" time="143.172">
    <failure type="java.lang.AssertionError" message="The following asserts failed:
	MAFAUTO-110 : Content tree navigation &amp;amp; Expand Level 2 link validated for :Jurisprudencia SCJN-TFJA expected [true] but found [false],
	MAFAUTO-110 : Content tree navigation &amp;amp; Collapse Level 1 link validated: Jurisprudencia SCJN-TFJA expected [true] but found [false]">
      <![CDATA[java.lang.AssertionError: The following asserts failed:
	MAFAUTO-110 : Content tree navigation & Expand Level 2 link validated for :Jurisprudencia SCJN-TFJA expected [true] but found [false],
	MAFAUTO-110 : Content tree navigation & Collapse Level 1 link validated: Jurisprudencia SCJN-TFJA expected [true] but found [false]
	at com.trgr.quality.maf.tests.ContentTreeTest.JurisprudenceContentTreeNavigation(ContentTreeTest.java:706)
... Removed 25 stack frames]]>
    </failure>
  </testcase> <!-- JurisprudenceContentTreeNavigation -->
  <testcase classname="com.trgr.quality.maf.tests.ContentTreeTest" name="ValidatingContentTreeAndFinalValidatyDate" time="307.083">
    <failure type="java.lang.AssertionError" message="The following asserts failed:
	MAFAUTO-234 : Validate Content Tree &amp;amp; Final Validity Date : Tree Content expected [true] but found [false],
	MAFAUTO-234 : Validate Content Tree &amp;amp; Final Validity Date : Document Display expected [true] but found [false],
	Exception in Test expected [true] but found [false]">
      <![CDATA[java.lang.AssertionError: The following asserts failed:
	MAFAUTO-234 : Validate Content Tree & Final Validity Date : Tree Content expected [true] but found [false],
	MAFAUTO-234 : Validate Content Tree & Final Validity Date : Document Display expected [true] but found [false],
	Exception in Test expected [true] but found [false]
	at com.trgr.quality.maf.tests.ContentTreeTest.ValidatingContentTreeAndFinalValidatyDate(ContentTreeTest.java:773)
... Removed 25 stack frames]]>
    </failure>
  </testcase> <!-- ValidatingContentTreeAndFinalValidatyDate -->
  <testcase classname="com.trgr.quality.maf.tests.ContentTreeTest" name="validatingContentTreeAndIssuingBody" time="285.999">
    <failure type="java.lang.AssertionError" message="The following asserts failed:
	MAFAUTO-236 : Validate Content Tree &amp;amp; Issuing Body  : Tree Content expected [true] but found [false],
	MAFAUTO-236 : Validate Content Tree &amp;amp; Issuing Body  : Document Display expected [true] but found [false],
	Exception in Test expected [true] but found [false]">
      <![CDATA[java.lang.AssertionError: The following asserts failed:
	MAFAUTO-236 : Validate Content Tree & Issuing Body  : Tree Content expected [true] but found [false],
	MAFAUTO-236 : Validate Content Tree & Issuing Body  : Document Display expected [true] but found [false],
	Exception in Test expected [true] but found [false]
	at com.trgr.quality.maf.tests.ContentTreeTest.validatingContentTreeAndIssuingBody(ContentTreeTest.java:848)
... Removed 25 stack frames]]>
    </failure>
  </testcase> <!-- validatingContentTreeAndIssuingBody -->
  <testcase classname="com.trgr.quality.maf.tests.ContentTreeTest" name="LegislationTreeAndDocumentDisplay" time="273.483">
    <failure type="java.lang.AssertionError" message="The following asserts failed:
	Document found in tree view expected [true] but found [false],
	MAFAUTO-108:Fetching Document from tree view expected [true] but found [false],
	MAFAUTO-108: Exception in Test expected [true] but found [false]">
      <![CDATA[java.lang.AssertionError: The following asserts failed:
	Document found in tree view expected [true] but found [false],
	MAFAUTO-108:Fetching Document from tree view expected [true] but found [false],
	MAFAUTO-108: Exception in Test expected [true] but found [false]
	at com.trgr.quality.maf.tests.ContentTreeTest.LegislationTreeAndDocumentDisplay(ContentTreeTest.java:936)
... Removed 25 stack frames]]>
    </failure>
  </testcase> <!-- LegislationTreeAndDocumentDisplay -->
  <testcase classname="com.trgr.quality.maf.tests.ContentTreeTest" name="ValidatingDocumentContentfromContentTree" time="292.484">
    <failure type="java.lang.AssertionError" message="The following asserts failed:
	Exception in Test expected [true] but found [false]">
      <![CDATA[java.lang.AssertionError: The following asserts failed:
	Exception in Test expected [true] but found [false]
	at com.trgr.quality.maf.tests.ContentTreeTest.ValidatingDocumentContentfromContentTree(ContentTreeTest.java:996)
... Removed 25 stack frames]]>
    </failure>
  </testcase> <!-- ValidatingDocumentContentfromContentTree -->
  <testcase classname="com.trgr.quality.maf.tests.ContentTreeTest" name="automaticChunk" time="284.684">
    <failure type="java.lang.AssertionError" message="The following asserts failed:
	Exception in Test expected [true] but found [false]">
      <![CDATA[java.lang.AssertionError: The following asserts failed:
	Exception in Test expected [true] but found [false]
	at com.trgr.quality.maf.tests.ContentTreeTest.automaticChunk(ContentTreeTest.java:1060)
... Removed 25 stack frames]]>
    </failure>
  </testcase> <!-- automaticChunk -->
</testsuite> <!-- ContentTreeTest -->
