<?xml version="1.0" encoding="UTF-8"?>
<!-- Generated by org.testng.reporters.JUnitXMLReporter -->
<testsuite hostname="TR-JDGMXY2" failures="25" tests="37" name="DocumentDisplayTest" time="6000.663" errors="0" timestamp="7 Oct 2020 22:24:58 GMT">
  <testcase classname="com.trgr.quality.maf.tests.DocumentDisplayTest" name="documentValidationForArticleAndVoces" time="299.974"/>
  <testcase classname="com.trgr.quality.maf.tests.DocumentDisplayTest" name="enlargeAndReduceFontOnDocument" time="290.327">
    <failure type="java.lang.AssertionError" message="The following asserts failed:
	MAFAUTO-180 : Document Display Change Font Size : Tree Content expected [true] but found [false],
	Exception in Test expected [true] but found [false]">
      <![CDATA[java.lang.AssertionError: The following asserts failed:
	MAFAUTO-180 : Document Display Change Font Size : Tree Content expected [true] but found [false],
	Exception in Test expected [true] but found [false]
	at com.trgr.quality.maf.tests.DocumentDisplayTest.enlargeAndReduceFontOnDocument(DocumentDisplayTest.java:267)
... Removed 25 stack frames]]>
    </failure>
  </testcase> <!-- enlargeAndReduceFontOnDocument -->
  <testcase classname="com.trgr.quality.maf.tests.DocumentDisplayTest" name="relationshipAtParagraphLevel" time="45.724">
    <failure type="java.lang.AssertionError" message="The following asserts failed:
	MAFAUTO-130:Search failed : expected [true] but found [false]">
      <![CDATA[java.lang.AssertionError: The following asserts failed:
	MAFAUTO-130:Search failed : expected [true] but found [false]
	at com.trgr.quality.maf.tests.DocumentDisplayTest.relationshipAtParagraphLevel(DocumentDisplayTest.java:3577)
... Removed 25 stack frames]]>
    </failure>
  </testcase> <!-- relationshipAtParagraphLevel -->
  <testcase classname="com.trgr.quality.maf.tests.DocumentDisplayTest" name="documentDisplayForDoctrinaAndJurisprudence" time="48.535">
    <failure type="java.lang.AssertionError" message="The following asserts failed:
	Exception in Test expected [true] but found [false]">
      <![CDATA[java.lang.AssertionError: The following asserts failed:
	Exception in Test expected [true] but found [false]
	at com.trgr.quality.maf.tests.DocumentDisplayTest.documentDisplayForDoctrinaAndJurisprudence(DocumentDisplayTest.java:360)
... Removed 25 stack frames]]>
    </failure>
  </testcase> <!-- documentDisplayForDoctrinaAndJurisprudence -->
  <testcase classname="com.trgr.quality.maf.tests.DocumentDisplayTest" name="documentDisplayNavigationOptions" time="196.137">
    <failure type="java.lang.AssertionError" message="The following asserts failed:
	Document Dispaly Navigation Links:MAFQABANG-80 expected [true] but found [false],
	Document Dispaly Navigation Links:MAFQABANG-80 expected [true] but found [false],
	Document Dispaly Navigation Links:MAFQABANG-80 expected [true] but found [false],
	Document Dispaly Navigation Links:MAFQABANG-80 expected [true] but found [false]">
      <![CDATA[java.lang.AssertionError: The following asserts failed:
	Document Dispaly Navigation Links:MAFQABANG-80 expected [true] but found [false],
	Document Dispaly Navigation Links:MAFQABANG-80 expected [true] but found [false],
	Document Dispaly Navigation Links:MAFQABANG-80 expected [true] but found [false],
	Document Dispaly Navigation Links:MAFQABANG-80 expected [true] but found [false]
	at com.trgr.quality.maf.tests.DocumentDisplayTest.documentDisplayNavigationOptions(DocumentDisplayTest.java:477)
... Removed 25 stack frames]]>
    </failure>
  </testcase> <!-- documentDisplayNavigationOptions -->
  <testcase classname="com.trgr.quality.maf.tests.DocumentDisplayTest" name="resultListTabNaviagtionOptions" time="77.457"/>
  <testcase classname="com.trgr.quality.maf.tests.DocumentDisplayTest" name="followExistingDocument" time="35.477"/>
  <testcase classname="com.trgr.quality.maf.tests.DocumentDisplayTest" name="followTheDocument" time="65.047"/>
  <testcase classname="com.trgr.quality.maf.tests.DocumentDisplayTest" name="followDocumentAlert" time="120.392">
    <failure type="java.lang.AssertionError" message="The following asserts failed:
	Legislation - Document Display - Trackit:MAFAUTO-186 expected [true] but found [false],
	Exception in Test expected [true] but found [false]">
      <![CDATA[java.lang.AssertionError: The following asserts failed:
	Legislation - Document Display - Trackit:MAFAUTO-186 expected [true] but found [false],
	Exception in Test expected [true] but found [false]
	at com.trgr.quality.maf.tests.DocumentDisplayTest.followDocumentAlert(DocumentDisplayTest.java:840)
... Removed 25 stack frames]]>
    </failure>
  </testcase> <!-- followDocumentAlert -->
  <testcase classname="com.trgr.quality.maf.tests.DocumentDisplayTest" name="saveAndScheduleResultList" time="77.78"/>
  <testcase classname="com.trgr.quality.maf.tests.DocumentDisplayTest" name="saveAndScheduleDocDisplay" time="91.417"/>
  <testcase classname="com.trgr.quality.maf.tests.DocumentDisplayTest" name="highlightOfSearchTextOnDocDisplay" time="40.889"/>
  <testcase classname="com.trgr.quality.maf.tests.DocumentDisplayTest" name="navigationWithIndexOnDocDisplayforAll" time="46.504"/>
  <testcase classname="com.trgr.quality.maf.tests.DocumentDisplayTest" name="navigationWithIndexOnDocDisplay" time="48.721"/>
  <testcase classname="com.trgr.quality.maf.tests.DocumentDisplayTest" name="popUpRelationOfCorelation" time="450.006">
    <failure type="java.lang.AssertionError" message="The following asserts failed:
	MAFAUTO-235 : Validate Content Tree and Corelation POP UP  : Document Display expected [true] but found [false],
	MAFAUTO-235 : Validate Content Tree and Corelation POP UP  expected [true] but found [false],
	Exception in Test expected [true] but found [false]">
      <![CDATA[java.lang.AssertionError: The following asserts failed:
	MAFAUTO-235 : Validate Content Tree and Corelation POP UP  : Document Display expected [true] but found [false],
	MAFAUTO-235 : Validate Content Tree and Corelation POP UP  expected [true] but found [false],
	Exception in Test expected [true] but found [false]
	at com.trgr.quality.maf.tests.DocumentDisplayTest.popUpRelationOfCorelation(DocumentDisplayTest.java:3752)
... Removed 25 stack frames]]>
    </failure>
  </testcase> <!-- popUpRelationOfCorelation -->
  <testcase classname="com.trgr.quality.maf.tests.DocumentDisplayTest" name="corelationVersionPopupComparison" time="494.438">
    <failure type="java.lang.AssertionError" message="The following asserts failed:
	MAFAUTO-252 : Legislation - Tooltip - Add Help icon when versions of articles are compared : Document Display expected [true] but found [false],
	MAFAUTO-252 : Legislation - Tooltip - Add Help icon when versions of articles are compared expected [true] but found [false]">
      <![CDATA[java.lang.AssertionError: The following asserts failed:
	MAFAUTO-252 : Legislation - Tooltip - Add Help icon when versions of articles are compared : Document Display expected [true] but found [false],
	MAFAUTO-252 : Legislation - Tooltip - Add Help icon when versions of articles are compared expected [true] but found [false]
	at com.trgr.quality.maf.tests.DocumentDisplayTest.corelationVersionPopupComparison(DocumentDisplayTest.java:3837)
... Removed 25 stack frames]]>
    </failure>
  </testcase> <!-- corelationVersionPopupComparison -->
  <testcase classname="com.trgr.quality.maf.tests.DocumentDisplayTest" name="navigationUsingcontentTreeOnDocumentDisplay" time="97.126">
    <failure type="java.lang.AssertionError" message="The following asserts failed:
	MAFQABANG-86:Search failed : expected [true] but found [false]">
      <![CDATA[java.lang.AssertionError: The following asserts failed:
	MAFQABANG-86:Search failed : expected [true] but found [false]
	at com.trgr.quality.maf.tests.DocumentDisplayTest.navigationUsingcontentTreeOnDocumentDisplay(DocumentDisplayTest.java:1497)
... Removed 25 stack frames]]>
    </failure>
  </testcase> <!-- navigationUsingcontentTreeOnDocumentDisplay -->
  <testcase classname="com.trgr.quality.maf.tests.DocumentDisplayTest" name="withScrollValdiateHeaderTitle" time="465.964">
    <failure type="java.lang.AssertionError" message="The following asserts failed:
	MAFAUTO-247 : Legislación pop-up views with automatic chunking : Document Display expected [true] but found [false],
	MAFAUTO-247 : all sub links are present in the left section expected [true] but found [false],
	MAFAUTO-247 : heading displayed when pop up opened expected [true] but found [false],
	MAFAUTO-247 : heading displayed when scrolled to particular article number expected [true] but found [false],
	MAFAUTO-247 : Legislación pop-up views with automatic chunking expected [true] but found [false]">
      <![CDATA[java.lang.AssertionError: The following asserts failed:
	MAFAUTO-247 : Legislación pop-up views with automatic chunking : Document Display expected [true] but found [false],
	MAFAUTO-247 : all sub links are present in the left section expected [true] but found [false],
	MAFAUTO-247 : heading displayed when pop up opened expected [true] but found [false],
	MAFAUTO-247 : heading displayed when scrolled to particular article number expected [true] but found [false],
	MAFAUTO-247 : Legislación pop-up views with automatic chunking expected [true] but found [false]
	at com.trgr.quality.maf.tests.DocumentDisplayTest.withScrollValdiateHeaderTitle(DocumentDisplayTest.java:4018)
... Removed 25 stack frames]]>
    </failure>
  </testcase> <!-- withScrollValdiateHeaderTitle -->
  <testcase classname="com.trgr.quality.maf.tests.DocumentDisplayTest" name="searchResultsWidget" time="50.628">
    <failure type="java.lang.AssertionError" message="The following asserts failed:
	Exception in Test expected [true] but found [false]">
      <![CDATA[java.lang.AssertionError: The following asserts failed:
	Exception in Test expected [true] but found [false]
	at com.trgr.quality.maf.tests.DocumentDisplayTest.searchResultsWidget(DocumentDisplayTest.java:1567)
... Removed 25 stack frames]]>
    </failure>
  </testcase> <!-- searchResultsWidget -->
  <testcase classname="com.trgr.quality.maf.tests.DocumentDisplayTest" name="pageNavigationOnResultList" time="80.987">
    <failure type="java.lang.AssertionError" message="The following asserts failed:
	MAFAUTO-150:Search failed : expected [true] but found [false]">
      <![CDATA[java.lang.AssertionError: The following asserts failed:
	MAFAUTO-150:Search failed : expected [true] but found [false]
	at com.trgr.quality.maf.tests.DocumentDisplayTest.pageNavigationOnResultList(DocumentDisplayTest.java:1840)
... Removed 25 stack frames]]>
    </failure>
  </testcase> <!-- pageNavigationOnResultList -->
  <testcase classname="com.trgr.quality.maf.tests.DocumentDisplayTest" name="headerDisplayOnDocument" time="79.615">
    <failure type="java.lang.AssertionError" message="The following asserts failed:
	MAFAUTO-211:Search failed : expected [true] but found [false]">
      <![CDATA[java.lang.AssertionError: The following asserts failed:
	MAFAUTO-211:Search failed : expected [true] but found [false]
	at com.trgr.quality.maf.tests.DocumentDisplayTest.headerDisplayOnDocument(DocumentDisplayTest.java:1896)
... Removed 25 stack frames]]>
    </failure>
  </testcase> <!-- headerDisplayOnDocument -->
  <testcase classname="com.trgr.quality.maf.tests.DocumentDisplayTest" name="displayOfDocumentDisplayPage" time="81.393">
    <failure type="java.lang.AssertionError" message="The following asserts failed:
	MAFAUTO-181:Search failed : expected [true] but found [false]">
      <![CDATA[java.lang.AssertionError: The following asserts failed:
	MAFAUTO-181:Search failed : expected [true] but found [false]
	at com.trgr.quality.maf.tests.DocumentDisplayTest.displayOfDocumentDisplayPage(DocumentDisplayTest.java:1963)
... Removed 25 stack frames]]>
    </failure>
  </testcase> <!-- displayOfDocumentDisplayPage -->
  <testcase classname="com.trgr.quality.maf.tests.DocumentDisplayTest" name="followDocumentWidget" time="335.836">
    <failure type="java.lang.AssertionError" message="The following asserts failed:
	MAFAUTO-100 : Validate Content Tree and Corelation POP UP  : Document Display expected [true] but found [false],
	Exception in Test expected [true] but found [false]">
      <![CDATA[java.lang.AssertionError: The following asserts failed:
	MAFAUTO-100 : Validate Content Tree and Corelation POP UP  : Document Display expected [true] but found [false],
	Exception in Test expected [true] but found [false]
	at com.trgr.quality.maf.tests.DocumentDisplayTest.followDocumentWidget(DocumentDisplayTest.java:2081)
... Removed 25 stack frames]]>
    </failure>
  </testcase> <!-- followDocumentWidget -->
  <testcase classname="com.trgr.quality.maf.tests.DocumentDisplayTest" name="toolTipsOnDocumentDisplay" time="376.641">
    <failure type="java.lang.AssertionError" message="The following asserts failed:
	MAFAUTO-124 : Document Display ToolTips : Document Display expected [true] but found [false],
	Document Display ToolTips:MAFAUTO-124 expected [true] but found [false],
	Document Display ToolTips:MAFAUTO-124 expected [true] but found [false],
	Document Display ToolTips:MAFAUTO-124 expected [true] but found [false],
	Document Display ToolTips:MAFAUTO-124 expected [true] but found [false],
	Document Display ToolTips:MAFAUTO-124 expected [true] but found [false]">
      <![CDATA[java.lang.AssertionError: The following asserts failed:
	MAFAUTO-124 : Document Display ToolTips : Document Display expected [true] but found [false],
	Document Display ToolTips:MAFAUTO-124 expected [true] but found [false],
	Document Display ToolTips:MAFAUTO-124 expected [true] but found [false],
	Document Display ToolTips:MAFAUTO-124 expected [true] but found [false],
	Document Display ToolTips:MAFAUTO-124 expected [true] but found [false],
	Document Display ToolTips:MAFAUTO-124 expected [true] but found [false]
	at com.trgr.quality.maf.tests.DocumentDisplayTest.toolTipsOnDocumentDisplay(DocumentDisplayTest.java:2249)
... Removed 25 stack frames]]>
    </failure>
  </testcase> <!-- toolTipsOnDocumentDisplay -->
  <testcase classname="com.trgr.quality.maf.tests.DocumentDisplayTest" name="keywordsOnDocumentDisplay" time="80.691">
    <failure type="java.lang.AssertionError" message="The following asserts failed:
	MAFQABANG-88:Search failed : expected [true] but found [false]">
      <![CDATA[java.lang.AssertionError: The following asserts failed:
	MAFQABANG-88:Search failed : expected [true] but found [false]
	at com.trgr.quality.maf.tests.DocumentDisplayTest.keywordsOnDocumentDisplay(DocumentDisplayTest.java:2324)
... Removed 25 stack frames]]>
    </failure>
  </testcase> <!-- keywordsOnDocumentDisplay -->
  <testcase classname="com.trgr.quality.maf.tests.DocumentDisplayTest" name="LegislationReformsAndContentTree" time="552.336">
    <failure type="java.lang.AssertionError" message="The following asserts failed:
	MAFAUTO-126:Fetching Document from tree view expected [true] but found [false],
	MAFAUTO-126:Legislation - Document Display - Legislation Versions (Combo Histórico Legislativo) : Latest Reform option is available with Tootip message expected [true] but found [false],
	MAFAUTO-126:Legislation - Document Display - Legislation Versions (Combo Histórico Legislativo) : Left panel displays History and Date  expected [true] but found [false],
	MAFAUTO-126:Legislation - Document Display - Legislation Versions (Combo Histórico Legislativo) : Left panel displays related documents expected [true] but found [false],
	MAFAUTO-126:Legislation - Document Display - Legislation Versions (Combo Histórico Legislativo) : First Item in related Document is not a link expected [true] but found [false],
	MAFAUTO-126:Legislation - Document Display - Legislation Versions (Combo Histórico Legislativo) : Second Item in related Document is a link expected [true] but found [false]">
      <![CDATA[java.lang.AssertionError: The following asserts failed:
	MAFAUTO-126:Fetching Document from tree view expected [true] but found [false],
	MAFAUTO-126:Legislation - Document Display - Legislation Versions (Combo Histórico Legislativo) : Latest Reform option is available with Tootip message expected [true] but found [false],
	MAFAUTO-126:Legislation - Document Display - Legislation Versions (Combo Histórico Legislativo) : Left panel displays History and Date  expected [true] but found [false],
	MAFAUTO-126:Legislation - Document Display - Legislation Versions (Combo Histórico Legislativo) : Left panel displays related documents expected [true] but found [false],
	MAFAUTO-126:Legislation - Document Display - Legislation Versions (Combo Histórico Legislativo) : First Item in related Document is not a link expected [true] but found [false],
	MAFAUTO-126:Legislation - Document Display - Legislation Versions (Combo Histórico Legislativo) : Second Item in related Document is a link expected [true] but found [false]
	at com.trgr.quality.maf.tests.DocumentDisplayTest.LegislationReformsAndContentTree(DocumentDisplayTest.java:2843)
... Removed 25 stack frames]]>
    </failure>
  </testcase> <!-- LegislationReformsAndContentTree -->
  <testcase classname="com.trgr.quality.maf.tests.DocumentDisplayTest" name="facteingOnResultList" time="79.15">
    <failure type="java.lang.AssertionError" message="The following asserts failed:
	MAFQABANG-100:Search failed : expected [true] but found [false]">
      <![CDATA[java.lang.AssertionError: The following asserts failed:
	MAFQABANG-100:Search failed : expected [true] but found [false]
	at com.trgr.quality.maf.tests.DocumentDisplayTest.facteingOnResultList(DocumentDisplayTest.java:2386)
... Removed 25 stack frames]]>
    </failure>
  </testcase> <!-- facteingOnResultList -->
  <testcase classname="com.trgr.quality.maf.tests.DocumentDisplayTest" name="displayDocumentForDoctrine" time="52.532">
    <failure type="java.lang.AssertionError" message="The following asserts failed:
	Exception in Test expected [true] but found [false]">
      <![CDATA[java.lang.AssertionError: The following asserts failed:
	Exception in Test expected [true] but found [false]
	at com.trgr.quality.maf.tests.DocumentDisplayTest.displayDocumentForDoctrine(DocumentDisplayTest.java:2444)
... Removed 25 stack frames]]>
    </failure>
  </testcase> <!-- displayDocumentForDoctrine -->
  <testcase classname="com.trgr.quality.maf.tests.DocumentDisplayTest" name="deliveryUsingPrintAndExportOnDocDisplay" time="53.057">
    <failure type="java.lang.AssertionError" message="The following asserts failed:
	Exception in Test expected [true] but found [false]">
      <![CDATA[java.lang.AssertionError: The following asserts failed:
	Exception in Test expected [true] but found [false]
	at com.trgr.quality.maf.tests.DocumentDisplayTest.deliveryUsingPrintAndExportOnDocDisplay(DocumentDisplayTest.java:2522)
... Removed 25 stack frames]]>
    </failure>
  </testcase> <!-- deliveryUsingPrintAndExportOnDocDisplay -->
  <testcase classname="com.trgr.quality.maf.tests.DocumentDisplayTest" name="deliveryOfJurisprudenceDocument" time="299.264">
    <failure type="java.lang.AssertionError" message="The following asserts failed:
	MAFAUTO-113Document Display - Delivery for Jurisprudence document expected [true] but found [false],
	Exception in Test expected [true] but found [false]">
      <![CDATA[java.lang.AssertionError: The following asserts failed:
	MAFAUTO-113Document Display - Delivery for Jurisprudence document expected [true] but found [false],
	Exception in Test expected [true] but found [false]
	at com.trgr.quality.maf.tests.DocumentDisplayTest.deliveryOfJurisprudenceDocument(DocumentDisplayTest.java:2642)
... Removed 25 stack frames]]>
    </failure>
  </testcase> <!-- deliveryOfJurisprudenceDocument -->
  <testcase classname="com.trgr.quality.maf.tests.DocumentDisplayTest" name="displayOfDocumentFromGlobalSearch" time="86.36"/>
  <testcase classname="com.trgr.quality.maf.tests.DocumentDisplayTest" name="footNotesInDocDisplay" time="84.44">
    <failure type="java.lang.AssertionError" message="The following asserts failed:
	MAFAUTO-243:Search failed : expected [true] but found [false]">
      <![CDATA[java.lang.AssertionError: The following asserts failed:
	MAFAUTO-243:Search failed : expected [true] but found [false]
	at com.trgr.quality.maf.tests.DocumentDisplayTest.footNotesInDocDisplay(DocumentDisplayTest.java:3924)
... Removed 25 stack frames]]>
    </failure>
  </testcase> <!-- footNotesInDocDisplay -->
  <testcase classname="com.trgr.quality.maf.tests.DocumentDisplayTest" name="toolTipOnDocumentDisplay" time="44.193"/>
  <testcase classname="com.trgr.quality.maf.tests.DocumentDisplayTest" name="toolTipOnDocumentDisplayforWithoutEffect" time="48.373"/>
  <testcase classname="com.trgr.quality.maf.tests.DocumentDisplayTest" name="displayOfTabOnFormsSearch" time="50.145">
    <failure type="java.lang.AssertionError" message="Exception in Test expected [true] but found [false]">
      <![CDATA[java.lang.AssertionError: Exception in Test expected [true] but found [false]
	at com.trgr.quality.maf.tests.DocumentDisplayTest.displayOfTabOnFormsSearch(DocumentDisplayTest.java:3093)
... Removed 27 stack frames]]>
    </failure>
  </testcase> <!-- displayOfTabOnFormsSearch -->
  <testcase classname="com.trgr.quality.maf.tests.DocumentDisplayTest" name="reformsAnalysisForLegislation" time="269.2">
    <failure type="java.lang.AssertionError" message="The following asserts failed:
	Document fetched from tree content expected [true] but found [false],
	Exception in Test expected [true] but found [false]">
      <![CDATA[java.lang.AssertionError: The following asserts failed:
	Document fetched from tree content expected [true] but found [false],
	Exception in Test expected [true] but found [false]
	at com.trgr.quality.maf.tests.DocumentDisplayTest.reformsAnalysisForLegislation(DocumentDisplayTest.java:3181)
... Removed 25 stack frames]]>
    </failure>
  </testcase> <!-- reformsAnalysisForLegislation -->
  <testcase classname="com.trgr.quality.maf.tests.DocumentDisplayTest" name="relatedDocsForLegislation" time="271.889">
    <failure type="java.lang.AssertionError" message="The following asserts failed:
	Document fetched from tree content expected [true] but found [false],
	Verify links for all Related Legislations in page One expected [true] but found [false],
	Verify links for all Related Legislations in page Two expected [true] but found [false],
	Legislation - Document Display - Top line link that will display important related docs.: Related document fetched LAMP expected [true] but found [false],
	Exception in Test expected [true] but found [false]">
      <![CDATA[java.lang.AssertionError: The following asserts failed:
	Document fetched from tree content expected [true] but found [false],
	Verify links for all Related Legislations in page One expected [true] but found [false],
	Verify links for all Related Legislations in page Two expected [true] but found [false],
	Legislation - Document Display - Top line link that will display important related docs.: Related document fetched LAMP expected [true] but found [false],
	Exception in Test expected [true] but found [false]
	at com.trgr.quality.maf.tests.DocumentDisplayTest.relatedDocsForLegislation(DocumentDisplayTest.java:3319)
... Removed 25 stack frames]]>
    </failure>
  </testcase> <!-- relatedDocsForLegislation -->
</testsuite> <!-- DocumentDisplayTest -->
