<?xml version="1.0" encoding="UTF-8"?>
<!-- Generated by org.testng.reporters.JUnitXMLReporter -->
<testsuite hostname="TR-JDGMXY2" failures="3" tests="3" name="DocValidationFromSearchResultsTest" time="179.907" errors="0" timestamp="7 Oct 2020 19:52:33 GMT">
  <testcase classname="com.trgr.quality.maf.tests.DocValidationFromSearchResultsTest" name="improvedRankingForDoctrineSearch" time="48.875">
    <failure type="java.lang.AssertionError" message="The following asserts failed:
	Exception in Test expected [true] but found [false]">
      <![CDATA[java.lang.AssertionError: The following asserts failed:
	Exception in Test expected [true] but found [false]
	at com.trgr.quality.maf.tests.DocValidationFromSearchResultsTest.improvedRankingForDoctrineSearch(DocValidationFromSearchResultsTest.java:113)
... Removed 25 stack frames]]>
    </failure>
  </testcase> <!-- improvedRankingForDoctrineSearch -->
  <testcase classname="com.trgr.quality.maf.tests.DocValidationFromSearchResultsTest" name="improvedRankingForLegislationSearch" time="48.964">
    <failure type="java.lang.AssertionError" message="The following asserts failed:
	Exception in Test expected [true] but found [false]">
      <![CDATA[java.lang.AssertionError: The following asserts failed:
	Exception in Test expected [true] but found [false]
	at com.trgr.quality.maf.tests.DocValidationFromSearchResultsTest.improvedRankingForLegislationSearch(DocValidationFromSearchResultsTest.java:154)
... Removed 25 stack frames]]>
    </failure>
  </testcase> <!-- improvedRankingForLegislationSearch -->
  <testcase classname="com.trgr.quality.maf.tests.DocValidationFromSearchResultsTest" name="OfficialFormsResultList" time="44.806">
    <failure type="java.lang.AssertionError" message="The following asserts failed:
	Exception in Test expected [true] but found [false]">
      <![CDATA[java.lang.AssertionError: The following asserts failed:
	Exception in Test expected [true] but found [false]
	at com.trgr.quality.maf.tests.DocValidationFromSearchResultsTest.OfficialFormsResultList(DocValidationFromSearchResultsTest.java:199)
... Removed 25 stack frames]]>
    </failure>
  </testcase> <!-- OfficialFormsResultList -->
</testsuite> <!-- DocValidationFromSearchResultsTest -->
