<?xml version="1.0" encoding="UTF-8"?>
<!-- Generated by org.testng.reporters.JUnitXMLReporter -->
<testsuite hostname="TR-JDGMXY2" failures="4" tests="4" name="FormsSearchTest" time="1054.372" errors="0" timestamp="7 Oct 2020 22:52:09 GMT">
  <testcase classname="com.trgr.quality.maf.tests.FormsSearchTest" name="searchFormsUsingIssuingbody" time="344.681">
    <failure type="java.lang.AssertionError" message="The following asserts failed:
	MAFAUTO-246Official Forms - Search Template - Update filters - Add Authority filter and remove Title filter expected [true] but found [false],
	Exception in Test expected [true] but found [false]">
      <![CDATA[java.lang.AssertionError: The following asserts failed:
	MAFAUTO-246Official Forms - Search Template - Update filters - Add Authority filter and remove Title filter expected [true] but found [false],
	Exception in Test expected [true] but found [false]
	at com.trgr.quality.maf.tests.FormsSearchTest.searchFormsUsingIssuingbody(FormsSearchTest.java:167)
... Removed 25 stack frames]]>
    </failure>
  </testcase> <!-- searchFormsUsingIssuingbody -->
  <testcase classname="com.trgr.quality.maf.tests.FormsSearchTest" name="searchFormsUsingThematic" time="304.517">
    <failure type="java.lang.AssertionError" message="The following asserts failed:
	Exception in Test expected [true] but found [false]">
      <![CDATA[java.lang.AssertionError: The following asserts failed:
	Exception in Test expected [true] but found [false]
	at com.trgr.quality.maf.tests.FormsSearchTest.searchFormsUsingThematic(FormsSearchTest.java:262)
... Removed 25 stack frames]]>
    </failure>
  </testcase> <!-- searchFormsUsingThematic -->
  <testcase classname="com.trgr.quality.maf.tests.FormsSearchTest" name="searchFormsUsingFreeword" time="86.912">
    <failure type="java.lang.AssertionError" message="The following asserts failed:
	MAFQABANG-426:Verify Advance search  Forms using freeword expected [true] but found [false]">
      <![CDATA[java.lang.AssertionError: The following asserts failed:
	MAFQABANG-426:Verify Advance search  Forms using freeword expected [true] but found [false]
	at com.trgr.quality.maf.tests.FormsSearchTest.searchFormsUsingFreeword(FormsSearchTest.java:309)
... Removed 25 stack frames]]>
    </failure>
  </testcase> <!-- searchFormsUsingFreeword -->
  <testcase classname="com.trgr.quality.maf.tests.FormsSearchTest" name="searchFormsUsingIssuingBody" time="288.474">
    <failure type="java.lang.AssertionError" message="The following asserts failed:
	Exception in Test expected [true] but found [false]">
      <![CDATA[java.lang.AssertionError: The following asserts failed:
	Exception in Test expected [true] but found [false]
	at com.trgr.quality.maf.tests.FormsSearchTest.searchFormsUsingIssuingBody(FormsSearchTest.java:370)
... Removed 25 stack frames]]>
    </failure>
  </testcase> <!-- searchFormsUsingIssuingBody -->
</testsuite> <!-- FormsSearchTest -->
