<?xml version="1.0" encoding="UTF-8"?>
<!-- Generated by org.testng.reporters.JUnitXMLReporter -->
<testsuite hostname="TR-JDGMXY2" failures="0" tests="5" name="HistoryTest" time="169.679" errors="0" timestamp="7 Oct 2020 19:17:59 GMT">
  <testcase classname="com.trgr.quality.maf.tests.HistoryTest" name="ViewallEventsList" time="9.747"/>
  <testcase classname="com.trgr.quality.maf.tests.HistoryTest" name="DeleteSingleHistory" time="36.652"/>
  <testcase classname="com.trgr.quality.maf.tests.HistoryTest" name="deleteAllHistoryToHaveOnlyCurrentHistory" time="23.251"/>
  <testcase classname="com.trgr.quality.maf.tests.HistoryTest" name="RenameActualHistory" time="53.362"/>
  <testcase classname="com.trgr.quality.maf.tests.HistoryTest" name="ResetHistory" time="18.997"/>
</testsuite> <!-- HistoryTest -->
