<html>
<head>
<title>TestNG:  HomeTest</title>
<link href="../testng.css" rel="stylesheet" type="text/css" />
<link href="../my-testng.css" rel="stylesheet" type="text/css" />

<style type="text/css">
.log { display: none;} 
.stack-trace { display: none;} 
</style>
<script type="text/javascript">
<!--
function flip(e) {
  current = e.style.display;
  if (current == 'block') {
    e.style.display = 'none';
    return 0;
  }
  else {
    e.style.display = 'block';
    return 1;
  }
}

function toggleBox(szDivId, elem, msg1, msg2)
{
  var res = -1;  if (document.getElementById) {
    res = flip(document.getElementById(szDivId));
  }
  else if (document.all) {
    // this is the way old msie versions work
    res = flip(document.all[szDivId]);
  }
  if(elem) {
    if(res == 0) elem.innerHTML = msg1; else elem.innerHTML = msg2;
  }

}

function toggleAllBoxes() {
  if (document.getElementsByTagName) {
    d = document.getElementsByTagName('div');
    for (i = 0; i < d.length; i++) {
      if (d[i].className == 'log') {
        flip(d[i]);
      }
    }
  }
}

// -->
</script>

</head>
<body>
<h2 align='center'>HomeTest</h2><table border='1' align="center">
<tr>
<td>Tests passed/Failed/Skipped:</td><td>23/24/0</td>
</tr><tr>
<td>Started on:</td><td>Wed Oct 07 22:25:34 ART 2020</td>
</tr>
<tr><td>Total time:</td><td>2925 seconds (2925864 ms)</td>
</tr><tr>
<td>Included groups:</td><td>chpmex </td>
</tr><tr>
<td>Excluded groups:</td><td></td>
</tr>
</table><p/>
<small><i>(Hover the method name to see the test class name)</i></small><p/>
<table width='100%' border='1' class='invocation-failed'>
<tr><td colspan='4' align='center'><b>FAILED TESTS</b></td></tr>
<tr><td><b>Test method</b></td>
<td width="30%"><b>Exception</b></td>
<td width="10%"><b>Time (seconds)</b></td>
<td><b>Instance</b></td>
</tr>
<tr>
<td title='com.trgr.quality.maf.tests.HomeTest.FrequentAskedQuestionsWidget()'><b>FrequentAskedQuestionsWidget</b><br>Test class: com.trgr.quality.maf.tests.HomeTest<br>Test method: MAFAUTO-140</td>
<td><div><pre>java.lang.AssertionError: The following asserts failed:
	MAFAUTO-140:Home Page - Widget - Usual Laws (Frequently Asked Questions) expected [true] but found [false],
	MAFAUTO-140:Home Page - Widget - Usual Laws (Frequently Asked Questions) expected [true] but found [false],
	MAFAUTO-140:Home Page - Widget - Usual Laws (Frequently Asked Questions) expected [true] but found [false],
	MAFAUTO-140:Home Page - Widget - Usual Laws (Frequently Asked Questions) expected [true] but found [false],
	MAFAUTO-140:Home Page - Widget - Usual Laws (Frequently Asked Questions) expected [true] but found [false],
	MAFAUTO-140:Home Page - Widget - Usual Laws (Frequently Asked Questions) expected [true] but found [false],
	MAFAUTO-140:Home Page - Widget - Usual Laws (Frequently Asked Questions) expected [true] but found [false],
	MAFAUTO-140:Home Page - Widget - Usual Laws (Frequently Asked Questions) expected [true] but found [false]
	at com.trgr.quality.maf.tests.HomeTest.FrequentAskedQuestionsWidget(HomeTest.java:1105)
... Removed 25 stack frames</pre></div><a href='#' onClick='toggleBox("stack-trace1443335402", this, "Click to show all stack frames", "Click to hide stack frames")'>Click to show all stack frames</a>
<div class='stack-trace' id='stack-trace1443335402'><pre>java.lang.AssertionError: The following asserts failed:
	MAFAUTO-140:Home Page - Widget - Usual Laws (Frequently Asked Questions) expected [true] but found [false],
	MAFAUTO-140:Home Page - Widget - Usual Laws (Frequently Asked Questions) expected [true] but found [false],
	MAFAUTO-140:Home Page - Widget - Usual Laws (Frequently Asked Questions) expected [true] but found [false],
	MAFAUTO-140:Home Page - Widget - Usual Laws (Frequently Asked Questions) expected [true] but found [false],
	MAFAUTO-140:Home Page - Widget - Usual Laws (Frequently Asked Questions) expected [true] but found [false],
	MAFAUTO-140:Home Page - Widget - Usual Laws (Frequently Asked Questions) expected [true] but found [false],
	MAFAUTO-140:Home Page - Widget - Usual Laws (Frequently Asked Questions) expected [true] but found [false],
	MAFAUTO-140:Home Page - Widget - Usual Laws (Frequently Asked Questions) expected [true] but found [false]
	at org.testng.asserts.SoftAssert.assertAll(SoftAssert.java:43)
	at com.trgr.quality.maf.tests.HomeTest.FrequentAskedQuestionsWidget(HomeTest.java:1105)
	at java.base/jdk.internal.reflect.NativeMethodAccessorImpl.invoke0(Native Method)
	at java.base/jdk.internal.reflect.NativeMethodAccessorImpl.invoke(NativeMethodAccessorImpl.java:62)
	at java.base/jdk.internal.reflect.DelegatingMethodAccessorImpl.invoke(DelegatingMethodAccessorImpl.java:43)
	at java.base/java.lang.reflect.Method.invoke(Method.java:564)
	at org.testng.internal.MethodInvocationHelper.invokeMethod(MethodInvocationHelper.java:86)
	at org.testng.internal.Invoker.invokeMethod(Invoker.java:643)
	at org.testng.internal.Invoker.invokeTestMethod(Invoker.java:820)
	at org.testng.internal.Invoker.invokeTestMethods(Invoker.java:1128)
	at org.testng.internal.TestMethodWorker.invokeTestMethods(TestMethodWorker.java:129)
	at org.testng.internal.TestMethodWorker.run(TestMethodWorker.java:112)
	at org.testng.TestRunner.privateRun(TestRunner.java:782)
	at org.testng.TestRunner.run(TestRunner.java:632)
	at org.testng.SuiteRunner.runTest(SuiteRunner.java:366)
	at org.testng.SuiteRunner.runSequentially(SuiteRunner.java:361)
	at org.testng.SuiteRunner.privateRun(SuiteRunner.java:319)
	at org.testng.SuiteRunner.run(SuiteRunner.java:268)
	at org.testng.SuiteRunnerWorker.runSuite(SuiteRunnerWorker.java:52)
	at org.testng.SuiteRunnerWorker.run(SuiteRunnerWorker.java:86)
	at org.testng.TestNG.runSuitesSequentially(TestNG.java:1244)
	at org.testng.TestNG.runSuitesLocally(TestNG.java:1169)
	at org.testng.TestNG.run(TestNG.java:1064)
	at org.testng.remote.AbstractRemoteTestNG.run(AbstractRemoteTestNG.java:115)
	at org.testng.remote.RemoteTestNG.initAndRun(RemoteTestNG.java:251)
	at org.testng.remote.RemoteTestNG.main(RemoteTestNG.java:77)
</pre></div></td>
<td>322</td>
<td>com.trgr.quality.maf.tests.HomeTest@782859e</td></tr>
<tr>
<td title='com.trgr.quality.maf.tests.HomeTest.FrequentAskedQuestionsWidgetforAdministrativo()'><b>FrequentAskedQuestionsWidgetforAdministrativo</b><br>Test class: com.trgr.quality.maf.tests.HomeTest<br>Test method: MAFAUTO-192</td>
<td><div><pre>java.lang.AssertionError: The following asserts failed:
	MAFAUTO-192:Home Page Validate Frequently Asked Questions widget for Thematic Area Administrativo expected [true] but found [false]
	at com.trgr.quality.maf.tests.HomeTest.FrequentAskedQuestionsWidgetforAdministrativo(HomeTest.java:2934)
... Removed 25 stack frames</pre></div><a href='#' onClick='toggleBox("stack-trace447486093", this, "Click to show all stack frames", "Click to hide stack frames")'>Click to show all stack frames</a>
<div class='stack-trace' id='stack-trace447486093'><pre>java.lang.AssertionError: The following asserts failed:
	MAFAUTO-192:Home Page Validate Frequently Asked Questions widget for Thematic Area Administrativo expected [true] but found [false]
	at org.testng.asserts.SoftAssert.assertAll(SoftAssert.java:43)
	at com.trgr.quality.maf.tests.HomeTest.FrequentAskedQuestionsWidgetforAdministrativo(HomeTest.java:2934)
	at java.base/jdk.internal.reflect.NativeMethodAccessorImpl.invoke0(Native Method)
	at java.base/jdk.internal.reflect.NativeMethodAccessorImpl.invoke(NativeMethodAccessorImpl.java:62)
	at java.base/jdk.internal.reflect.DelegatingMethodAccessorImpl.invoke(DelegatingMethodAccessorImpl.java:43)
	at java.base/java.lang.reflect.Method.invoke(Method.java:564)
	at org.testng.internal.MethodInvocationHelper.invokeMethod(MethodInvocationHelper.java:86)
	at org.testng.internal.Invoker.invokeMethod(Invoker.java:643)
	at org.testng.internal.Invoker.invokeTestMethod(Invoker.java:820)
	at org.testng.internal.Invoker.invokeTestMethods(Invoker.java:1128)
	at org.testng.internal.TestMethodWorker.invokeTestMethods(TestMethodWorker.java:129)
	at org.testng.internal.TestMethodWorker.run(TestMethodWorker.java:112)
	at org.testng.TestRunner.privateRun(TestRunner.java:782)
	at org.testng.TestRunner.run(TestRunner.java:632)
	at org.testng.SuiteRunner.runTest(SuiteRunner.java:366)
	at org.testng.SuiteRunner.runSequentially(SuiteRunner.java:361)
	at org.testng.SuiteRunner.privateRun(SuiteRunner.java:319)
	at org.testng.SuiteRunner.run(SuiteRunner.java:268)
	at org.testng.SuiteRunnerWorker.runSuite(SuiteRunnerWorker.java:52)
	at org.testng.SuiteRunnerWorker.run(SuiteRunnerWorker.java:86)
	at org.testng.TestNG.runSuitesSequentially(TestNG.java:1244)
	at org.testng.TestNG.runSuitesLocally(TestNG.java:1169)
	at org.testng.TestNG.run(TestNG.java:1064)
	at org.testng.remote.AbstractRemoteTestNG.run(AbstractRemoteTestNG.java:115)
	at org.testng.remote.RemoteTestNG.initAndRun(RemoteTestNG.java:251)
	at org.testng.remote.RemoteTestNG.main(RemoteTestNG.java:77)
</pre></div></td>
<td>29</td>
<td>com.trgr.quality.maf.tests.HomeTest@782859e</td></tr>
<tr>
<td title='com.trgr.quality.maf.tests.HomeTest.LatestDocPublished()'><b>LatestDocPublished</b><br>Test class: com.trgr.quality.maf.tests.HomeTest<br>Test method: MAFAUTO-159</td>
<td><div><pre>java.lang.AssertionError: The following asserts failed:
	MAFAUTO-159:Verification of Latest documents published :Verified latest published legislation documents in the widget  expected [true] but found [false],
	MAFAUTO-159:Verification of Latest documents published : Verified latest published Jurisprudence-documents in the widget  expected [true] but found [false],
	MAFAUTO-159:Verification of Latest documents published : Verified latest published Doctrine-documents in the widget  expected [true] but found [false]
	at com.trgr.quality.maf.tests.HomeTest.LatestDocPublished(HomeTest.java:797)
... Removed 25 stack frames</pre></div><a href='#' onClick='toggleBox("stack-trace1566269351", this, "Click to show all stack frames", "Click to hide stack frames")'>Click to show all stack frames</a>
<div class='stack-trace' id='stack-trace1566269351'><pre>java.lang.AssertionError: The following asserts failed:
	MAFAUTO-159:Verification of Latest documents published :Verified latest published legislation documents in the widget  expected [true] but found [false],
	MAFAUTO-159:Verification of Latest documents published : Verified latest published Jurisprudence-documents in the widget  expected [true] but found [false],
	MAFAUTO-159:Verification of Latest documents published : Verified latest published Doctrine-documents in the widget  expected [true] but found [false]
	at org.testng.asserts.SoftAssert.assertAll(SoftAssert.java:43)
	at com.trgr.quality.maf.tests.HomeTest.LatestDocPublished(HomeTest.java:797)
	at java.base/jdk.internal.reflect.NativeMethodAccessorImpl.invoke0(Native Method)
	at java.base/jdk.internal.reflect.NativeMethodAccessorImpl.invoke(NativeMethodAccessorImpl.java:62)
	at java.base/jdk.internal.reflect.DelegatingMethodAccessorImpl.invoke(DelegatingMethodAccessorImpl.java:43)
	at java.base/java.lang.reflect.Method.invoke(Method.java:564)
	at org.testng.internal.MethodInvocationHelper.invokeMethod(MethodInvocationHelper.java:86)
	at org.testng.internal.Invoker.invokeMethod(Invoker.java:643)
	at org.testng.internal.Invoker.invokeTestMethod(Invoker.java:820)
	at org.testng.internal.Invoker.invokeTestMethods(Invoker.java:1128)
	at org.testng.internal.TestMethodWorker.invokeTestMethods(TestMethodWorker.java:129)
	at org.testng.internal.TestMethodWorker.run(TestMethodWorker.java:112)
	at org.testng.TestRunner.privateRun(TestRunner.java:782)
	at org.testng.TestRunner.run(TestRunner.java:632)
	at org.testng.SuiteRunner.runTest(SuiteRunner.java:366)
	at org.testng.SuiteRunner.runSequentially(SuiteRunner.java:361)
	at org.testng.SuiteRunner.privateRun(SuiteRunner.java:319)
	at org.testng.SuiteRunner.run(SuiteRunner.java:268)
	at org.testng.SuiteRunnerWorker.runSuite(SuiteRunnerWorker.java:52)
	at org.testng.SuiteRunnerWorker.run(SuiteRunnerWorker.java:86)
	at org.testng.TestNG.runSuitesSequentially(TestNG.java:1244)
	at org.testng.TestNG.runSuitesLocally(TestNG.java:1169)
	at org.testng.TestNG.run(TestNG.java:1064)
	at org.testng.remote.AbstractRemoteTestNG.run(AbstractRemoteTestNG.java:115)
	at org.testng.remote.RemoteTestNG.initAndRun(RemoteTestNG.java:251)
	at org.testng.remote.RemoteTestNG.main(RemoteTestNG.java:77)
</pre></div></td>
<td>157</td>
<td>com.trgr.quality.maf.tests.HomeTest@782859e</td></tr>
<tr>
<td title='com.trgr.quality.maf.tests.HomeTest.SearchByAbbrevation()'><b>SearchByAbbrevation</b><br>Test class: com.trgr.quality.maf.tests.HomeTest<br>Test method: MAFAUTO-99</td>
<td><div><pre>java.lang.AssertionError: The following asserts failed:
	MAFAUTO-99:Home Page - Widget - One Click - Search by Abbrevation expected [true] but found [false],
	MAFAUTO-99:Home Page - Widget - One Click - Search by Abbrevation expected [true] but found [false]
	at com.trgr.quality.maf.tests.HomeTest.SearchByAbbrevation(HomeTest.java:860)
... Removed 25 stack frames</pre></div><a href='#' onClick='toggleBox("stack-trace1790229151", this, "Click to show all stack frames", "Click to hide stack frames")'>Click to show all stack frames</a>
<div class='stack-trace' id='stack-trace1790229151'><pre>java.lang.AssertionError: The following asserts failed:
	MAFAUTO-99:Home Page - Widget - One Click - Search by Abbrevation expected [true] but found [false],
	MAFAUTO-99:Home Page - Widget - One Click - Search by Abbrevation expected [true] but found [false]
	at org.testng.asserts.SoftAssert.assertAll(SoftAssert.java:43)
	at com.trgr.quality.maf.tests.HomeTest.SearchByAbbrevation(HomeTest.java:860)
	at java.base/jdk.internal.reflect.NativeMethodAccessorImpl.invoke0(Native Method)
	at java.base/jdk.internal.reflect.NativeMethodAccessorImpl.invoke(NativeMethodAccessorImpl.java:62)
	at java.base/jdk.internal.reflect.DelegatingMethodAccessorImpl.invoke(DelegatingMethodAccessorImpl.java:43)
	at java.base/java.lang.reflect.Method.invoke(Method.java:564)
	at org.testng.internal.MethodInvocationHelper.invokeMethod(MethodInvocationHelper.java:86)
	at org.testng.internal.Invoker.invokeMethod(Invoker.java:643)
	at org.testng.internal.Invoker.invokeTestMethod(Invoker.java:820)
	at org.testng.internal.Invoker.invokeTestMethods(Invoker.java:1128)
	at org.testng.internal.TestMethodWorker.invokeTestMethods(TestMethodWorker.java:129)
	at org.testng.internal.TestMethodWorker.run(TestMethodWorker.java:112)
	at org.testng.TestRunner.privateRun(TestRunner.java:782)
	at org.testng.TestRunner.run(TestRunner.java:632)
	at org.testng.SuiteRunner.runTest(SuiteRunner.java:366)
	at org.testng.SuiteRunner.runSequentially(SuiteRunner.java:361)
	at org.testng.SuiteRunner.privateRun(SuiteRunner.java:319)
	at org.testng.SuiteRunner.run(SuiteRunner.java:268)
	at org.testng.SuiteRunnerWorker.runSuite(SuiteRunnerWorker.java:52)
	at org.testng.SuiteRunnerWorker.run(SuiteRunnerWorker.java:86)
	at org.testng.TestNG.runSuitesSequentially(TestNG.java:1244)
	at org.testng.TestNG.runSuitesLocally(TestNG.java:1169)
	at org.testng.TestNG.run(TestNG.java:1064)
	at org.testng.remote.AbstractRemoteTestNG.run(AbstractRemoteTestNG.java:115)
	at org.testng.remote.RemoteTestNG.initAndRun(RemoteTestNG.java:251)
	at org.testng.remote.RemoteTestNG.main(RemoteTestNG.java:77)
</pre></div></td>
<td>201</td>
<td>com.trgr.quality.maf.tests.HomeTest@782859e</td></tr>
<tr>
<td title='com.trgr.quality.maf.tests.HomeTest.SearchByKeyword()'><b>SearchByKeyword</b><br>Test class: com.trgr.quality.maf.tests.HomeTest<br>Test method: MAFQABANG-672</td>
<td><div><pre>java.lang.AssertionError: The following asserts failed:
	Exception in Test expected [true] but found [false]
	at com.trgr.quality.maf.tests.HomeTest.SearchByKeyword(HomeTest.java:4937)
... Removed 25 stack frames</pre></div><a href='#' onClick='toggleBox("stack-trace880908391", this, "Click to show all stack frames", "Click to hide stack frames")'>Click to show all stack frames</a>
<div class='stack-trace' id='stack-trace880908391'><pre>java.lang.AssertionError: The following asserts failed:
	Exception in Test expected [true] but found [false]
	at org.testng.asserts.SoftAssert.assertAll(SoftAssert.java:43)
	at com.trgr.quality.maf.tests.HomeTest.SearchByKeyword(HomeTest.java:4937)
	at java.base/jdk.internal.reflect.NativeMethodAccessorImpl.invoke0(Native Method)
	at java.base/jdk.internal.reflect.NativeMethodAccessorImpl.invoke(NativeMethodAccessorImpl.java:62)
	at java.base/jdk.internal.reflect.DelegatingMethodAccessorImpl.invoke(DelegatingMethodAccessorImpl.java:43)
	at java.base/java.lang.reflect.Method.invoke(Method.java:564)
	at org.testng.internal.MethodInvocationHelper.invokeMethod(MethodInvocationHelper.java:86)
	at org.testng.internal.Invoker.invokeMethod(Invoker.java:643)
	at org.testng.internal.Invoker.invokeTestMethod(Invoker.java:820)
	at org.testng.internal.Invoker.invokeTestMethods(Invoker.java:1128)
	at org.testng.internal.TestMethodWorker.invokeTestMethods(TestMethodWorker.java:129)
	at org.testng.internal.TestMethodWorker.run(TestMethodWorker.java:112)
	at org.testng.TestRunner.privateRun(TestRunner.java:782)
	at org.testng.TestRunner.run(TestRunner.java:632)
	at org.testng.SuiteRunner.runTest(SuiteRunner.java:366)
	at org.testng.SuiteRunner.runSequentially(SuiteRunner.java:361)
	at org.testng.SuiteRunner.privateRun(SuiteRunner.java:319)
	at org.testng.SuiteRunner.run(SuiteRunner.java:268)
	at org.testng.SuiteRunnerWorker.runSuite(SuiteRunnerWorker.java:52)
	at org.testng.SuiteRunnerWorker.run(SuiteRunnerWorker.java:86)
	at org.testng.TestNG.runSuitesSequentially(TestNG.java:1244)
	at org.testng.TestNG.runSuitesLocally(TestNG.java:1169)
	at org.testng.TestNG.run(TestNG.java:1064)
	at org.testng.remote.AbstractRemoteTestNG.run(AbstractRemoteTestNG.java:115)
	at org.testng.remote.RemoteTestNG.initAndRun(RemoteTestNG.java:251)
	at org.testng.remote.RemoteTestNG.main(RemoteTestNG.java:77)
</pre></div></td>
<td>60</td>
<td>com.trgr.quality.maf.tests.HomeTest@782859e</td></tr>
<tr>
<td title='com.trgr.quality.maf.tests.HomeTest.SearchByNonThesaurusSuggestion()'><b>SearchByNonThesaurusSuggestion</b><br>Test class: com.trgr.quality.maf.tests.HomeTest<br>Test method: MAFQABANG-671</td>
<td><div><pre>java.lang.AssertionError: The following asserts failed:
	Exception in Test expected [true] but found [false]
	at com.trgr.quality.maf.tests.HomeTest.SearchByNonThesaurusSuggestion(HomeTest.java:4883)
... Removed 25 stack frames</pre></div><a href='#' onClick='toggleBox("stack-trace1332208607", this, "Click to show all stack frames", "Click to hide stack frames")'>Click to show all stack frames</a>
<div class='stack-trace' id='stack-trace1332208607'><pre>java.lang.AssertionError: The following asserts failed:
	Exception in Test expected [true] but found [false]
	at org.testng.asserts.SoftAssert.assertAll(SoftAssert.java:43)
	at com.trgr.quality.maf.tests.HomeTest.SearchByNonThesaurusSuggestion(HomeTest.java:4883)
	at java.base/jdk.internal.reflect.NativeMethodAccessorImpl.invoke0(Native Method)
	at java.base/jdk.internal.reflect.NativeMethodAccessorImpl.invoke(NativeMethodAccessorImpl.java:62)
	at java.base/jdk.internal.reflect.DelegatingMethodAccessorImpl.invoke(DelegatingMethodAccessorImpl.java:43)
	at java.base/java.lang.reflect.Method.invoke(Method.java:564)
	at org.testng.internal.MethodInvocationHelper.invokeMethod(MethodInvocationHelper.java:86)
	at org.testng.internal.Invoker.invokeMethod(Invoker.java:643)
	at org.testng.internal.Invoker.invokeTestMethod(Invoker.java:820)
	at org.testng.internal.Invoker.invokeTestMethods(Invoker.java:1128)
	at org.testng.internal.TestMethodWorker.invokeTestMethods(TestMethodWorker.java:129)
	at org.testng.internal.TestMethodWorker.run(TestMethodWorker.java:112)
	at org.testng.TestRunner.privateRun(TestRunner.java:782)
	at org.testng.TestRunner.run(TestRunner.java:632)
	at org.testng.SuiteRunner.runTest(SuiteRunner.java:366)
	at org.testng.SuiteRunner.runSequentially(SuiteRunner.java:361)
	at org.testng.SuiteRunner.privateRun(SuiteRunner.java:319)
	at org.testng.SuiteRunner.run(SuiteRunner.java:268)
	at org.testng.SuiteRunnerWorker.runSuite(SuiteRunnerWorker.java:52)
	at org.testng.SuiteRunnerWorker.run(SuiteRunnerWorker.java:86)
	at org.testng.TestNG.runSuitesSequentially(TestNG.java:1244)
	at org.testng.TestNG.runSuitesLocally(TestNG.java:1169)
	at org.testng.TestNG.run(TestNG.java:1064)
	at org.testng.remote.AbstractRemoteTestNG.run(AbstractRemoteTestNG.java:115)
	at org.testng.remote.RemoteTestNG.initAndRun(RemoteTestNG.java:251)
	at org.testng.remote.RemoteTestNG.main(RemoteTestNG.java:77)
</pre></div></td>
<td>59</td>
<td>com.trgr.quality.maf.tests.HomeTest@782859e</td></tr>
<tr>
<td title='com.trgr.quality.maf.tests.HomeTest.ValidationOfFilterResultsWidgetInHome()'><b>ValidationOfFilterResultsWidgetInHome</b><br>Test class: com.trgr.quality.maf.tests.HomeTest<br>Test method: MAFQABANG-690</td>
<td><div><pre>java.lang.AssertionError: The following asserts failed:
	MAFQABANG-690:Validate the filter results widget and the links present inside it from home page :The widget is displayed expected [true] but found [false],
	MAFQABANG-690:Validate the filter results widget and the links present inside it from home page :The Document type is displayed expected [true] but found [false],
	Exception in Test expected [true] but found [false]
	at com.trgr.quality.maf.tests.HomeTest.ValidationOfFilterResultsWidgetInHome(HomeTest.java:4176)
... Removed 25 stack frames</pre></div><a href='#' onClick='toggleBox("stack-trace2142450580", this, "Click to show all stack frames", "Click to hide stack frames")'>Click to show all stack frames</a>
<div class='stack-trace' id='stack-trace2142450580'><pre>java.lang.AssertionError: The following asserts failed:
	MAFQABANG-690:Validate the filter results widget and the links present inside it from home page :The widget is displayed expected [true] but found [false],
	MAFQABANG-690:Validate the filter results widget and the links present inside it from home page :The Document type is displayed expected [true] but found [false],
	Exception in Test expected [true] but found [false]
	at org.testng.asserts.SoftAssert.assertAll(SoftAssert.java:43)
	at com.trgr.quality.maf.tests.HomeTest.ValidationOfFilterResultsWidgetInHome(HomeTest.java:4176)
	at java.base/jdk.internal.reflect.NativeMethodAccessorImpl.invoke0(Native Method)
	at java.base/jdk.internal.reflect.NativeMethodAccessorImpl.invoke(NativeMethodAccessorImpl.java:62)
	at java.base/jdk.internal.reflect.DelegatingMethodAccessorImpl.invoke(DelegatingMethodAccessorImpl.java:43)
	at java.base/java.lang.reflect.Method.invoke(Method.java:564)
	at org.testng.internal.MethodInvocationHelper.invokeMethod(MethodInvocationHelper.java:86)
	at org.testng.internal.Invoker.invokeMethod(Invoker.java:643)
	at org.testng.internal.Invoker.invokeTestMethod(Invoker.java:820)
	at org.testng.internal.Invoker.invokeTestMethods(Invoker.java:1128)
	at org.testng.internal.TestMethodWorker.invokeTestMethods(TestMethodWorker.java:129)
	at org.testng.internal.TestMethodWorker.run(TestMethodWorker.java:112)
	at org.testng.TestRunner.privateRun(TestRunner.java:782)
	at org.testng.TestRunner.run(TestRunner.java:632)
	at org.testng.SuiteRunner.runTest(SuiteRunner.java:366)
	at org.testng.SuiteRunner.runSequentially(SuiteRunner.java:361)
	at org.testng.SuiteRunner.privateRun(SuiteRunner.java:319)
	at org.testng.SuiteRunner.run(SuiteRunner.java:268)
	at org.testng.SuiteRunnerWorker.runSuite(SuiteRunnerWorker.java:52)
	at org.testng.SuiteRunnerWorker.run(SuiteRunnerWorker.java:86)
	at org.testng.TestNG.runSuitesSequentially(TestNG.java:1244)
	at org.testng.TestNG.runSuitesLocally(TestNG.java:1169)
	at org.testng.TestNG.run(TestNG.java:1064)
	at org.testng.remote.AbstractRemoteTestNG.run(AbstractRemoteTestNG.java:115)
	at org.testng.remote.RemoteTestNG.initAndRun(RemoteTestNG.java:251)
	at org.testng.remote.RemoteTestNG.main(RemoteTestNG.java:77)
</pre></div></td>
<td>105</td>
<td>com.trgr.quality.maf.tests.HomeTest@782859e</td></tr>
<tr>
<td title='com.trgr.quality.maf.tests.HomeTest.ValidationOfIndicatorWidget()'><b>ValidationOfIndicatorWidget</b><br>Test class: com.trgr.quality.maf.tests.HomeTest<br>Test method: MAFQABANG-649</td>
<td><div><pre>java.lang.AssertionError: The following asserts failed:
	Exception in Test expected [true] but found [false]
	at com.trgr.quality.maf.tests.HomeTest.ValidationOfIndicatorWidget(HomeTest.java:3679)
... Removed 25 stack frames</pre></div><a href='#' onClick='toggleBox("stack-trace987805552", this, "Click to show all stack frames", "Click to hide stack frames")'>Click to show all stack frames</a>
<div class='stack-trace' id='stack-trace987805552'><pre>java.lang.AssertionError: The following asserts failed:
	Exception in Test expected [true] but found [false]
	at org.testng.asserts.SoftAssert.assertAll(SoftAssert.java:43)
	at com.trgr.quality.maf.tests.HomeTest.ValidationOfIndicatorWidget(HomeTest.java:3679)
	at java.base/jdk.internal.reflect.NativeMethodAccessorImpl.invoke0(Native Method)
	at java.base/jdk.internal.reflect.NativeMethodAccessorImpl.invoke(NativeMethodAccessorImpl.java:62)
	at java.base/jdk.internal.reflect.DelegatingMethodAccessorImpl.invoke(DelegatingMethodAccessorImpl.java:43)
	at java.base/java.lang.reflect.Method.invoke(Method.java:564)
	at org.testng.internal.MethodInvocationHelper.invokeMethod(MethodInvocationHelper.java:86)
	at org.testng.internal.Invoker.invokeMethod(Invoker.java:643)
	at org.testng.internal.Invoker.invokeTestMethod(Invoker.java:820)
	at org.testng.internal.Invoker.invokeTestMethods(Invoker.java:1128)
	at org.testng.internal.TestMethodWorker.invokeTestMethods(TestMethodWorker.java:129)
	at org.testng.internal.TestMethodWorker.run(TestMethodWorker.java:112)
	at org.testng.TestRunner.privateRun(TestRunner.java:782)
	at org.testng.TestRunner.run(TestRunner.java:632)
	at org.testng.SuiteRunner.runTest(SuiteRunner.java:366)
	at org.testng.SuiteRunner.runSequentially(SuiteRunner.java:361)
	at org.testng.SuiteRunner.privateRun(SuiteRunner.java:319)
	at org.testng.SuiteRunner.run(SuiteRunner.java:268)
	at org.testng.SuiteRunnerWorker.runSuite(SuiteRunnerWorker.java:52)
	at org.testng.SuiteRunnerWorker.run(SuiteRunnerWorker.java:86)
	at org.testng.TestNG.runSuitesSequentially(TestNG.java:1244)
	at org.testng.TestNG.runSuitesLocally(TestNG.java:1169)
	at org.testng.TestNG.run(TestNG.java:1064)
	at org.testng.remote.AbstractRemoteTestNG.run(AbstractRemoteTestNG.java:115)
	at org.testng.remote.RemoteTestNG.initAndRun(RemoteTestNG.java:251)
	at org.testng.remote.RemoteTestNG.main(RemoteTestNG.java:77)
</pre></div></td>
<td>19</td>
<td>com.trgr.quality.maf.tests.HomeTest@782859e</td></tr>
<tr>
<td title='com.trgr.quality.maf.tests.HomeTest.ValidationofSeeAllLinkInHome()'><b>ValidationofSeeAllLinkInHome</b><br>Test class: com.trgr.quality.maf.tests.HomeTest<br>Test method: MAFQABANG-686</td>
<td><div><pre>java.lang.AssertionError: The following asserts failed:
	Exception in Test expected [true] but found [false]
	at com.trgr.quality.maf.tests.HomeTest.ValidationofSeeAllLinkInHome(HomeTest.java:4089)
... Removed 25 stack frames</pre></div><a href='#' onClick='toggleBox("stack-trace225753796", this, "Click to show all stack frames", "Click to hide stack frames")'>Click to show all stack frames</a>
<div class='stack-trace' id='stack-trace225753796'><pre>java.lang.AssertionError: The following asserts failed:
	Exception in Test expected [true] but found [false]
	at org.testng.asserts.SoftAssert.assertAll(SoftAssert.java:43)
	at com.trgr.quality.maf.tests.HomeTest.ValidationofSeeAllLinkInHome(HomeTest.java:4089)
	at java.base/jdk.internal.reflect.NativeMethodAccessorImpl.invoke0(Native Method)
	at java.base/jdk.internal.reflect.NativeMethodAccessorImpl.invoke(NativeMethodAccessorImpl.java:62)
	at java.base/jdk.internal.reflect.DelegatingMethodAccessorImpl.invoke(DelegatingMethodAccessorImpl.java:43)
	at java.base/java.lang.reflect.Method.invoke(Method.java:564)
	at org.testng.internal.MethodInvocationHelper.invokeMethod(MethodInvocationHelper.java:86)
	at org.testng.internal.Invoker.invokeMethod(Invoker.java:643)
	at org.testng.internal.Invoker.invokeTestMethod(Invoker.java:820)
	at org.testng.internal.Invoker.invokeTestMethods(Invoker.java:1128)
	at org.testng.internal.TestMethodWorker.invokeTestMethods(TestMethodWorker.java:129)
	at org.testng.internal.TestMethodWorker.run(TestMethodWorker.java:112)
	at org.testng.TestRunner.privateRun(TestRunner.java:782)
	at org.testng.TestRunner.run(TestRunner.java:632)
	at org.testng.SuiteRunner.runTest(SuiteRunner.java:366)
	at org.testng.SuiteRunner.runSequentially(SuiteRunner.java:361)
	at org.testng.SuiteRunner.privateRun(SuiteRunner.java:319)
	at org.testng.SuiteRunner.run(SuiteRunner.java:268)
	at org.testng.SuiteRunnerWorker.runSuite(SuiteRunnerWorker.java:52)
	at org.testng.SuiteRunnerWorker.run(SuiteRunnerWorker.java:86)
	at org.testng.TestNG.runSuitesSequentially(TestNG.java:1244)
	at org.testng.TestNG.runSuitesLocally(TestNG.java:1169)
	at org.testng.TestNG.run(TestNG.java:1064)
	at org.testng.remote.AbstractRemoteTestNG.run(AbstractRemoteTestNG.java:115)
	at org.testng.remote.RemoteTestNG.initAndRun(RemoteTestNG.java:251)
	at org.testng.remote.RemoteTestNG.main(RemoteTestNG.java:77)
</pre></div></td>
<td>67</td>
<td>com.trgr.quality.maf.tests.HomeTest@782859e</td></tr>
<tr>
<td title='com.trgr.quality.maf.tests.HomeTest.VerifyTheNumberOfResultsInHome()'><b>VerifyTheNumberOfResultsInHome</b><br>Test class: com.trgr.quality.maf.tests.HomeTest<br>Test method: MAFQABANG-729</td>
<td><div><pre>java.lang.AssertionError: The following asserts failed:
	Verify the number of results displayed for the Ver coincidencias link:MAFQABANG-729 expected [true] but found [false]
	at com.trgr.quality.maf.tests.HomeTest.VerifyTheNumberOfResultsInHome(HomeTest.java:4625)
... Removed 25 stack frames</pre></div><a href='#' onClick='toggleBox("stack-trace497333939", this, "Click to show all stack frames", "Click to hide stack frames")'>Click to show all stack frames</a>
<div class='stack-trace' id='stack-trace497333939'><pre>java.lang.AssertionError: The following asserts failed:
	Verify the number of results displayed for the Ver coincidencias link:MAFQABANG-729 expected [true] but found [false]
	at org.testng.asserts.SoftAssert.assertAll(SoftAssert.java:43)
	at com.trgr.quality.maf.tests.HomeTest.VerifyTheNumberOfResultsInHome(HomeTest.java:4625)
	at java.base/jdk.internal.reflect.NativeMethodAccessorImpl.invoke0(Native Method)
	at java.base/jdk.internal.reflect.NativeMethodAccessorImpl.invoke(NativeMethodAccessorImpl.java:62)
	at java.base/jdk.internal.reflect.DelegatingMethodAccessorImpl.invoke(DelegatingMethodAccessorImpl.java:43)
	at java.base/java.lang.reflect.Method.invoke(Method.java:564)
	at org.testng.internal.MethodInvocationHelper.invokeMethod(MethodInvocationHelper.java:86)
	at org.testng.internal.Invoker.invokeMethod(Invoker.java:643)
	at org.testng.internal.Invoker.invokeTestMethod(Invoker.java:820)
	at org.testng.internal.Invoker.invokeTestMethods(Invoker.java:1128)
	at org.testng.internal.TestMethodWorker.invokeTestMethods(TestMethodWorker.java:129)
	at org.testng.internal.TestMethodWorker.run(TestMethodWorker.java:112)
	at org.testng.TestRunner.privateRun(TestRunner.java:782)
	at org.testng.TestRunner.run(TestRunner.java:632)
	at org.testng.SuiteRunner.runTest(SuiteRunner.java:366)
	at org.testng.SuiteRunner.runSequentially(SuiteRunner.java:361)
	at org.testng.SuiteRunner.privateRun(SuiteRunner.java:319)
	at org.testng.SuiteRunner.run(SuiteRunner.java:268)
	at org.testng.SuiteRunnerWorker.runSuite(SuiteRunnerWorker.java:52)
	at org.testng.SuiteRunnerWorker.run(SuiteRunnerWorker.java:86)
	at org.testng.TestNG.runSuitesSequentially(TestNG.java:1244)
	at org.testng.TestNG.runSuitesLocally(TestNG.java:1169)
	at org.testng.TestNG.run(TestNG.java:1064)
	at org.testng.remote.AbstractRemoteTestNG.run(AbstractRemoteTestNG.java:115)
	at org.testng.remote.RemoteTestNG.initAndRun(RemoteTestNG.java:251)
	at org.testng.remote.RemoteTestNG.main(RemoteTestNG.java:77)
</pre></div></td>
<td>107</td>
<td>com.trgr.quality.maf.tests.HomeTest@782859e</td></tr>
<tr>
<td title='com.trgr.quality.maf.tests.HomeTest.isVerCoincidenciasLinkDisplayedInHome()'><b>isVerCoincidenciasLinkDisplayedInHome</b><br>Test class: com.trgr.quality.maf.tests.HomeTest<br>Test method: MAFQABANG-722</td>
<td><div><pre>java.lang.AssertionError: The following asserts failed:
	Verify whether VerCoincidencias link is displayed(Home page):MAFQABANG-722 expected [true] but found [false]
	at com.trgr.quality.maf.tests.HomeTest.isVerCoincidenciasLinkDisplayedInHome(HomeTest.java:4675)
... Removed 25 stack frames</pre></div><a href='#' onClick='toggleBox("stack-trace1171672359", this, "Click to show all stack frames", "Click to hide stack frames")'>Click to show all stack frames</a>
<div class='stack-trace' id='stack-trace1171672359'><pre>java.lang.AssertionError: The following asserts failed:
	Verify whether VerCoincidencias link is displayed(Home page):MAFQABANG-722 expected [true] but found [false]
	at org.testng.asserts.SoftAssert.assertAll(SoftAssert.java:43)
	at com.trgr.quality.maf.tests.HomeTest.isVerCoincidenciasLinkDisplayedInHome(HomeTest.java:4675)
	at java.base/jdk.internal.reflect.NativeMethodAccessorImpl.invoke0(Native Method)
	at java.base/jdk.internal.reflect.NativeMethodAccessorImpl.invoke(NativeMethodAccessorImpl.java:62)
	at java.base/jdk.internal.reflect.DelegatingMethodAccessorImpl.invoke(DelegatingMethodAccessorImpl.java:43)
	at java.base/java.lang.reflect.Method.invoke(Method.java:564)
	at org.testng.internal.MethodInvocationHelper.invokeMethod(MethodInvocationHelper.java:86)
	at org.testng.internal.Invoker.invokeMethod(Invoker.java:643)
	at org.testng.internal.Invoker.invokeTestMethod(Invoker.java:820)
	at org.testng.internal.Invoker.invokeTestMethods(Invoker.java:1128)
	at org.testng.internal.TestMethodWorker.invokeTestMethods(TestMethodWorker.java:129)
	at org.testng.internal.TestMethodWorker.run(TestMethodWorker.java:112)
	at org.testng.TestRunner.privateRun(TestRunner.java:782)
	at org.testng.TestRunner.run(TestRunner.java:632)
	at org.testng.SuiteRunner.runTest(SuiteRunner.java:366)
	at org.testng.SuiteRunner.runSequentially(SuiteRunner.java:361)
	at org.testng.SuiteRunner.privateRun(SuiteRunner.java:319)
	at org.testng.SuiteRunner.run(SuiteRunner.java:268)
	at org.testng.SuiteRunnerWorker.runSuite(SuiteRunnerWorker.java:52)
	at org.testng.SuiteRunnerWorker.run(SuiteRunnerWorker.java:86)
	at org.testng.TestNG.runSuitesSequentially(TestNG.java:1244)
	at org.testng.TestNG.runSuitesLocally(TestNG.java:1169)
	at org.testng.TestNG.run(TestNG.java:1064)
	at org.testng.remote.AbstractRemoteTestNG.run(AbstractRemoteTestNG.java:115)
	at org.testng.remote.RemoteTestNG.initAndRun(RemoteTestNG.java:251)
	at org.testng.remote.RemoteTestNG.main(RemoteTestNG.java:77)
</pre></div></td>
<td>81</td>
<td>com.trgr.quality.maf.tests.HomeTest@782859e</td></tr>
<tr>
<td title='com.trgr.quality.maf.tests.HomeTest.searchByThesaurusSsuggestion()'><b>searchByThesaurusSsuggestion</b><br>Test class: com.trgr.quality.maf.tests.HomeTest<br>Test method: MAFQABANG-670</td>
<td><div><pre>java.lang.AssertionError: The following asserts failed:
	Exception in Test expected [true] but found [false]
	at com.trgr.quality.maf.tests.HomeTest.searchByThesaurusSsuggestion(HomeTest.java:4829)
... Removed 25 stack frames</pre></div><a href='#' onClick='toggleBox("stack-trace1107218767", this, "Click to show all stack frames", "Click to hide stack frames")'>Click to show all stack frames</a>
<div class='stack-trace' id='stack-trace1107218767'><pre>java.lang.AssertionError: The following asserts failed:
	Exception in Test expected [true] but found [false]
	at org.testng.asserts.SoftAssert.assertAll(SoftAssert.java:43)
	at com.trgr.quality.maf.tests.HomeTest.searchByThesaurusSsuggestion(HomeTest.java:4829)
	at java.base/jdk.internal.reflect.NativeMethodAccessorImpl.invoke0(Native Method)
	at java.base/jdk.internal.reflect.NativeMethodAccessorImpl.invoke(NativeMethodAccessorImpl.java:62)
	at java.base/jdk.internal.reflect.DelegatingMethodAccessorImpl.invoke(DelegatingMethodAccessorImpl.java:43)
	at java.base/java.lang.reflect.Method.invoke(Method.java:564)
	at org.testng.internal.MethodInvocationHelper.invokeMethod(MethodInvocationHelper.java:86)
	at org.testng.internal.Invoker.invokeMethod(Invoker.java:643)
	at org.testng.internal.Invoker.invokeTestMethod(Invoker.java:820)
	at org.testng.internal.Invoker.invokeTestMethods(Invoker.java:1128)
	at org.testng.internal.TestMethodWorker.invokeTestMethods(TestMethodWorker.java:129)
	at org.testng.internal.TestMethodWorker.run(TestMethodWorker.java:112)
	at org.testng.TestRunner.privateRun(TestRunner.java:782)
	at org.testng.TestRunner.run(TestRunner.java:632)
	at org.testng.SuiteRunner.runTest(SuiteRunner.java:366)
	at org.testng.SuiteRunner.runSequentially(SuiteRunner.java:361)
	at org.testng.SuiteRunner.privateRun(SuiteRunner.java:319)
	at org.testng.SuiteRunner.run(SuiteRunner.java:268)
	at org.testng.SuiteRunnerWorker.runSuite(SuiteRunnerWorker.java:52)
	at org.testng.SuiteRunnerWorker.run(SuiteRunnerWorker.java:86)
	at org.testng.TestNG.runSuitesSequentially(TestNG.java:1244)
	at org.testng.TestNG.runSuitesLocally(TestNG.java:1169)
	at org.testng.TestNG.run(TestNG.java:1064)
	at org.testng.remote.AbstractRemoteTestNG.run(AbstractRemoteTestNG.java:115)
	at org.testng.remote.RemoteTestNG.initAndRun(RemoteTestNG.java:251)
	at org.testng.remote.RemoteTestNG.main(RemoteTestNG.java:77)
</pre></div></td>
<td>82</td>
<td>com.trgr.quality.maf.tests.HomeTest@782859e</td></tr>
<tr>
<td title='com.trgr.quality.maf.tests.HomeTest.searchLinksFromAdavnceSearchWidget()'><b>searchLinksFromAdavnceSearchWidget</b><br>Test class: com.trgr.quality.maf.tests.HomeTest<br>Test method: MAFAUTO-138</td>
<td><div><pre>java.lang.AssertionError: The following asserts failed:
	Exception in Test expected [true] but found [false]
	at com.trgr.quality.maf.tests.HomeTest.searchLinksFromAdavnceSearchWidget(HomeTest.java:2780)
... Removed 25 stack frames</pre></div><a href='#' onClick='toggleBox("stack-trace1760763936", this, "Click to show all stack frames", "Click to hide stack frames")'>Click to show all stack frames</a>
<div class='stack-trace' id='stack-trace1760763936'><pre>java.lang.AssertionError: The following asserts failed:
	Exception in Test expected [true] but found [false]
	at org.testng.asserts.SoftAssert.assertAll(SoftAssert.java:43)
	at com.trgr.quality.maf.tests.HomeTest.searchLinksFromAdavnceSearchWidget(HomeTest.java:2780)
	at java.base/jdk.internal.reflect.NativeMethodAccessorImpl.invoke0(Native Method)
	at java.base/jdk.internal.reflect.NativeMethodAccessorImpl.invoke(NativeMethodAccessorImpl.java:62)
	at java.base/jdk.internal.reflect.DelegatingMethodAccessorImpl.invoke(DelegatingMethodAccessorImpl.java:43)
	at java.base/java.lang.reflect.Method.invoke(Method.java:564)
	at org.testng.internal.MethodInvocationHelper.invokeMethod(MethodInvocationHelper.java:86)
	at org.testng.internal.Invoker.invokeMethod(Invoker.java:643)
	at org.testng.internal.Invoker.invokeTestMethod(Invoker.java:820)
	at org.testng.internal.Invoker.invokeTestMethods(Invoker.java:1128)
	at org.testng.internal.TestMethodWorker.invokeTestMethods(TestMethodWorker.java:129)
	at org.testng.internal.TestMethodWorker.run(TestMethodWorker.java:112)
	at org.testng.TestRunner.privateRun(TestRunner.java:782)
	at org.testng.TestRunner.run(TestRunner.java:632)
	at org.testng.SuiteRunner.runTest(SuiteRunner.java:366)
	at org.testng.SuiteRunner.runSequentially(SuiteRunner.java:361)
	at org.testng.SuiteRunner.privateRun(SuiteRunner.java:319)
	at org.testng.SuiteRunner.run(SuiteRunner.java:268)
	at org.testng.SuiteRunnerWorker.runSuite(SuiteRunnerWorker.java:52)
	at org.testng.SuiteRunnerWorker.run(SuiteRunnerWorker.java:86)
	at org.testng.TestNG.runSuitesSequentially(TestNG.java:1244)
	at org.testng.TestNG.runSuitesLocally(TestNG.java:1169)
	at org.testng.TestNG.run(TestNG.java:1064)
	at org.testng.remote.AbstractRemoteTestNG.run(AbstractRemoteTestNG.java:115)
	at org.testng.remote.RemoteTestNG.initAndRun(RemoteTestNG.java:251)
	at org.testng.remote.RemoteTestNG.main(RemoteTestNG.java:77)
</pre></div></td>
<td>71</td>
<td>com.trgr.quality.maf.tests.HomeTest@782859e</td></tr>
<tr>
<td title='com.trgr.quality.maf.tests.HomeTest.smartSearchAndToolTip()'><b>smartSearchAndToolTip</b><br>Test class: com.trgr.quality.maf.tests.HomeTest<br>Test method: MAFAUTO-200</td>
<td><div><pre>java.lang.AssertionError: The following asserts failed:
	MAFAUTO-200:Natural Language - Development : Verified smart search for intelligent search field expected [true] but found [false]
	at com.trgr.quality.maf.tests.HomeTest.smartSearchAndToolTip(HomeTest.java:474)
... Removed 25 stack frames</pre></div><a href='#' onClick='toggleBox("stack-trace745966298", this, "Click to show all stack frames", "Click to hide stack frames")'>Click to show all stack frames</a>
<div class='stack-trace' id='stack-trace745966298'><pre>java.lang.AssertionError: The following asserts failed:
	MAFAUTO-200:Natural Language - Development : Verified smart search for intelligent search field expected [true] but found [false]
	at org.testng.asserts.SoftAssert.assertAll(SoftAssert.java:43)
	at com.trgr.quality.maf.tests.HomeTest.smartSearchAndToolTip(HomeTest.java:474)
	at java.base/jdk.internal.reflect.NativeMethodAccessorImpl.invoke0(Native Method)
	at java.base/jdk.internal.reflect.NativeMethodAccessorImpl.invoke(NativeMethodAccessorImpl.java:62)
	at java.base/jdk.internal.reflect.DelegatingMethodAccessorImpl.invoke(DelegatingMethodAccessorImpl.java:43)
	at java.base/java.lang.reflect.Method.invoke(Method.java:564)
	at org.testng.internal.MethodInvocationHelper.invokeMethod(MethodInvocationHelper.java:86)
	at org.testng.internal.Invoker.invokeMethod(Invoker.java:643)
	at org.testng.internal.Invoker.invokeTestMethod(Invoker.java:820)
	at org.testng.internal.Invoker.invokeTestMethods(Invoker.java:1128)
	at org.testng.internal.TestMethodWorker.invokeTestMethods(TestMethodWorker.java:129)
	at org.testng.internal.TestMethodWorker.run(TestMethodWorker.java:112)
	at org.testng.TestRunner.privateRun(TestRunner.java:782)
	at org.testng.TestRunner.run(TestRunner.java:632)
	at org.testng.SuiteRunner.runTest(SuiteRunner.java:366)
	at org.testng.SuiteRunner.runSequentially(SuiteRunner.java:361)
	at org.testng.SuiteRunner.privateRun(SuiteRunner.java:319)
	at org.testng.SuiteRunner.run(SuiteRunner.java:268)
	at org.testng.SuiteRunnerWorker.runSuite(SuiteRunnerWorker.java:52)
	at org.testng.SuiteRunnerWorker.run(SuiteRunnerWorker.java:86)
	at org.testng.TestNG.runSuitesSequentially(TestNG.java:1244)
	at org.testng.TestNG.runSuitesLocally(TestNG.java:1169)
	at org.testng.TestNG.run(TestNG.java:1064)
	at org.testng.remote.AbstractRemoteTestNG.run(AbstractRemoteTestNG.java:115)
	at org.testng.remote.RemoteTestNG.initAndRun(RemoteTestNG.java:251)
	at org.testng.remote.RemoteTestNG.main(RemoteTestNG.java:77)
</pre></div></td>
<td>38</td>
<td>com.trgr.quality.maf.tests.HomeTest@782859e</td></tr>
<tr>
<td title='com.trgr.quality.maf.tests.HomeTest.thematicSearchAndCleanInHomepage()'><b>thematicSearchAndCleanInHomepage</b><br>Test class: com.trgr.quality.maf.tests.HomeTest<br>Test method: MAFAUTO-98</td>
<td><div><pre>java.lang.AssertionError: The following asserts failed:
	MAFAUTO-98:declaración mensual : Verified Search by suggestions expected [true] but found [false]
	at com.trgr.quality.maf.tests.HomeTest.thematicSearchAndCleanInHomepage(HomeTest.java:346)
... Removed 25 stack frames</pre></div><a href='#' onClick='toggleBox("stack-trace2121491280", this, "Click to show all stack frames", "Click to hide stack frames")'>Click to show all stack frames</a>
<div class='stack-trace' id='stack-trace2121491280'><pre>java.lang.AssertionError: The following asserts failed:
	MAFAUTO-98:declaración mensual : Verified Search by suggestions expected [true] but found [false]
	at org.testng.asserts.SoftAssert.assertAll(SoftAssert.java:43)
	at com.trgr.quality.maf.tests.HomeTest.thematicSearchAndCleanInHomepage(HomeTest.java:346)
	at java.base/jdk.internal.reflect.NativeMethodAccessorImpl.invoke0(Native Method)
	at java.base/jdk.internal.reflect.NativeMethodAccessorImpl.invoke(NativeMethodAccessorImpl.java:62)
	at java.base/jdk.internal.reflect.DelegatingMethodAccessorImpl.invoke(DelegatingMethodAccessorImpl.java:43)
	at java.base/java.lang.reflect.Method.invoke(Method.java:564)
	at org.testng.internal.MethodInvocationHelper.invokeMethod(MethodInvocationHelper.java:86)
	at org.testng.internal.Invoker.invokeMethod(Invoker.java:643)
	at org.testng.internal.Invoker.invokeTestMethod(Invoker.java:820)
	at org.testng.internal.Invoker.invokeTestMethods(Invoker.java:1128)
	at org.testng.internal.TestMethodWorker.invokeTestMethods(TestMethodWorker.java:129)
	at org.testng.internal.TestMethodWorker.run(TestMethodWorker.java:112)
	at org.testng.TestRunner.privateRun(TestRunner.java:782)
	at org.testng.TestRunner.run(TestRunner.java:632)
	at org.testng.SuiteRunner.runTest(SuiteRunner.java:366)
	at org.testng.SuiteRunner.runSequentially(SuiteRunner.java:361)
	at org.testng.SuiteRunner.privateRun(SuiteRunner.java:319)
	at org.testng.SuiteRunner.run(SuiteRunner.java:268)
	at org.testng.SuiteRunnerWorker.runSuite(SuiteRunnerWorker.java:52)
	at org.testng.SuiteRunnerWorker.run(SuiteRunnerWorker.java:86)
	at org.testng.TestNG.runSuitesSequentially(TestNG.java:1244)
	at org.testng.TestNG.runSuitesLocally(TestNG.java:1169)
	at org.testng.TestNG.run(TestNG.java:1064)
	at org.testng.remote.AbstractRemoteTestNG.run(AbstractRemoteTestNG.java:115)
	at org.testng.remote.RemoteTestNG.initAndRun(RemoteTestNG.java:251)
	at org.testng.remote.RemoteTestNG.main(RemoteTestNG.java:77)
</pre></div></td>
<td>107</td>
<td>com.trgr.quality.maf.tests.HomeTest@782859e</td></tr>
<tr>
<td title='com.trgr.quality.maf.tests.HomeTest.validatingListaDeDocumentosInHomePage()'><b>validatingListaDeDocumentosInHomePage</b><br>Test class: com.trgr.quality.maf.tests.HomeTest<br>Test method: MAFQABANG-696</td>
<td><div><pre>java.lang.AssertionError: The following asserts failed:
	Exception in Test expected [true] but found [false]
	at com.trgr.quality.maf.tests.HomeTest.validatingListaDeDocumentosInHomePage(HomeTest.java:4469)
... Removed 25 stack frames</pre></div><a href='#' onClick='toggleBox("stack-trace1728897841", this, "Click to show all stack frames", "Click to hide stack frames")'>Click to show all stack frames</a>
<div class='stack-trace' id='stack-trace1728897841'><pre>java.lang.AssertionError: The following asserts failed:
	Exception in Test expected [true] but found [false]
	at org.testng.asserts.SoftAssert.assertAll(SoftAssert.java:43)
	at com.trgr.quality.maf.tests.HomeTest.validatingListaDeDocumentosInHomePage(HomeTest.java:4469)
	at java.base/jdk.internal.reflect.NativeMethodAccessorImpl.invoke0(Native Method)
	at java.base/jdk.internal.reflect.NativeMethodAccessorImpl.invoke(NativeMethodAccessorImpl.java:62)
	at java.base/jdk.internal.reflect.DelegatingMethodAccessorImpl.invoke(DelegatingMethodAccessorImpl.java:43)
	at java.base/java.lang.reflect.Method.invoke(Method.java:564)
	at org.testng.internal.MethodInvocationHelper.invokeMethod(MethodInvocationHelper.java:86)
	at org.testng.internal.Invoker.invokeMethod(Invoker.java:643)
	at org.testng.internal.Invoker.invokeTestMethod(Invoker.java:820)
	at org.testng.internal.Invoker.invokeTestMethods(Invoker.java:1128)
	at org.testng.internal.TestMethodWorker.invokeTestMethods(TestMethodWorker.java:129)
	at org.testng.internal.TestMethodWorker.run(TestMethodWorker.java:112)
	at org.testng.TestRunner.privateRun(TestRunner.java:782)
	at org.testng.TestRunner.run(TestRunner.java:632)
	at org.testng.SuiteRunner.runTest(SuiteRunner.java:366)
	at org.testng.SuiteRunner.runSequentially(SuiteRunner.java:361)
	at org.testng.SuiteRunner.privateRun(SuiteRunner.java:319)
	at org.testng.SuiteRunner.run(SuiteRunner.java:268)
	at org.testng.SuiteRunnerWorker.runSuite(SuiteRunnerWorker.java:52)
	at org.testng.SuiteRunnerWorker.run(SuiteRunnerWorker.java:86)
	at org.testng.TestNG.runSuitesSequentially(TestNG.java:1244)
	at org.testng.TestNG.runSuitesLocally(TestNG.java:1169)
	at org.testng.TestNG.run(TestNG.java:1064)
	at org.testng.remote.AbstractRemoteTestNG.run(AbstractRemoteTestNG.java:115)
	at org.testng.remote.RemoteTestNG.initAndRun(RemoteTestNG.java:251)
	at org.testng.remote.RemoteTestNG.main(RemoteTestNG.java:77)
</pre></div></td>
<td>73</td>
<td>com.trgr.quality.maf.tests.HomeTest@782859e</td></tr>
<tr>
<td title='com.trgr.quality.maf.tests.HomeTest.validatingListaDeDocumentosLeftPanelInHomePage()'><b>validatingListaDeDocumentosLeftPanelInHomePage</b><br>Test class: com.trgr.quality.maf.tests.HomeTest<br>Test method: MAFQABANG-697</td>
<td><div><pre>java.lang.AssertionError: The following asserts failed:
	Exception in Test expected [true] but found [false]
	at com.trgr.quality.maf.tests.HomeTest.validatingListaDeDocumentosLeftPanelInHomePage(HomeTest.java:4525)
... Removed 25 stack frames</pre></div><a href='#' onClick='toggleBox("stack-trace1270565296", this, "Click to show all stack frames", "Click to hide stack frames")'>Click to show all stack frames</a>
<div class='stack-trace' id='stack-trace1270565296'><pre>java.lang.AssertionError: The following asserts failed:
	Exception in Test expected [true] but found [false]
	at org.testng.asserts.SoftAssert.assertAll(SoftAssert.java:43)
	at com.trgr.quality.maf.tests.HomeTest.validatingListaDeDocumentosLeftPanelInHomePage(HomeTest.java:4525)
	at java.base/jdk.internal.reflect.NativeMethodAccessorImpl.invoke0(Native Method)
	at java.base/jdk.internal.reflect.NativeMethodAccessorImpl.invoke(NativeMethodAccessorImpl.java:62)
	at java.base/jdk.internal.reflect.DelegatingMethodAccessorImpl.invoke(DelegatingMethodAccessorImpl.java:43)
	at java.base/java.lang.reflect.Method.invoke(Method.java:564)
	at org.testng.internal.MethodInvocationHelper.invokeMethod(MethodInvocationHelper.java:86)
	at org.testng.internal.Invoker.invokeMethod(Invoker.java:643)
	at org.testng.internal.Invoker.invokeTestMethod(Invoker.java:820)
	at org.testng.internal.Invoker.invokeTestMethods(Invoker.java:1128)
	at org.testng.internal.TestMethodWorker.invokeTestMethods(TestMethodWorker.java:129)
	at org.testng.internal.TestMethodWorker.run(TestMethodWorker.java:112)
	at org.testng.TestRunner.privateRun(TestRunner.java:782)
	at org.testng.TestRunner.run(TestRunner.java:632)
	at org.testng.SuiteRunner.runTest(SuiteRunner.java:366)
	at org.testng.SuiteRunner.runSequentially(SuiteRunner.java:361)
	at org.testng.SuiteRunner.privateRun(SuiteRunner.java:319)
	at org.testng.SuiteRunner.run(SuiteRunner.java:268)
	at org.testng.SuiteRunnerWorker.runSuite(SuiteRunnerWorker.java:52)
	at org.testng.SuiteRunnerWorker.run(SuiteRunnerWorker.java:86)
	at org.testng.TestNG.runSuitesSequentially(TestNG.java:1244)
	at org.testng.TestNG.runSuitesLocally(TestNG.java:1169)
	at org.testng.TestNG.run(TestNG.java:1064)
	at org.testng.remote.AbstractRemoteTestNG.run(AbstractRemoteTestNG.java:115)
	at org.testng.remote.RemoteTestNG.initAndRun(RemoteTestNG.java:251)
	at org.testng.remote.RemoteTestNG.main(RemoteTestNG.java:77)
</pre></div></td>
<td>74</td>
<td>com.trgr.quality.maf.tests.HomeTest@782859e</td></tr>
<tr>
<td title='com.trgr.quality.maf.tests.HomeTest.validatingResultsForSearchInHome()'><b>validatingResultsForSearchInHome</b><br>Test class: com.trgr.quality.maf.tests.HomeTest<br>Test method: MAFQABANG-679</td>
<td><div><pre>java.lang.AssertionError: The following asserts failed:
	MAFQABANG-679:Indicators validated in Home Page : Validated the results for search in the Home Page expected [true] but found [false]
	at com.trgr.quality.maf.tests.HomeTest.validatingResultsForSearchInHome(HomeTest.java:4227)
... Removed 25 stack frames</pre></div><a href='#' onClick='toggleBox("stack-trace942804532", this, "Click to show all stack frames", "Click to hide stack frames")'>Click to show all stack frames</a>
<div class='stack-trace' id='stack-trace942804532'><pre>java.lang.AssertionError: The following asserts failed:
	MAFQABANG-679:Indicators validated in Home Page : Validated the results for search in the Home Page expected [true] but found [false]
	at org.testng.asserts.SoftAssert.assertAll(SoftAssert.java:43)
	at com.trgr.quality.maf.tests.HomeTest.validatingResultsForSearchInHome(HomeTest.java:4227)
	at java.base/jdk.internal.reflect.NativeMethodAccessorImpl.invoke0(Native Method)
	at java.base/jdk.internal.reflect.NativeMethodAccessorImpl.invoke(NativeMethodAccessorImpl.java:62)
	at java.base/jdk.internal.reflect.DelegatingMethodAccessorImpl.invoke(DelegatingMethodAccessorImpl.java:43)
	at java.base/java.lang.reflect.Method.invoke(Method.java:564)
	at org.testng.internal.MethodInvocationHelper.invokeMethod(MethodInvocationHelper.java:86)
	at org.testng.internal.Invoker.invokeMethod(Invoker.java:643)
	at org.testng.internal.Invoker.invokeTestMethod(Invoker.java:820)
	at org.testng.internal.Invoker.invokeTestMethods(Invoker.java:1128)
	at org.testng.internal.TestMethodWorker.invokeTestMethods(TestMethodWorker.java:129)
	at org.testng.internal.TestMethodWorker.run(TestMethodWorker.java:112)
	at org.testng.TestRunner.privateRun(TestRunner.java:782)
	at org.testng.TestRunner.run(TestRunner.java:632)
	at org.testng.SuiteRunner.runTest(SuiteRunner.java:366)
	at org.testng.SuiteRunner.runSequentially(SuiteRunner.java:361)
	at org.testng.SuiteRunner.privateRun(SuiteRunner.java:319)
	at org.testng.SuiteRunner.run(SuiteRunner.java:268)
	at org.testng.SuiteRunnerWorker.runSuite(SuiteRunnerWorker.java:52)
	at org.testng.SuiteRunnerWorker.run(SuiteRunnerWorker.java:86)
	at org.testng.TestNG.runSuitesSequentially(TestNG.java:1244)
	at org.testng.TestNG.runSuitesLocally(TestNG.java:1169)
	at org.testng.TestNG.run(TestNG.java:1064)
	at org.testng.remote.AbstractRemoteTestNG.run(AbstractRemoteTestNG.java:115)
	at org.testng.remote.RemoteTestNG.initAndRun(RemoteTestNG.java:251)
	at org.testng.remote.RemoteTestNG.main(RemoteTestNG.java:77)
</pre></div></td>
<td>43</td>
<td>com.trgr.quality.maf.tests.HomeTest@782859e</td></tr>
<tr>
<td title='com.trgr.quality.maf.tests.HomeTest.verifyCountOfDocumentTypeInHome()'><b>verifyCountOfDocumentTypeInHome</b><br>Test class: com.trgr.quality.maf.tests.HomeTest<br>Test method: MAFQABANG-689</td>
<td><div><pre>java.lang.AssertionError: The following asserts failed:
	MAFQABANG-689:Verify along with filter results the link of each document type found and in paranthesis number of matches from home page :The count of the document type in left panel is equal to the count in right panel expected [true] but found [false],
	MAFQABANG-689:Verify along with filter results the link of each document type found and in paranthesis number of matches from home page :The count of the document type in left panel is equal to the count in right panel expected [true] but found [false]
	at com.trgr.quality.maf.tests.HomeTest.verifyCountOfDocumentTypeInHome(HomeTest.java:4415)
... Removed 25 stack frames</pre></div><a href='#' onClick='toggleBox("stack-trace1935689965", this, "Click to show all stack frames", "Click to hide stack frames")'>Click to show all stack frames</a>
<div class='stack-trace' id='stack-trace1935689965'><pre>java.lang.AssertionError: The following asserts failed:
	MAFQABANG-689:Verify along with filter results the link of each document type found and in paranthesis number of matches from home page :The count of the document type in left panel is equal to the count in right panel expected [true] but found [false],
	MAFQABANG-689:Verify along with filter results the link of each document type found and in paranthesis number of matches from home page :The count of the document type in left panel is equal to the count in right panel expected [true] but found [false]
	at org.testng.asserts.SoftAssert.assertAll(SoftAssert.java:43)
	at com.trgr.quality.maf.tests.HomeTest.verifyCountOfDocumentTypeInHome(HomeTest.java:4415)
	at java.base/jdk.internal.reflect.NativeMethodAccessorImpl.invoke0(Native Method)
	at java.base/jdk.internal.reflect.NativeMethodAccessorImpl.invoke(NativeMethodAccessorImpl.java:62)
	at java.base/jdk.internal.reflect.DelegatingMethodAccessorImpl.invoke(DelegatingMethodAccessorImpl.java:43)
	at java.base/java.lang.reflect.Method.invoke(Method.java:564)
	at org.testng.internal.MethodInvocationHelper.invokeMethod(MethodInvocationHelper.java:86)
	at org.testng.internal.Invoker.invokeMethod(Invoker.java:643)
	at org.testng.internal.Invoker.invokeTestMethod(Invoker.java:820)
	at org.testng.internal.Invoker.invokeTestMethods(Invoker.java:1128)
	at org.testng.internal.TestMethodWorker.invokeTestMethods(TestMethodWorker.java:129)
	at org.testng.internal.TestMethodWorker.run(TestMethodWorker.java:112)
	at org.testng.TestRunner.privateRun(TestRunner.java:782)
	at org.testng.TestRunner.run(TestRunner.java:632)
	at org.testng.SuiteRunner.runTest(SuiteRunner.java:366)
	at org.testng.SuiteRunner.runSequentially(SuiteRunner.java:361)
	at org.testng.SuiteRunner.privateRun(SuiteRunner.java:319)
	at org.testng.SuiteRunner.run(SuiteRunner.java:268)
	at org.testng.SuiteRunnerWorker.runSuite(SuiteRunnerWorker.java:52)
	at org.testng.SuiteRunnerWorker.run(SuiteRunnerWorker.java:86)
	at org.testng.TestNG.runSuitesSequentially(TestNG.java:1244)
	at org.testng.TestNG.runSuitesLocally(TestNG.java:1169)
	at org.testng.TestNG.run(TestNG.java:1064)
	at org.testng.remote.AbstractRemoteTestNG.run(AbstractRemoteTestNG.java:115)
	at org.testng.remote.RemoteTestNG.initAndRun(RemoteTestNG.java:251)
	at org.testng.remote.RemoteTestNG.main(RemoteTestNG.java:77)
</pre></div></td>
<td>112</td>
<td>com.trgr.quality.maf.tests.HomeTest@782859e</td></tr>
<tr>
<td title='com.trgr.quality.maf.tests.HomeTest.verifyCountOfSeeAllLinkInHome()'><b>verifyCountOfSeeAllLinkInHome</b><br>Test class: com.trgr.quality.maf.tests.HomeTest<br>Test method: MAFQABANG-713</td>
<td><div><pre>java.lang.AssertionError: The following asserts failed:
	Exception in Test expected [true] but found [false]
	at com.trgr.quality.maf.tests.HomeTest.verifyCountOfSeeAllLinkInHome(HomeTest.java:4350)
... Removed 25 stack frames</pre></div><a href='#' onClick='toggleBox("stack-trace404152906", this, "Click to show all stack frames", "Click to hide stack frames")'>Click to show all stack frames</a>
<div class='stack-trace' id='stack-trace404152906'><pre>java.lang.AssertionError: The following asserts failed:
	Exception in Test expected [true] but found [false]
	at org.testng.asserts.SoftAssert.assertAll(SoftAssert.java:43)
	at com.trgr.quality.maf.tests.HomeTest.verifyCountOfSeeAllLinkInHome(HomeTest.java:4350)
	at java.base/jdk.internal.reflect.NativeMethodAccessorImpl.invoke0(Native Method)
	at java.base/jdk.internal.reflect.NativeMethodAccessorImpl.invoke(NativeMethodAccessorImpl.java:62)
	at java.base/jdk.internal.reflect.DelegatingMethodAccessorImpl.invoke(DelegatingMethodAccessorImpl.java:43)
	at java.base/java.lang.reflect.Method.invoke(Method.java:564)
	at org.testng.internal.MethodInvocationHelper.invokeMethod(MethodInvocationHelper.java:86)
	at org.testng.internal.Invoker.invokeMethod(Invoker.java:643)
	at org.testng.internal.Invoker.invokeTestMethod(Invoker.java:820)
	at org.testng.internal.Invoker.invokeTestMethods(Invoker.java:1128)
	at org.testng.internal.TestMethodWorker.invokeTestMethods(TestMethodWorker.java:129)
	at org.testng.internal.TestMethodWorker.run(TestMethodWorker.java:112)
	at org.testng.TestRunner.privateRun(TestRunner.java:782)
	at org.testng.TestRunner.run(TestRunner.java:632)
	at org.testng.SuiteRunner.runTest(SuiteRunner.java:366)
	at org.testng.SuiteRunner.runSequentially(SuiteRunner.java:361)
	at org.testng.SuiteRunner.privateRun(SuiteRunner.java:319)
	at org.testng.SuiteRunner.run(SuiteRunner.java:268)
	at org.testng.SuiteRunnerWorker.runSuite(SuiteRunnerWorker.java:52)
	at org.testng.SuiteRunnerWorker.run(SuiteRunnerWorker.java:86)
	at org.testng.TestNG.runSuitesSequentially(TestNG.java:1244)
	at org.testng.TestNG.runSuitesLocally(TestNG.java:1169)
	at org.testng.TestNG.run(TestNG.java:1064)
	at org.testng.remote.AbstractRemoteTestNG.run(AbstractRemoteTestNG.java:115)
	at org.testng.remote.RemoteTestNG.initAndRun(RemoteTestNG.java:251)
	at org.testng.remote.RemoteTestNG.main(RemoteTestNG.java:77)
</pre></div></td>
<td>53</td>
<td>com.trgr.quality.maf.tests.HomeTest@782859e</td></tr>
<tr>
<td title='com.trgr.quality.maf.tests.HomeTest.verifyDocumentSnippetIsDisplayedInHome()'><b>verifyDocumentSnippetIsDisplayedInHome</b><br>Test class: com.trgr.quality.maf.tests.HomeTest<br>Test method: MAFQABANG-725</td>
<td><div><pre>java.lang.AssertionError: The following asserts failed:
	Exception in Test expected [true] but found [false]
	at com.trgr.quality.maf.tests.HomeTest.verifyDocumentSnippetIsDisplayedInHome(HomeTest.java:5126)
... Removed 25 stack frames</pre></div><a href='#' onClick='toggleBox("stack-trace371932487", this, "Click to show all stack frames", "Click to hide stack frames")'>Click to show all stack frames</a>
<div class='stack-trace' id='stack-trace371932487'><pre>java.lang.AssertionError: The following asserts failed:
	Exception in Test expected [true] but found [false]
	at org.testng.asserts.SoftAssert.assertAll(SoftAssert.java:43)
	at com.trgr.quality.maf.tests.HomeTest.verifyDocumentSnippetIsDisplayedInHome(HomeTest.java:5126)
	at java.base/jdk.internal.reflect.NativeMethodAccessorImpl.invoke0(Native Method)
	at java.base/jdk.internal.reflect.NativeMethodAccessorImpl.invoke(NativeMethodAccessorImpl.java:62)
	at java.base/jdk.internal.reflect.DelegatingMethodAccessorImpl.invoke(DelegatingMethodAccessorImpl.java:43)
	at java.base/java.lang.reflect.Method.invoke(Method.java:564)
	at org.testng.internal.MethodInvocationHelper.invokeMethod(MethodInvocationHelper.java:86)
	at org.testng.internal.Invoker.invokeMethod(Invoker.java:643)
	at org.testng.internal.Invoker.invokeTestMethod(Invoker.java:820)
	at org.testng.internal.Invoker.invokeTestMethods(Invoker.java:1128)
	at org.testng.internal.TestMethodWorker.invokeTestMethods(TestMethodWorker.java:129)
	at org.testng.internal.TestMethodWorker.run(TestMethodWorker.java:112)
	at org.testng.TestRunner.privateRun(TestRunner.java:782)
	at org.testng.TestRunner.run(TestRunner.java:632)
	at org.testng.SuiteRunner.runTest(SuiteRunner.java:366)
	at org.testng.SuiteRunner.runSequentially(SuiteRunner.java:361)
	at org.testng.SuiteRunner.privateRun(SuiteRunner.java:319)
	at org.testng.SuiteRunner.run(SuiteRunner.java:268)
	at org.testng.SuiteRunnerWorker.runSuite(SuiteRunnerWorker.java:52)
	at org.testng.SuiteRunnerWorker.run(SuiteRunnerWorker.java:86)
	at org.testng.TestNG.runSuitesSequentially(TestNG.java:1244)
	at org.testng.TestNG.runSuitesLocally(TestNG.java:1169)
	at org.testng.TestNG.run(TestNG.java:1064)
	at org.testng.remote.AbstractRemoteTestNG.run(AbstractRemoteTestNG.java:115)
	at org.testng.remote.RemoteTestNG.initAndRun(RemoteTestNG.java:251)
	at org.testng.remote.RemoteTestNG.main(RemoteTestNG.java:77)
</pre></div></td>
<td>49</td>
<td>com.trgr.quality.maf.tests.HomeTest@782859e</td></tr>
<tr>
<td title='com.trgr.quality.maf.tests.HomeTest.verifyThesaurussuggestions()'><b>verifyThesaurussuggestions</b><br>Test class: com.trgr.quality.maf.tests.HomeTest<br>Test method: MAFQABANG-669</td>
<td><div><pre>java.lang.AssertionError: The following asserts failed:
	Verifying the suggestion are displyed in home page:MAFQABANG-669 expected [true] but found [false]
	at com.trgr.quality.maf.tests.HomeTest.verifyThesaurussuggestions(HomeTest.java:4572)
... Removed 25 stack frames</pre></div><a href='#' onClick='toggleBox("stack-trace1406851189", this, "Click to show all stack frames", "Click to hide stack frames")'>Click to show all stack frames</a>
<div class='stack-trace' id='stack-trace1406851189'><pre>java.lang.AssertionError: The following asserts failed:
	Verifying the suggestion are displyed in home page:MAFQABANG-669 expected [true] but found [false]
	at org.testng.asserts.SoftAssert.assertAll(SoftAssert.java:43)
	at com.trgr.quality.maf.tests.HomeTest.verifyThesaurussuggestions(HomeTest.java:4572)
	at java.base/jdk.internal.reflect.NativeMethodAccessorImpl.invoke0(Native Method)
	at java.base/jdk.internal.reflect.NativeMethodAccessorImpl.invoke(NativeMethodAccessorImpl.java:62)
	at java.base/jdk.internal.reflect.DelegatingMethodAccessorImpl.invoke(DelegatingMethodAccessorImpl.java:43)
	at java.base/java.lang.reflect.Method.invoke(Method.java:564)
	at org.testng.internal.MethodInvocationHelper.invokeMethod(MethodInvocationHelper.java:86)
	at org.testng.internal.Invoker.invokeMethod(Invoker.java:643)
	at org.testng.internal.Invoker.invokeTestMethod(Invoker.java:820)
	at org.testng.internal.Invoker.invokeTestMethods(Invoker.java:1128)
	at org.testng.internal.TestMethodWorker.invokeTestMethods(TestMethodWorker.java:129)
	at org.testng.internal.TestMethodWorker.run(TestMethodWorker.java:112)
	at org.testng.TestRunner.privateRun(TestRunner.java:782)
	at org.testng.TestRunner.run(TestRunner.java:632)
	at org.testng.SuiteRunner.runTest(SuiteRunner.java:366)
	at org.testng.SuiteRunner.runSequentially(SuiteRunner.java:361)
	at org.testng.SuiteRunner.privateRun(SuiteRunner.java:319)
	at org.testng.SuiteRunner.run(SuiteRunner.java:268)
	at org.testng.SuiteRunnerWorker.runSuite(SuiteRunnerWorker.java:52)
	at org.testng.SuiteRunnerWorker.run(SuiteRunnerWorker.java:86)
	at org.testng.TestNG.runSuitesSequentially(TestNG.java:1244)
	at org.testng.TestNG.runSuitesLocally(TestNG.java:1169)
	at org.testng.TestNG.run(TestNG.java:1064)
	at org.testng.remote.AbstractRemoteTestNG.run(AbstractRemoteTestNG.java:115)
	at org.testng.remote.RemoteTestNG.initAndRun(RemoteTestNG.java:251)
	at org.testng.remote.RemoteTestNG.main(RemoteTestNG.java:77)
</pre></div></td>
<td>57</td>
<td>com.trgr.quality.maf.tests.HomeTest@782859e</td></tr>
<tr>
<td title='com.trgr.quality.maf.tests.HomeTest.verifyUnitandRubricLink()'><b>verifyUnitandRubricLink</b><br>Test class: com.trgr.quality.maf.tests.HomeTest<br>Test method: MAFQABANG-732</td>
<td><div><pre>java.lang.AssertionError: The following asserts failed:
	verify whether unit+rubric is a link:MAFQABANG-732 expected [true] but found [false]
	at com.trgr.quality.maf.tests.HomeTest.verifyUnitandRubricLink(HomeTest.java:4776)
... Removed 25 stack frames</pre></div><a href='#' onClick='toggleBox("stack-trace774095232", this, "Click to show all stack frames", "Click to hide stack frames")'>Click to show all stack frames</a>
<div class='stack-trace' id='stack-trace774095232'><pre>java.lang.AssertionError: The following asserts failed:
	verify whether unit+rubric is a link:MAFQABANG-732 expected [true] but found [false]
	at org.testng.asserts.SoftAssert.assertAll(SoftAssert.java:43)
	at com.trgr.quality.maf.tests.HomeTest.verifyUnitandRubricLink(HomeTest.java:4776)
	at java.base/jdk.internal.reflect.NativeMethodAccessorImpl.invoke0(Native Method)
	at java.base/jdk.internal.reflect.NativeMethodAccessorImpl.invoke(NativeMethodAccessorImpl.java:62)
	at java.base/jdk.internal.reflect.DelegatingMethodAccessorImpl.invoke(DelegatingMethodAccessorImpl.java:43)
	at java.base/java.lang.reflect.Method.invoke(Method.java:564)
	at org.testng.internal.MethodInvocationHelper.invokeMethod(MethodInvocationHelper.java:86)
	at org.testng.internal.Invoker.invokeMethod(Invoker.java:643)
	at org.testng.internal.Invoker.invokeTestMethod(Invoker.java:820)
	at org.testng.internal.Invoker.invokeTestMethods(Invoker.java:1128)
	at org.testng.internal.TestMethodWorker.invokeTestMethods(TestMethodWorker.java:129)
	at org.testng.internal.TestMethodWorker.run(TestMethodWorker.java:112)
	at org.testng.TestRunner.privateRun(TestRunner.java:782)
	at org.testng.TestRunner.run(TestRunner.java:632)
	at org.testng.SuiteRunner.runTest(SuiteRunner.java:366)
	at org.testng.SuiteRunner.runSequentially(SuiteRunner.java:361)
	at org.testng.SuiteRunner.privateRun(SuiteRunner.java:319)
	at org.testng.SuiteRunner.run(SuiteRunner.java:268)
	at org.testng.SuiteRunnerWorker.runSuite(SuiteRunnerWorker.java:52)
	at org.testng.SuiteRunnerWorker.run(SuiteRunnerWorker.java:86)
	at org.testng.TestNG.runSuitesSequentially(TestNG.java:1244)
	at org.testng.TestNG.runSuitesLocally(TestNG.java:1169)
	at org.testng.TestNG.run(TestNG.java:1064)
	at org.testng.remote.AbstractRemoteTestNG.run(AbstractRemoteTestNG.java:115)
	at org.testng.remote.RemoteTestNG.initAndRun(RemoteTestNG.java:251)
	at org.testng.remote.RemoteTestNG.main(RemoteTestNG.java:77)
</pre></div></td>
<td>137</td>
<td>com.trgr.quality.maf.tests.HomeTest@782859e</td></tr>
<tr>
<td title='com.trgr.quality.maf.tests.HomeTest.verifyUnitrubricLinkInHome()'><b>verifyUnitrubricLinkInHome</b><br>Test class: com.trgr.quality.maf.tests.HomeTest<br>Test method: MAFQABANG-726</td>
<td><div><pre>java.lang.AssertionError: The following asserts failed:
	Verify the unit+rubric link:MAFQABANG-726 expected [true] but found [false]
	at com.trgr.quality.maf.tests.HomeTest.verifyUnitrubricLinkInHome(HomeTest.java:4725)
... Removed 25 stack frames</pre></div><a href='#' onClick='toggleBox("stack-trace2128859746", this, "Click to show all stack frames", "Click to hide stack frames")'>Click to show all stack frames</a>
<div class='stack-trace' id='stack-trace2128859746'><pre>java.lang.AssertionError: The following asserts failed:
	Verify the unit+rubric link:MAFQABANG-726 expected [true] but found [false]
	at org.testng.asserts.SoftAssert.assertAll(SoftAssert.java:43)
	at com.trgr.quality.maf.tests.HomeTest.verifyUnitrubricLinkInHome(HomeTest.java:4725)
	at java.base/jdk.internal.reflect.NativeMethodAccessorImpl.invoke0(Native Method)
	at java.base/jdk.internal.reflect.NativeMethodAccessorImpl.invoke(NativeMethodAccessorImpl.java:62)
	at java.base/jdk.internal.reflect.DelegatingMethodAccessorImpl.invoke(DelegatingMethodAccessorImpl.java:43)
	at java.base/java.lang.reflect.Method.invoke(Method.java:564)
	at org.testng.internal.MethodInvocationHelper.invokeMethod(MethodInvocationHelper.java:86)
	at org.testng.internal.Invoker.invokeMethod(Invoker.java:643)
	at org.testng.internal.Invoker.invokeTestMethod(Invoker.java:820)
	at org.testng.internal.Invoker.invokeTestMethods(Invoker.java:1128)
	at org.testng.internal.TestMethodWorker.invokeTestMethods(TestMethodWorker.java:129)
	at org.testng.internal.TestMethodWorker.run(TestMethodWorker.java:112)
	at org.testng.TestRunner.privateRun(TestRunner.java:782)
	at org.testng.TestRunner.run(TestRunner.java:632)
	at org.testng.SuiteRunner.runTest(SuiteRunner.java:366)
	at org.testng.SuiteRunner.runSequentially(SuiteRunner.java:361)
	at org.testng.SuiteRunner.privateRun(SuiteRunner.java:319)
	at org.testng.SuiteRunner.run(SuiteRunner.java:268)
	at org.testng.SuiteRunnerWorker.runSuite(SuiteRunnerWorker.java:52)
	at org.testng.SuiteRunnerWorker.run(SuiteRunnerWorker.java:86)
	at org.testng.TestNG.runSuitesSequentially(TestNG.java:1244)
	at org.testng.TestNG.runSuitesLocally(TestNG.java:1169)
	at org.testng.TestNG.run(TestNG.java:1064)
	at org.testng.remote.AbstractRemoteTestNG.run(AbstractRemoteTestNG.java:115)
	at org.testng.remote.RemoteTestNG.initAndRun(RemoteTestNG.java:251)
	at org.testng.remote.RemoteTestNG.main(RemoteTestNG.java:77)
</pre></div></td>
<td>109</td>
<td>com.trgr.quality.maf.tests.HomeTest@782859e</td></tr>
</table><p>
<table width='100%' border='1' class='invocation-passed'>
<tr><td colspan='4' align='center'><b>PASSED TESTS</b></td></tr>
<tr><td><b>Test method</b></td>
<td width="30%"><b>Exception</b></td>
<td width="10%"><b>Time (seconds)</b></td>
<td><b>Instance</b></td>
</tr>
<tr>
<td title='com.trgr.quality.maf.tests.HomeTest.ApplicationVerificationpostlogin()'><b>ApplicationVerificationpostlogin</b><br>Test class: com.trgr.quality.maf.tests.HomeTest<br>Test method: MAFQABANG-73</td>
<td></td>
<td>15</td>
<td>com.trgr.quality.maf.tests.HomeTest@782859e</td></tr>
<tr>
<td title='com.trgr.quality.maf.tests.HomeTest.ClickHelpButontoOpenHelpPage()'><b>ClickHelpButontoOpenHelpPage</b><br>Test class: com.trgr.quality.maf.tests.HomeTest<br>Test method: MAFQABANG-638</td>
<td></td>
<td>32</td>
<td>com.trgr.quality.maf.tests.HomeTest@782859e</td></tr>
<tr>
<td title='com.trgr.quality.maf.tests.HomeTest.FrequentAskedQuestionsWidgetforAmparo()'><b>FrequentAskedQuestionsWidgetforAmparo</b><br>Test class: com.trgr.quality.maf.tests.HomeTest<br>Test method: MAFAUTO-193</td>
<td></td>
<td>28</td>
<td>com.trgr.quality.maf.tests.HomeTest@782859e</td></tr>
<tr>
<td title='com.trgr.quality.maf.tests.HomeTest.FrequentAskedQuestionsWidgetforCivil()'><b>FrequentAskedQuestionsWidgetforCivil</b><br>Test class: com.trgr.quality.maf.tests.HomeTest<br>Test method: MAFAUTO-194</td>
<td></td>
<td>28</td>
<td>com.trgr.quality.maf.tests.HomeTest@782859e</td></tr>
<tr>
<td title='com.trgr.quality.maf.tests.HomeTest.FrequentAskedQuestionsWidgetforConstitucional()'><b>FrequentAskedQuestionsWidgetforConstitucional</b><br>Test class: com.trgr.quality.maf.tests.HomeTest<br>Test method: MAFAUTO-195</td>
<td></td>
<td>29</td>
<td>com.trgr.quality.maf.tests.HomeTest@782859e</td></tr>
<tr>
<td title='com.trgr.quality.maf.tests.HomeTest.FrequentAskedQuestionsWidgetforCorporativo()'><b>FrequentAskedQuestionsWidgetforCorporativo</b><br>Test class: com.trgr.quality.maf.tests.HomeTest<br>Test method: MAFAUTO-196</td>
<td></td>
<td>30</td>
<td>com.trgr.quality.maf.tests.HomeTest@782859e</td></tr>
<tr>
<td title='com.trgr.quality.maf.tests.HomeTest.FrequentAskedQuestionsWidgetforFinanciero()'><b>FrequentAskedQuestionsWidgetforFinanciero</b><br>Test class: com.trgr.quality.maf.tests.HomeTest<br>Test method: MAFAUTO-197</td>
<td></td>
<td>29</td>
<td>com.trgr.quality.maf.tests.HomeTest@782859e</td></tr>
<tr>
<td title='com.trgr.quality.maf.tests.HomeTest.FrequentAskedQuestionsWidgetforMercantil()'><b>FrequentAskedQuestionsWidgetforMercantil</b><br>Test class: com.trgr.quality.maf.tests.HomeTest<br>Test method: MAFAUTO-198</td>
<td></td>
<td>28</td>
<td>com.trgr.quality.maf.tests.HomeTest@782859e</td></tr>
<tr>
<td title='com.trgr.quality.maf.tests.HomeTest.FrequentAskedQuestionsWidgetforPenal()'><b>FrequentAskedQuestionsWidgetforPenal</b><br>Test class: com.trgr.quality.maf.tests.HomeTest<br>Test method: MAFAUTO-199</td>
<td></td>
<td>27</td>
<td>com.trgr.quality.maf.tests.HomeTest@782859e</td></tr>
<tr>
<td title='com.trgr.quality.maf.tests.HomeTest.RemovedThematicAreaOptions()'><b>RemovedThematicAreaOptions</b><br>Test class: com.trgr.quality.maf.tests.HomeTest<br>Test method: MAFAUTO-227</td>
<td></td>
<td>14</td>
<td>com.trgr.quality.maf.tests.HomeTest@782859e</td></tr>
<tr>
<td title='com.trgr.quality.maf.tests.HomeTest.ScheduledSearchWidget()'><b>ScheduledSearchWidget</b><br>Test class: com.trgr.quality.maf.tests.HomeTest<br>Test method: MAFAUTO-134</td>
<td></td>
<td>38</td>
<td>com.trgr.quality.maf.tests.HomeTest@782859e</td></tr>
<tr>
<td title='com.trgr.quality.maf.tests.HomeTest.ValidationOfGlobalSearchInHome()'><b>ValidationOfGlobalSearchInHome</b><br>Test class: com.trgr.quality.maf.tests.HomeTest<br>Test method: MAFQABANG-662</td>
<td></td>
<td>15</td>
<td>com.trgr.quality.maf.tests.HomeTest@782859e</td></tr>
<tr>
<td title='com.trgr.quality.maf.tests.HomeTest.ValidationOfIconsInDocumentDisplayPage()'><b>ValidationOfIconsInDocumentDisplayPage</b><br>Test class: com.trgr.quality.maf.tests.HomeTest<br>Test method: MAFQABANG-639</td>
<td></td>
<td>71</td>
<td>com.trgr.quality.maf.tests.HomeTest@782859e</td></tr>
<tr>
<td title='com.trgr.quality.maf.tests.HomeTest.ValidationofThematicAreaDropdownInHome()'><b>ValidationofThematicAreaDropdownInHome</b><br>Test class: com.trgr.quality.maf.tests.HomeTest<br>Test method: MAFQABANG-666</td>
<td></td>
<td>30</td>
<td>com.trgr.quality.maf.tests.HomeTest@782859e</td></tr>
<tr>
<td title='com.trgr.quality.maf.tests.HomeTest.footerTermsAndConditions()'><b>footerTermsAndConditions</b><br>Test class: com.trgr.quality.maf.tests.HomeTest<br>Test method: MAFAUTO-191</td>
<td></td>
<td>21</td>
<td>com.trgr.quality.maf.tests.HomeTest@782859e</td></tr>
<tr>
<td title='com.trgr.quality.maf.tests.HomeTest.validatingActionsInResultPageFromHome()'><b>validatingActionsInResultPageFromHome</b><br>Test class: com.trgr.quality.maf.tests.HomeTest<br>Test method: MAFQABANG-721</td>
<td></td>
<td>42</td>
<td>com.trgr.quality.maf.tests.HomeTest@782859e</td></tr>
<tr>
<td title='com.trgr.quality.maf.tests.HomeTest.verifyCleanButtonInHome()'><b>verifyCleanButtonInHome</b><br>Test class: com.trgr.quality.maf.tests.HomeTest<br>Test method: MAFQABANG-678</td>
<td></td>
<td>25</td>
<td>com.trgr.quality.maf.tests.HomeTest@782859e</td></tr>
<tr>
<td title='com.trgr.quality.maf.tests.HomeTest.verifyErrorMsgForEmptySearchInHome()'><b>verifyErrorMsgForEmptySearchInHome</b><br>Test class: com.trgr.quality.maf.tests.HomeTest<br>Test method: MAFQABANG-676</td>
<td></td>
<td>22</td>
<td>com.trgr.quality.maf.tests.HomeTest@782859e</td></tr>
<tr>
<td title='com.trgr.quality.maf.tests.HomeTest.verifyErrorMsgInHome()'><b>verifyErrorMsgInHome</b><br>Test class: com.trgr.quality.maf.tests.HomeTest<br>Test method: MAFQABANG-676</td>
<td></td>
<td>18</td>
<td>com.trgr.quality.maf.tests.HomeTest@782859e</td></tr>
<tr>
<td title='com.trgr.quality.maf.tests.HomeTest.verifyPlaceHolderValueForAskChpInHome()'><b>verifyPlaceHolderValueForAskChpInHome</b><br>Test class: com.trgr.quality.maf.tests.HomeTest<br>Test method: MAFQABANG-701</td>
<td></td>
<td>18</td>
<td>com.trgr.quality.maf.tests.HomeTest@782859e</td></tr>
<tr>
<td title='com.trgr.quality.maf.tests.HomeTest.verifyResultCountForEachDocTypeInHome()'><b>verifyResultCountForEachDocTypeInHome</b><br>Test class: com.trgr.quality.maf.tests.HomeTest<br>Test method: MAFQABANG</td>
<td></td>
<td>63</td>
<td>com.trgr.quality.maf.tests.HomeTest@782859e</td></tr>
<tr>
<td title='com.trgr.quality.maf.tests.HomeTest.verifyTextInHelpIconInHome()'><b>verifyTextInHelpIconInHome</b><br>Test class: com.trgr.quality.maf.tests.HomeTest<br>Test method: MAFQABANG-668</td>
<td></td>
<td>20</td>
<td>com.trgr.quality.maf.tests.HomeTest@782859e</td></tr>
<tr>
<td title='com.trgr.quality.maf.tests.HomeTest.widgetsinhomepage()'><b>widgetsinhomepage</b><br>Test class: com.trgr.quality.maf.tests.HomeTest<br>Test method: MAFQABANG-76</td>
<td></td>
<td>17</td>
<td>com.trgr.quality.maf.tests.HomeTest@782859e</td></tr>
</table><p>
</body>
</html>