<?xml version="1.0" encoding="UTF-8"?>
<!-- Generated by org.testng.reporters.JUnitXMLReporter -->
<testsuite hostname="TR-JDGMXY2" failures="8" tests="8" name="JurisprudenceSearchTest" time="2097.107" errors="0" timestamp="7 Oct 2020 23:27:06 GMT">
  <testcase classname="com.trgr.quality.maf.tests.JurisprudenceSearchTest" name="searchJurisprudenceUsingThematicAndFreeword" time="350.898">
    <failure type="java.lang.AssertionError" message="The following asserts failed:
	MAFQABANG-68Combo suggestions with highlighting the search string expected [true] but found [false],
	MAFQABANG-68:Search failed : expected [true] but found [false]">
      <![CDATA[java.lang.AssertionError: The following asserts failed:
	MAFQABANG-68Combo suggestions with highlighting the search string expected [true] but found [false],
	MAFQABANG-68:Search failed : expected [true] but found [false]
	at com.trgr.quality.maf.tests.JurisprudenceSearchTest.searchJurisprudenceUsingThematicAndFreeword(JurisprudenceSearchTest.java:154)
... Removed 25 stack frames]]>
    </failure>
  </testcase> <!-- searchJurisprudenceUsingThematicAndFreeword -->
  <testcase classname="com.trgr.quality.maf.tests.JurisprudenceSearchTest" name="searchJurisprudenceUsingThesisandRubro" time="82.254">
    <failure type="java.lang.AssertionError" message="The following asserts failed:
	MAFQABANG-428:Search failed : expected [true] but found [false]">
      <![CDATA[java.lang.AssertionError: The following asserts failed:
	MAFQABANG-428:Search failed : expected [true] but found [false]
	at com.trgr.quality.maf.tests.JurisprudenceSearchTest.searchJurisprudenceUsingThesisandRubro(JurisprudenceSearchTest.java:284)
... Removed 25 stack frames]]>
    </failure>
  </testcase> <!-- searchJurisprudenceUsingThesisandRubro -->
  <testcase classname="com.trgr.quality.maf.tests.JurisprudenceSearchTest" name="searchJurisprudenceUsingThesisNumber" time="330.332">
    <failure type="java.lang.AssertionError" message="The following asserts failed:
	MAFAUTO-203:Search failed : expected [true] but found [false]">
      <![CDATA[java.lang.AssertionError: The following asserts failed:
	MAFAUTO-203:Search failed : expected [true] but found [false]
	at com.trgr.quality.maf.tests.JurisprudenceSearchTest.searchJurisprudenceUsingThesisNumber(JurisprudenceSearchTest.java:355)
... Removed 25 stack frames]]>
    </failure>
  </testcase> <!-- searchJurisprudenceUsingThesisNumber -->
  <testcase classname="com.trgr.quality.maf.tests.JurisprudenceSearchTest" name="searchJurisprudenceUsingRubro" time="340.853">
    <failure type="java.lang.AssertionError" message="The following asserts failed:
	MAFAUTO-245:Search failed : expected [true] but found [false]">
      <![CDATA[java.lang.AssertionError: The following asserts failed:
	MAFAUTO-245:Search failed : expected [true] but found [false]
	at com.trgr.quality.maf.tests.JurisprudenceSearchTest.searchJurisprudenceUsingRubro(JurisprudenceSearchTest.java:448)
... Removed 25 stack frames]]>
    </failure>
  </testcase> <!-- searchJurisprudenceUsingRubro -->
  <testcase classname="com.trgr.quality.maf.tests.JurisprudenceSearchTest" name="searchJurisprudenceImproveRanking" time="341.719">
    <failure type="java.lang.AssertionError" message="The following asserts failed:
	MAFAUTO-244:Search failed : expected [true] but found [false]">
      <![CDATA[java.lang.AssertionError: The following asserts failed:
	MAFAUTO-244:Search failed : expected [true] but found [false]
	at com.trgr.quality.maf.tests.JurisprudenceSearchTest.searchJurisprudenceImproveRanking(JurisprudenceSearchTest.java:533)
... Removed 25 stack frames]]>
    </failure>
  </testcase> <!-- searchJurisprudenceImproveRanking -->
  <testcase classname="com.trgr.quality.maf.tests.JurisprudenceSearchTest" name="applyFiltersOnFacetsUsingSearchOnJurisprudence" time="194.286">
    <failure type="java.lang.AssertionError" message="The following asserts failed:
	Exception in Test expected [true] but found [false]">
      <![CDATA[java.lang.AssertionError: The following asserts failed:
	Exception in Test expected [true] but found [false]
	at com.trgr.quality.maf.tests.JurisprudenceSearchTest.applyFiltersOnFacetsUsingSearchOnJurisprudence(JurisprudenceSearchTest.java:659)
... Removed 25 stack frames]]>
    </failure>
  </testcase> <!-- applyFiltersOnFacetsUsingSearchOnJurisprudence -->
  <testcase classname="com.trgr.quality.maf.tests.JurisprudenceSearchTest" name="docDisplayUsingFreewordSearchOnJurisprudence" time="328.852">
    <failure type="java.lang.AssertionError" message="The following asserts failed:
	MAFAUTO-112:Search failed : expected [true] but found [false]">
      <![CDATA[java.lang.AssertionError: The following asserts failed:
	MAFAUTO-112:Search failed : expected [true] but found [false]
	at com.trgr.quality.maf.tests.JurisprudenceSearchTest.docDisplayUsingFreewordSearchOnJurisprudence(JurisprudenceSearchTest.java:738)
... Removed 25 stack frames]]>
    </failure>
  </testcase> <!-- docDisplayUsingFreewordSearchOnJurisprudence -->
  <testcase classname="com.trgr.quality.maf.tests.JurisprudenceSearchTest" name="jurisprudenceSearchWithFilterbyInstance" time="97.029">
    <failure type="java.lang.AssertionError" message="The following asserts failed:
	MAFAUTO-248:Search failed : expected [true] but found [false]">
      <![CDATA[java.lang.AssertionError: The following asserts failed:
	MAFAUTO-248:Search failed : expected [true] but found [false]
	at com.trgr.quality.maf.tests.JurisprudenceSearchTest.jurisprudenceSearchWithFilterbyInstance(JurisprudenceSearchTest.java:829)
... Removed 25 stack frames]]>
    </failure>
  </testcase> <!-- jurisprudenceSearchWithFilterbyInstance -->
</testsuite> <!-- JurisprudenceSearchTest -->
