<?xml version="1.0" encoding="UTF-8"?>
<!-- Generated by org.testng.reporters.JUnitXMLReporter -->
<testsuite ignored="5" hostname="TR-JDGMXY2" failures="0" tests="0" time="0.006" errors="0" timestamp="2021-02-26T02:51:40 ART">
  <testcase classname="com.trgr.quality.maf.tests.ActionsTest" name="actionNewSearchClearbutton" time="0.0">
    <ignored/>
  </testcase> <!-- actionNewSearchClearbutton -->
  <testcase classname="com.trgr.quality.maf.tests.ActionsTest" name="newSearchLinkAndRefreshSearchValidations" time="0.0">
    <ignored/>
  </testcase> <!-- newSearchLinkAndRefreshSearchValidations -->
  <testcase classname="com.trgr.quality.maf.tests.ActionsTest" name="displayOfActionsPageAndCheckForNoResultsMsg" time="0.0">
    <ignored/>
  </testcase> <!-- displayOfActionsPageAndCheckForNoResultsMsg -->
  <testcase classname="com.trgr.quality.maf.tests.ActionsTest" name="searchWithInOnSearchResults" time="0.0">
    <ignored/>
  </testcase> <!-- searchWithInOnSearchResults -->
  <testcase classname="com.trgr.quality.maf.tests.ActionsTest" name="searchUsingAllFieldsOnActionsPage" time="0.0">
    <ignored/>
  </testcase> <!-- searchUsingAllFieldsOnActionsPage -->
</testsuite>
