<?xml version="1.0" encoding="UTF-8"?>
<!-- Generated by org.testng.reporters.JUnitXMLReporter -->
<testsuite ignored="5" hostname="TR-JDGMXY2" failures="0" tests="0" time="0.003" errors="0" timestamp="2021-02-26T02:42:53 ART">
  <testcase classname="com.trgr.quality.maf.tests.ForeignCurrencyTest" name="refreshSearchandclearDataValidations" time="0.0">
    <ignored/>
  </testcase> <!-- refreshSearchandclearDataValidations -->
  <testcase classname="com.trgr.quality.maf.tests.ForeignCurrencyTest" name="searchUsingAllFields" time="0.0">
    <ignored/>
  </testcase> <!-- searchUsingAllFields -->
  <testcase classname="com.trgr.quality.maf.tests.ForeignCurrencyTest" name="newSearchandclearDataValidations" time="0.0">
    <ignored/>
  </testcase> <!-- newSearchandclearDataValidations -->
  <testcase classname="com.trgr.quality.maf.tests.ForeignCurrencyTest" name="searchWithInOnSearchResults" time="0.0">
    <ignored/>
  </testcase> <!-- searchWithInOnSearchResults -->
  <testcase classname="com.trgr.quality.maf.tests.ForeignCurrencyTest" name="displayOfForeignCurrencyandCheckForNoResultsMsg" time="0.0">
    <ignored/>
  </testcase> <!-- displayOfForeignCurrencyandCheckForNoResultsMsg -->
</testsuite>
