<?xml version="1.0" encoding="UTF-8"?>
<!-- Generated by org.testng.reporters.JUnitXMLReporter -->
<testsuite ignored="6" hostname="TR-JDGMXY2" failures="0" tests="10" name="LoginTest" time="815.534" errors="0" timestamp="2021-02-26T07:14:27 ART">
  <testcase classname="com.trgr.quality.maf.tests.LoginTest" name="LoginScreenDesignForFirstTimeUser" time="6.717"/>
  <testcase classname="com.trgr.quality.maf.tests.LoginTest" name="loginWithClientID" time="57.998"/>
  <testcase classname="com.trgr.quality.maf.tests.LoginTest" name="loginWithValidAndInvalidCredentials" time="213.055"/>
  <testcase classname="com.trgr.quality.maf.tests.LoginTest" name="loginUsingSaveUserNameAndPwd" time="109.993"/>
  <testcase classname="com.trgr.quality.maf.tests.LoginTest" name="KnowtheServiceLink" time="51.14"/>
  <testcase classname="com.trgr.quality.maf.tests.LoginTest" name="FrequentQuestionsLink" time="55.161"/>
  <testcase classname="com.trgr.quality.maf.tests.LoginTest" name="LoginScreenDesignForAnyUser" time="51.439"/>
  <testcase classname="com.trgr.quality.maf.tests.LoginTest" name="GoToHomeFromServicesPage" time="51.225"/>
  <testcase classname="com.trgr.quality.maf.tests.LoginTest" name="CustomerServicePortlet" time="50.987"/>
  <testcase classname="com.trgr.quality.maf.tests.LoginTest" name="LoginwithSaveUnamePwdUnchecked" time="67.682"/>
  <testcase classname="com.trgr.quality.maf.tests.LoginTest" name="onepasspageprofilelinks" time="0.0">
    <ignored/>
  </testcase> <!-- onepasspageprofilelinks -->
  <testcase classname="com.trgr.quality.maf.tests.LoginTest" name="onepassSignInlinks" time="0.0">
    <ignored/>
  </testcase> <!-- onepassSignInlinks -->
  <testcase classname="com.trgr.quality.maf.tests.LoginTest" name="ForgotUsernamePasswordLinks" time="0.0">
    <ignored/>
  </testcase> <!-- ForgotUsernamePasswordLinks -->
  <testcase classname="com.trgr.quality.maf.tests.LoginTest" name="ForgotPasswordLinks" time="0.0">
    <ignored/>
  </testcase> <!-- ForgotPasswordLinks -->
  <testcase classname="com.trgr.quality.maf.tests.LoginTest" name="loginUsingSaveUserName" time="0.0">
    <ignored/>
  </testcase> <!-- loginUsingSaveUserName -->
  <testcase classname="com.trgr.quality.maf.tests.LoginTest" name="LoginBranding" time="0.0">
    <ignored/>
  </testcase> <!-- LoginBranding -->
</testsuite> <!-- LoginTest -->
