<?xml version="1.0" encoding="UTF-8"?>
<!-- Generated by org.testng.reporters.JUnitXMLReporter -->
<testsuite ignored="4" hostname="TR-JDGMXY2" failures="0" tests="0" time="0.001" errors="0" timestamp="2021-02-26T02:42:53 ART">
  <testcase classname="com.trgr.quality.maf.tests.ObligacionesTest" name="searchWithInOnResultSet" time="0.0">
    <ignored/>
  </testcase> <!-- searchWithInOnResultSet -->
  <testcase classname="com.trgr.quality.maf.tests.ObligacionesTest" name="checkClearAndModifySearch" time="0.0">
    <ignored/>
  </testcase> <!-- checkClearAndModifySearch -->
  <testcase classname="com.trgr.quality.maf.tests.ObligacionesTest" name="checkNewSearchLink" time="0.0">
    <ignored/>
  </testcase> <!-- checkNewSearchLink -->
  <testcase classname="com.trgr.quality.maf.tests.ObligacionesTest" name="displayOfObligationPageAndCheckForNoResultsMsg" time="0.0">
    <ignored/>
  </testcase> <!-- displayOfObligationPageAndCheckForNoResultsMsg -->
</testsuite>
