<?xml version="1.0" encoding="UTF-8"?>
<!-- Generated by org.testng.reporters.JUnitXMLReporter -->
<testsuite ignored="10" hostname="TR-JDGMXY2" failures="0" tests="4" name="ToolsTest" time="0.053" errors="0" timestamp="2021-02-26T02:42:54 ART">
  <testcase classname="com.trgr.quality.maf.tests.ToolsTest" name="@BeforeClass startToolsTest" time="0.024">
    <failure type="java.lang.AssertionError" message="expected [true] but found [false]">
      <![CDATA[java.lang.AssertionError: expected [true] but found [false]
at com.trgr.quality.maf.tests.ToolsTest.startToolsTest(ToolsTest.java:70)
at java.base/java.util.ArrayList.forEach(ArrayList.java:1511)
at java.base/java.util.concurrent.FutureTask.run(FutureTask.java:264)
at java.base/java.util.concurrent.ThreadPoolExecutor.runWorker(ThreadPoolExecutor.java:1130)
at java.base/java.util.concurrent.ThreadPoolExecutor$Worker.run(ThreadPoolExecutor.java:630)
at java.base/java.lang.Thread.run(Thread.java:832)
... Removed 20 stack frames]]>
    </failure>
  </testcase> <!-- @BeforeClass startToolsTest -->
  <testcase classname="com.trgr.quality.maf.tests.ToolsTest" name="DisplayToolsTab" time="0.0">
    <skipped/>
  </testcase> <!-- DisplayToolsTab -->
  <testcase classname="com.trgr.quality.maf.tests.ToolsTest" name="WidgetsInToolstab" time="0.0">
    <skipped/>
  </testcase> <!-- WidgetsInToolstab -->
  <testcase classname="com.trgr.quality.maf.tests.ToolsTest" name="CollapseAllWidgets" time="0.0">
    <skipped/>
  </testcase> <!-- CollapseAllWidgets -->
  <testcase classname="com.trgr.quality.maf.tests.ToolsTest" name="ExpandAllWidgets" time="0.0">
    <skipped/>
  </testcase> <!-- ExpandAllWidgets -->
  <testcase classname="com.trgr.quality.maf.tests.ToolsTest" name="Obligationsofsocialsecuritycontributions" time="0.0">
    <ignored/>
  </testcase> <!-- Obligationsofsocialsecuritycontributions -->
  <testcase classname="com.trgr.quality.maf.tests.ToolsTest" name="DailyExpirationTool" time="0.0">
    <ignored/>
  </testcase> <!-- DailyExpirationTool -->
  <testcase classname="com.trgr.quality.maf.tests.ToolsTest" name="ObligationsOfFederalContribution" time="0.0">
    <ignored/>
  </testcase> <!-- ObligationsOfFederalContribution -->
  <testcase classname="com.trgr.quality.maf.tests.ToolsTest" name="CreateShortcut" time="0.0">
    <ignored/>
  </testcase> <!-- CreateShortcut -->
  <testcase classname="com.trgr.quality.maf.tests.ToolsTest" name="ObligationsOfForeignTrade" time="0.0">
    <ignored/>
  </testcase> <!-- ObligationsOfForeignTrade -->
  <testcase classname="com.trgr.quality.maf.tests.ToolsTest" name="recommendWithInputInLabourNode" time="0.0">
    <ignored/>
  </testcase> <!-- recommendWithInputInLabourNode -->
  <testcase classname="com.trgr.quality.maf.tests.ToolsTest" name="linkNotClickableInFiscalNode" time="0.0">
    <ignored/>
  </testcase> <!-- linkNotClickableInFiscalNode -->
  <testcase classname="com.trgr.quality.maf.tests.ToolsTest" name="recommendWithNoInputInFiscalNode" time="0.0">
    <ignored/>
  </testcase> <!-- recommendWithNoInputInFiscalNode -->
  <testcase classname="com.trgr.quality.maf.tests.ToolsTest" name="recommendWithInputInFiscalNode" time="0.0">
    <ignored/>
  </testcase> <!-- recommendWithInputInFiscalNode -->
  <testcase classname="com.trgr.quality.maf.tests.ToolsTest" name="recommendWithNoInputInLabourNode" time="0.0">
    <ignored/>
  </testcase> <!-- recommendWithNoInputInLabourNode -->
</testsuite> <!-- ToolsTest -->
