<?xml version="1.0" encoding="UTF-8"?>
<!-- Generated by org.testng.reporters.JUnitXMLReporter -->
<testsuite ignored="9" hostname="TR-JDGMXY2" failures="0" tests="3" name="DoctrineSearchTest" time="219.555" errors="0" timestamp="2020-12-17T18:03:18 ART">
  <testcase classname="com.trgr.quality.maf.tests.DoctrineSearchTest" name="searchDoctrineAndVerifySearchwithin" time="26.092"/>
  <testcase classname="com.trgr.quality.maf.tests.DoctrineSearchTest" name="searchDoctrineUsingAuthorandTitle" time="88.009"/>
  <testcase classname="com.trgr.quality.maf.tests.DoctrineSearchTest" name="searchDoctrineusingThematicAuthorTitleandFreeword" time="39.307"/>
  <testcase classname="com.trgr.quality.maf.tests.DoctrineSearchTest" name="removeResultsFacet" time="0.0">
    <ignored/>
  </testcase> <!-- removeResultsFacet -->
  <testcase classname="com.trgr.quality.maf.tests.DoctrineSearchTest" name="filterByYearAndReturnToResultListWithSearchOnDoctrine" time="0.0">
    <ignored/>
  </testcase> <!-- filterByYearAndReturnToResultListWithSearchOnDoctrine -->
  <testcase classname="com.trgr.quality.maf.tests.DoctrineSearchTest" name="collapseResultsToLevelOneWithSearchOnDoctrine" time="0.0">
    <ignored/>
  </testcase> <!-- collapseResultsToLevelOneWithSearchOnDoctrine -->
  <testcase classname="com.trgr.quality.maf.tests.DoctrineSearchTest" name="itemizedListForMaquilaOperationOnDoctrineDoc" time="0.0">
    <ignored/>
  </testcase> <!-- itemizedListForMaquilaOperationOnDoctrineDoc -->
  <testcase classname="com.trgr.quality.maf.tests.DoctrineSearchTest" name="searchDoctrineUsingMonthYear" time="0.0">
    <ignored/>
  </testcase> <!-- searchDoctrineUsingMonthYear -->
  <testcase classname="com.trgr.quality.maf.tests.DoctrineSearchTest" name="searchDoctrineUsingAuthorAndFreeword" time="0.0">
    <ignored/>
  </testcase> <!-- searchDoctrineUsingAuthorAndFreeword -->
  <testcase classname="com.trgr.quality.maf.tests.DoctrineSearchTest" name="filterSearchResultsforAdvSearchDoctrine" time="0.0">
    <ignored/>
  </testcase> <!-- filterSearchResultsforAdvSearchDoctrine -->
  <testcase classname="com.trgr.quality.maf.tests.DoctrineSearchTest" name="searchDoctrineUsingFilterbyYear" time="0.0">
    <ignored/>
  </testcase> <!-- searchDoctrineUsingFilterbyYear -->
  <testcase classname="com.trgr.quality.maf.tests.DoctrineSearchTest" name="searchDoctrineusingAuthor" time="0.0">
    <ignored/>
  </testcase> <!-- searchDoctrineusingAuthor -->
</testsuite> <!-- DoctrineSearchTest -->
