<?xml version="1.0" encoding="UTF-8"?>
<!-- Generated by org.testng.reporters.JUnitXMLReporter -->
<testsuite ignored="2" hostname="TR-JDGMXY2" failures="1" tests="1" name="HelpTest" time="79.449" errors="0" timestamp="2020-12-17T18:20:24 ART">
  <testcase classname="com.trgr.quality.maf.tests.HelpTest" name="HelpLinkPresenceforAll" time="13.49">
    <failure type="java.lang.AssertionError" message="The following asserts failed:
	MAFQABANG-616:Help - Show Help :validated help page expected [true] but found [false]">
      <![CDATA[java.lang.AssertionError: The following asserts failed:
MAFQABANG-616:Help - Show Help :validated help page expected [true] but found [false]
at com.trgr.quality.maf.tests.HelpTest.HelpLinkPresenceforAll(HelpTest.java:158)
at java.base/java.util.ArrayList.forEach(ArrayList.java:1511)
... Removed 29 stack frames]]>
    </failure>
  </testcase> <!-- HelpLinkPresenceforAll -->
  <testcase classname="com.trgr.quality.maf.tests.HelpTest" name="RedirectedHelpLinkValidation" time="0.0">
    <ignored/>
  </testcase> <!-- RedirectedHelpLinkValidation -->
  <testcase classname="com.trgr.quality.maf.tests.HelpTest" name="HelpLinkPresence" time="0.0">
    <ignored/>
  </testcase> <!-- HelpLinkPresence -->
</testsuite> <!-- HelpTest -->
