<?xml version="1.0" encoding="UTF-8"?>
<!-- Generated by org.testng.reporters.JUnitXMLReporter -->
<testsuite ignored="5" hostname="TR-JDGMXY2" failures="1" tests="4" name="MyDocumentTest" time="230.846" errors="0" timestamp="2020-12-17T18:37:57 ART">
  <testcase classname="com.trgr.quality.maf.tests.MyDocumentTest" name="MyDocumentBasicFolders" time="61.738">
    <failure type="java.lang.AssertionError" message="The following asserts failed:
	Exception in Test expected [true] but found [false]">
      <![CDATA[java.lang.AssertionError: The following asserts failed:
Exception in Test expected [true] but found [false]
at com.trgr.quality.maf.tests.MyDocumentTest.MyDocumentBasicFolders(MyDocumentTest.java:104)
at java.base/java.util.ArrayList.forEach(ArrayList.java:1511)
... Removed 29 stack frames]]>
    </failure>
  </testcase> <!-- MyDocumentBasicFolders -->
  <testcase classname="com.trgr.quality.maf.tests.MyDocumentTest" name="CreateNewFolderInMydocument" time="32.763"/>
  <testcase classname="com.trgr.quality.maf.tests.MyDocumentTest" name="RenameAndDeleteMyDocumentFolder" time="43.518"/>
  <testcase classname="com.trgr.quality.maf.tests.MyDocumentTest" name="ExpandAndCollapseFolders" time="26.958"/>
  <testcase classname="com.trgr.quality.maf.tests.MyDocumentTest" name="CreateNewFolder" time="0.0">
    <ignored/>
  </testcase> <!-- CreateNewFolder -->
  <testcase classname="com.trgr.quality.maf.tests.MyDocumentTest" name="createNewFolder" time="0.0">
    <ignored/>
  </testcase> <!-- createNewFolder -->
  <testcase classname="com.trgr.quality.maf.tests.MyDocumentTest" name="displayOfMyDocumentsFolders" time="0.0">
    <ignored/>
  </testcase> <!-- displayOfMyDocumentsFolders -->
  <testcase classname="com.trgr.quality.maf.tests.MyDocumentTest" name="renameAndDeleteNewFolder" time="0.0">
    <ignored/>
  </testcase> <!-- renameAndDeleteNewFolder -->
  <testcase classname="com.trgr.quality.maf.tests.MyDocumentTest" name="expandAndCollapseFolder" time="0.0">
    <ignored/>
  </testcase> <!-- expandAndCollapseFolder -->
</testsuite> <!-- MyDocumentTest -->
