<?xml version="1.0" encoding="UTF-8"?>
<!-- Generated by org.testng.reporters.JUnitXMLReporter -->
<testsuite ignored="5" hostname="TR-JDGMXY2" failures="0" tests="6" name="NewsTest" time="92.077" errors="0" timestamp="2020-12-17T18:39:29 ART">
  <testcase classname="com.trgr.quality.maf.tests.NewsTest" name="SearchNewswithInvalidDateFormat" time="17.713"/>
  <testcase classname="com.trgr.quality.maf.tests.NewsTest" name="NewsResultsWithValidInput" time="10.605"/>
  <testcase classname="com.trgr.quality.maf.tests.NewsTest" name="ClearButtonInNewsSearch" time="2.687"/>
  <testcase classname="com.trgr.quality.maf.tests.NewsTest" name="searchNewsforNoResults" time="19.4"/>
  <testcase classname="com.trgr.quality.maf.tests.NewsTest" name="NewsPageValidation" time="0.345"/>
  <testcase classname="com.trgr.quality.maf.tests.NewsTest" name="SearchNewswithBlankInput" time="15.333"/>
  <testcase classname="com.trgr.quality.maf.tests.NewsTest" name="ValidateViewNewsIFRSLink" time="0.0">
    <ignored/>
  </testcase> <!-- ValidateViewNewsIFRSLink -->
  <testcase classname="com.trgr.quality.maf.tests.NewsTest" name="SearchForNewsWithSinceDate" time="0.0">
    <ignored/>
  </testcase> <!-- SearchForNewsWithSinceDate -->
  <testcase classname="com.trgr.quality.maf.tests.NewsTest" name="NewsPageDisplayValidation" time="0.0">
    <ignored/>
  </testcase> <!-- NewsPageDisplayValidation -->
  <testcase classname="com.trgr.quality.maf.tests.NewsTest" name="NewsSearch" time="0.0">
    <ignored/>
  </testcase> <!-- NewsSearch -->
  <testcase classname="com.trgr.quality.maf.tests.NewsTest" name="checkdatepicker" time="0.0">
    <ignored/>
  </testcase> <!-- checkdatepicker -->
</testsuite> <!-- NewsTest -->
