<?xml version="1.0" encoding="UTF-8"?>
<!-- Generated by org.testng.reporters.JUnitXMLReporter -->
<testsuite ignored="1" hostname="TR-JDGMXY2" failures="0" tests="2" name="SignoffTest" time="105.978" errors="0" timestamp="2020-12-17T18:41:16 ART">
  <testcase classname="com.trgr.quality.maf.tests.SignoffTest" name="Signoff" time="3.726"/>
  <testcase classname="com.trgr.quality.maf.tests.SignoffTest" name="NavigationfromSignofftologinPage" time="37.168"/>
  <testcase classname="com.trgr.quality.maf.tests.SignoffTest" name="displayOfSignOffSummary" time="0.0">
    <ignored/>
  </testcase> <!-- displayOfSignOffSummary -->
</testsuite> <!-- SignoffTest -->
