<?xml version="1.0" encoding="UTF-8"?>
<!-- Generated by org.testng.reporters.JUnitXMLReporter -->
<testsuite hostname="TR-JDGMXY2" failures="0" tests="12" name="AlertTest" time="0.077" errors="0" timestamp="6 Nov 2020 09:02:57 GMT">
  <testcase classname="com.trgr.quality.maf.tests.AlertTest" name="@BeforeClass startAlertTest" time="0.0">
    <failure type="java.lang.AssertionError" message="expected [true] but found [false]">
      <![CDATA[java.lang.AssertionError: expected [true] but found [false]
	at com.trgr.quality.maf.tests.AlertTest.startAlertTest(AlertTest.java:81)
... Removed 28 stack frames]]>
    </failure>
  </testcase> <!-- @BeforeClass startAlertTest -->
  <testcase classname="com.trgr.quality.maf.tests.AlertTest" name="cancelBtnOnAlertCreatePage" time="0.001">
    <skipped/>
  </testcase> <!-- cancelBtnOnAlertCreatePage -->
  <testcase classname="com.trgr.quality.maf.tests.AlertTest" name="predesignAlertsOnAlertCreatePage" time="0.0">
    <skipped/>
  </testcase> <!-- predesignAlertsOnAlertCreatePage -->
  <testcase classname="com.trgr.quality.maf.tests.AlertTest" name="createAnAlert" time="0.004">
    <skipped/>
  </testcase> <!-- createAnAlert -->
  <testcase classname="com.trgr.quality.maf.tests.AlertTest" name="suspendAnExistingAlert" time="0.001">
    <skipped/>
  </testcase> <!-- suspendAnExistingAlert -->
  <testcase classname="com.trgr.quality.maf.tests.AlertTest" name="emptyFieldsValidation" time="0.001">
    <skipped/>
  </testcase> <!-- emptyFieldsValidation -->
  <testcase classname="com.trgr.quality.maf.tests.AlertTest" name="createAlertFromSearchResultsOnLegislation" time="0.001">
    <skipped/>
  </testcase> <!-- createAlertFromSearchResultsOnLegislation -->
  <testcase classname="com.trgr.quality.maf.tests.AlertTest" name="createAlertFromSearchResultsOnJurisprudence" time="0.001">
    <skipped/>
  </testcase> <!-- createAlertFromSearchResultsOnJurisprudence -->
  <testcase classname="com.trgr.quality.maf.tests.AlertTest" name="CreateAlertFromSearchResultsFromDoctrine" time="0.0">
    <skipped/>
  </testcase> <!-- CreateAlertFromSearchResultsFromDoctrine -->
  <testcase classname="com.trgr.quality.maf.tests.AlertTest" name="CreateAlertForSearchfreeword_globalnotapplicable" time="0.002">
    <skipped/>
  </testcase> <!-- CreateAlertForSearchfreeword_globalnotapplicable -->
  <testcase classname="com.trgr.quality.maf.tests.AlertTest" name="modifyAnExistingAlert" time="0.0">
    <skipped/>
  </testcase> <!-- modifyAnExistingAlert -->
  <testcase classname="com.trgr.quality.maf.tests.AlertTest" name="reactivateAnExistingAlert" time="0.0">
    <skipped/>
  </testcase> <!-- reactivateAnExistingAlert -->
  <testcase classname="com.trgr.quality.maf.tests.AlertTest" name="deleteExistingAlert" time="0.0">
    <skipped/>
  </testcase> <!-- deleteExistingAlert -->
</testsuite> <!-- AlertTest -->
