<?xml version="1.0" encoding="UTF-8"?>
<!-- Generated by org.testng.reporters.JUnitXMLReporter -->
<testsuite hostname="TR-JDGMXY2" failures="3" tests="15" name="ContentTreeTest" time="2588.119" errors="0" timestamp="30 Oct 2020 09:49:42 GMT">
  <testcase classname="com.trgr.quality.maf.tests.ContentTreeTest" name="ContentTreeDisplay" time="37.128"/>
  <testcase classname="com.trgr.quality.maf.tests.ContentTreeTest" name="showSecondLevelContentTree" time="46.833"/>
  <testcase classname="com.trgr.quality.maf.tests.ContentTreeTest" name="showSecondLevelContentTreeInMex" time="71.829"/>
  <testcase classname="com.trgr.quality.maf.tests.ContentTreeTest" name="showListOfDocumentFrmContentTree" time="98.297"/>
  <testcase classname="com.trgr.quality.maf.tests.ContentTreeTest" name="showListOfDocumentFrmContentTreeInMex" time="101.011"/>
  <testcase classname="com.trgr.quality.maf.tests.ContentTreeTest" name="ContentTreeValidations" time="199.289"/>
  <testcase classname="com.trgr.quality.maf.tests.ContentTreeTest" name="ResultListTocectoryShow" time="232.664"/>
  <testcase classname="com.trgr.quality.maf.tests.ContentTreeTest" name="LegislationContentTreeNavigation" time="137.468"/>
  <testcase classname="com.trgr.quality.maf.tests.ContentTreeTest" name="resultListTreeForThematicSearchCheckVoces" time="207.407">
    <failure type="java.lang.AssertionError" message="The following asserts failed:
	Thematic Search - Resultlist Tree -  and Voces expected [true] but found [false]">
      <![CDATA[java.lang.AssertionError: The following asserts failed:
	Thematic Search - Resultlist Tree -  and Voces expected [true] but found [false]
	at com.trgr.quality.maf.tests.ContentTreeTest.resultListTreeForThematicSearchCheckVoces(ContentTreeTest.java:635)
... Removed 25 stack frames]]>
    </failure>
  </testcase> <!-- resultListTreeForThematicSearchCheckVoces -->
  <testcase classname="com.trgr.quality.maf.tests.ContentTreeTest" name="JurisprudenceContentTreeNavigation" time="49.221">
    <failure type="java.lang.AssertionError" message="The following asserts failed:
	MAFAUTO-110 : Content tree navigation &amp;amp; Collapse Level 1 link validated: Jurisprudencia SCJN-TFJA expected [true] but found [false]">
      <![CDATA[java.lang.AssertionError: The following asserts failed:
	MAFAUTO-110 : Content tree navigation & Collapse Level 1 link validated: Jurisprudencia SCJN-TFJA expected [true] but found [false]
	at com.trgr.quality.maf.tests.ContentTreeTest.JurisprudenceContentTreeNavigation(ContentTreeTest.java:706)
... Removed 25 stack frames]]>
    </failure>
  </testcase> <!-- JurisprudenceContentTreeNavigation -->
  <testcase classname="com.trgr.quality.maf.tests.ContentTreeTest" name="ValidatingContentTreeAndFinalValidatyDate" time="261.936"/>
  <testcase classname="com.trgr.quality.maf.tests.ContentTreeTest" name="validatingContentTreeAndIssuingBody" time="262.418"/>
  <testcase classname="com.trgr.quality.maf.tests.ContentTreeTest" name="LegislationTreeAndDocumentDisplay" time="331.717"/>
  <testcase classname="com.trgr.quality.maf.tests.ContentTreeTest" name="ValidatingDocumentContentfromContentTree" time="267.062"/>
  <testcase classname="com.trgr.quality.maf.tests.ContentTreeTest" name="automaticChunk" time="257.678">
    <failure type="java.lang.AssertionError" message="The following asserts failed:
	MAFAUTO-202Document content is loaded upon scrolling expected [true] but found [false]">
      <![CDATA[java.lang.AssertionError: The following asserts failed:
	MAFAUTO-202Document content is loaded upon scrolling expected [true] but found [false]
	at com.trgr.quality.maf.tests.ContentTreeTest.automaticChunk(ContentTreeTest.java:1060)
... Removed 25 stack frames]]>
    </failure>
  </testcase> <!-- automaticChunk -->
</testsuite> <!-- ContentTreeTest -->
