<?xml version="1.0" encoding="UTF-8"?>
<!-- Generated by org.testng.reporters.JUnitXMLReporter -->
<testsuite hostname="TR-JDGMXY2" failures="0" tests="5" name="HistoryTest" time="232.038" errors="0" timestamp="30 Oct 2020 07:05:57 GMT">
  <testcase classname="com.trgr.quality.maf.tests.HistoryTest" name="ViewallEventsList" time="9.922"/>
  <testcase classname="com.trgr.quality.maf.tests.HistoryTest" name="DeleteSingleHistory" time="37.578"/>
  <testcase classname="com.trgr.quality.maf.tests.HistoryTest" name="deleteAllHistoryToHaveOnlyCurrentHistory" time="23.57"/>
  <testcase classname="com.trgr.quality.maf.tests.HistoryTest" name="RenameActualHistory" time="53.854"/>
  <testcase classname="com.trgr.quality.maf.tests.HistoryTest" name="ResetHistory" time="19.865"/>
</testsuite> <!-- HistoryTest -->
