<?xml version="1.0" encoding="UTF-8"?>
<!-- Generated by org.testng.reporters.JUnitXMLReporter -->
<testsuite hostname="TR-JDGMXY2" failures="2" tests="4" name="MyDocumentTest" time="173.997" errors="0" timestamp="30 Oct 2020 06:53:46 GMT">
  <testcase classname="com.trgr.quality.maf.tests.MyDocumentTest" name="displayOfMyDocumentsFolders" time="8.052"/>
  <testcase classname="com.trgr.quality.maf.tests.MyDocumentTest" name="createNewFolder" time="65.42">
    <failure type="java.lang.AssertionError" message="The following asserts failed:
	MAFAUTO-142:MY Documents_Verify create folderFolder is created expected [true] but found [false]">
      <![CDATA[java.lang.AssertionError: The following asserts failed:
	MAFAUTO-142:MY Documents_Verify create folderFolder is created expected [true] but found [false]
	at com.trgr.quality.maf.tests.MyDocumentTest.createNewFolder(MyDocumentTest.java:308)
... Removed 25 stack frames]]>
    </failure>
  </testcase> <!-- createNewFolder -->
  <testcase classname="com.trgr.quality.maf.tests.MyDocumentTest" name="renameAndDeleteNewFolder" time="65.176">
    <failure type="java.lang.AssertionError" message="The following asserts failed:
	MAFQABANG-117Folder is created expected [true] but found [false]">
      <![CDATA[java.lang.AssertionError: The following asserts failed:
	MAFQABANG-117Folder is created expected [true] but found [false]
	at com.trgr.quality.maf.tests.MyDocumentTest.renameAndDeleteNewFolder(MyDocumentTest.java:366)
... Removed 25 stack frames]]>
    </failure>
  </testcase> <!-- renameAndDeleteNewFolder -->
  <testcase classname="com.trgr.quality.maf.tests.MyDocumentTest" name="expandAndCollapseFolder" time="9.195"/>
</testsuite> <!-- MyDocumentTest -->
