<?xml version="1.0" encoding="UTF-8"?>
<!-- Generated by org.testng.reporters.JUnitXMLReporter -->
<testsuite hostname="TR-JDGMXY2" failures="0" tests="2" name="SearchUsingHomePageTest" time="141.518" errors="0" timestamp="30 Oct 2020 09:06:34 GMT">
  <testcase classname="com.trgr.quality.maf.tests.SearchUsingHomePageTest" name="searchUsingFreewordOnHomepage" time="74.434"/>
  <testcase classname="com.trgr.quality.maf.tests.SearchUsingHomePageTest" name="thematicSearchOnHomepage" time="39.233"/>
</testsuite> <!-- SearchUsingHomePageTest -->
