<?xml version="1.0" encoding="UTF-8"?>
<!-- Generated by org.testng.reporters.JUnitXMLReporter -->
<testsuite hostname="TR-JDGMXY2" failures="1" tests="1" name="ModifyBrowserParameterAllSuites" time="6.611" errors="0" timestamp="24 Nov 2020 20:00:44 GMT">
  <testcase classname="com.trgr.quality.maf.tests.XMLParamModifierTest" name="XMLParamModifierTest" time="6.598">
    <failure type="org.xml.sax.SAXParseException" message="The markup declarations contained or pointed to by the document type declaration must be well-formed.">
      <![CDATA[org.xml.sax.SAXParseException; systemId: http://testng.org/testng-1.0.dtd; lineNumber: 1; columnNumber: 2; The markup declarations contained or pointed to by the document type declaration must be well-formed.
	at org.apache.xerces.parsers.DOMParser.parse(Unknown Source)
	at org.apache.xerces.jaxp.DocumentBuilderImpl.parse(Unknown Source)
	at java.xml/javax.xml.parsers.DocumentBuilder.parse(DocumentBuilder.java:178)
	at com.trgr.quality.maf.commonutils.XMLAttributeModifier.CheckXMLAttributeAndModifyQCSuites(XMLAttributeModifier.java:65)
	at com.trgr.quality.maf.tests.XMLParamModifierTest.XMLParamModifierTest(XMLParamModifierTest.java:19)
... Removed 24 stack frames]]>
    </failure>
  </testcase> <!-- XMLParamModifierTest -->
</testsuite> <!-- ModifyBrowserParameterAllSuites -->
